#
# There is insufficient memory for the Java Runtime Environment to continue.
# Native memory allocation (malloc) failed to allocate 32744 bytes for ChunkPool::allocate
# Possible reasons:
#   The system is out of physical RAM or swap space
#   In 32 bit mode, the process size limit was hit
# Possible solutions:
#   Reduce memory load on the system
#   Increase physical memory or swap space
#   Check if swap backing store is full
#   Use 64 bit Java on a 64 bit OS
#   Decrease Java heap size (-Xmx/-Xms)
#   Decrease number of Java threads
#   Decrease Java thread stack sizes (-Xss)
#   Set larger code cache with -XX:ReservedCodeCacheSize=
# This output file may be truncated or incomplete.
#
#  Out of Memory Error (allocation.cpp:273), pid=7276, tid=0x0000000000001b8c
#
# JRE version: OpenJDK Runtime Environment (8.0_152-b01) (build 1.8.0_152-release-915-b01)
# Java VM: OpenJDK 64-Bit Server VM (25.152-b01 mixed mode windows-amd64 compressed oops)
# Failed to write core dump. Minidumps are not enabled by default on client versions of Windows
#

---------------  T H R E A D  ---------------

Current thread (0x0000000017a1f000):  JavaThread "C2 CompilerThread1" daemon [_thread_in_native, id=7052, stack(0x0000000017dd0000,0x0000000017ed0000)]

Stack: [0x0000000017dd0000,0x0000000017ed0000]
[error occurred during error reporting (printing stack bounds), id 0xc0000005]

Native frames: (J=compiled Java code, j=interpreted, Vv=VM code, C=native code)


Current CompileTask:
C2:3547116 11889       4       org.gradle.internal.service.DefaultServiceRegistry$OwnServices::addServiceType (69 bytes)


---------------  P R O C E S S  ---------------

Java Threads: ( => current thread )
  0x0000000019422000 JavaThread "Cache worker for file hash cache (H:\Othlo\.gradle\4.1\fileHashes)" [_thread_in_vm, id=8320, stack(0x0000000027a50000,0x0000000027b50000)]
  0x0000000019421000 JavaThread "Stdin handler" [_thread_blocked, id=10228, stack(0x0000000027950000,0x0000000027a50000)]
  0x000000001941a000 JavaThread "Asynchronous log dispatcher for DefaultDaemonConnection: socket connection from /127.0.0.1:49942 to /127.0.0.1:51424" [_thread_blocked, id=7528, stack(0x0000000027850000,0x0000000027950000)]
  0x0000000019420800 JavaThread "Daemon worker Thread 3" [_thread_in_native, id=2188, stack(0x0000000027750000,0x0000000027850000)]
  0x000000001941d000 JavaThread "Cancel handler" [_thread_blocked, id=2776, stack(0x0000000027650000,0x0000000027750000)]
  0x000000001941e000 JavaThread "Handler for socket connection from /127.0.0.1:49942 to /127.0.0.1:51424" [_thread_in_native, id=6668, stack(0x0000000027550000,0x0000000027650000)]
  0x000000001941e800 JavaThread "Daemon Thread 3" [_thread_blocked, id=6876, stack(0x0000000027450000,0x0000000027550000)]
  0x000000001e9f1000 JavaThread "Memory manager" [_thread_blocked, id=8476, stack(0x0000000020950000,0x0000000020a50000)]
  0x000000001939b800 JavaThread "File lock request listener" [_thread_in_native, id=8708, stack(0x000000001bc40000,0x000000001bd40000)]
  0x000000001966e800 JavaThread "Cache worker for file hash cache (C:\Users\takato\.gradle\caches\4.1\fileHashes)" [_thread_blocked, id=8724, stack(0x000000001bb40000,0x000000001bc40000)]
  0x000000001980f000 JavaThread "Daemon periodic checks" [_thread_blocked, id=8700, stack(0x000000001b040000,0x000000001b140000)]
  0x0000000018b5e000 JavaThread "Incoming local TCP Connector on port 49942" [_thread_in_native, id=8680, stack(0x00000000199a0000,0x0000000019aa0000)]
  0x0000000017a27000 JavaThread "Service Thread" daemon [_thread_blocked, id=6828, stack(0x0000000017fd0000,0x00000000180d0000)]
  0x0000000017a21800 JavaThread "C1 CompilerThread2" daemon [_thread_blocked, id=7028, stack(0x0000000017ed0000,0x0000000017fd0000)]
=>0x0000000017a1f000 JavaThread "C2 CompilerThread1" daemon [_thread_in_native, id=7052, stack(0x0000000017dd0000,0x0000000017ed0000)]
  0x0000000016341000 JavaThread "C2 CompilerThread0" daemon [_thread_in_native, id=8868, stack(0x00000000178d0000,0x00000000179d0000)]
  0x00000000162fc000 JavaThread "Attach Listener" daemon [_thread_blocked, id=6188, stack(0x00000000177d0000,0x00000000178d0000)]
  0x00000000162e6800 JavaThread "Signal Dispatcher" daemon [_thread_blocked, id=6296, stack(0x00000000176d0000,0x00000000177d0000)]
  0x00000000162d7000 JavaThread "Finalizer" daemon [_thread_blocked, id=8888, stack(0x0000000017540000,0x0000000017640000)]
  0x0000000002971000 JavaThread "Reference Handler" daemon [_thread_blocked, id=2524, stack(0x0000000017440000,0x0000000017540000)]
  0x000000000232d800 JavaThread "main" [_thread_blocked, id=8856, stack(0x0000000002780000,0x0000000002880000)]

Other Threads:
  0x00000000162b6000 VMThread [stack: 0x0000000017340000,0x0000000017440000] [id=1116]
  0x0000000017a28800 WatcherThread [stack: 0x00000000180d0000,0x00000000181d0000] [id=8340]

VM state:not at safepoint (normal execution)

VM Mutex/Monitor currently owned by a thread: None

Heap:
 PSYoungGen      total 209920K, used 172852K [0x00000000e0000000, 0x00000000f0080000, 0x0000000100000000)
  eden space 183296K, 88% used [0x00000000e0000000,0x00000000e9d99f28,0x00000000eb300000)
  from space 26624K, 43% used [0x00000000eb300000,0x00000000ebe33238,0x00000000ecd00000)
  to   space 25088K, 0% used [0x00000000ee800000,0x00000000ee800000,0x00000000f0080000)
 ParOldGen       total 107008K, used 47649K [0x00000000a0000000, 0x00000000a6880000, 0x00000000e0000000)
  object space 107008K, 44% used [0x00000000a0000000,0x00000000a2e88638,0x00000000a6880000)
 Metaspace       used 70748K, capacity 74368K, committed 74584K, reserved 1114112K
  class space    used 9415K, capacity 10261K, committed 10368K, reserved 1048576K

Card table byte_map: [0x0000000011d40000,0x0000000012050000] byte_map_base: 0x0000000011840000

Marking Bits: (ParMarkBitMap*) 0x0000000051fd3950
 Begin Bits: [0x0000000012650000, 0x0000000013e50000)
 End Bits:   [0x0000000013e50000, 0x0000000015650000)

Polling page: 0x0000000002290000

CodeCache: size=245760Kb used=32464Kb max_used=32827Kb free=213295Kb
 bounds [0x0000000002980000, 0x00000000049c0000, 0x0000000011980000]
 total_blobs=10691 nmethods=9877 adapters=726
 compilation: enabled

Compilation events (10 events):
Event: 3545.629 Thread 0x0000000017a21800 nmethod 11884 0x0000000002d28090 code [0x0000000002d28200, 0x0000000002d28368]
Event: 3545.632 Thread 0x0000000017a21800 11885       3       org.objectweb.asm.MethodVisitor::visitLdcInsn (16 bytes)
Event: 3545.632 Thread 0x0000000017a21800 nmethod 11885 0x0000000002c83d50 code [0x0000000002c83ec0, 0x0000000002c84128]
Event: 3545.958 Thread 0x0000000016341000 11886       4       org.gradle.internal.metaobject.DynamicInvokeResult::isFound (16 bytes)
Event: 3545.959 Thread 0x0000000016341000 nmethod 11886 0x0000000004225e10 code [0x0000000004225f40, 0x0000000004225fb8]
Event: 3545.960 Thread 0x0000000017a21800 11887       3       java.nio.CharBuffer::allocate (22 bytes)
Event: 3545.961 Thread 0x0000000017a21800 nmethod 11887 0x0000000002f8e650 code [0x0000000002f8e7e0, 0x0000000002f8ec38]
Event: 3545.964 Thread 0x0000000017a21800 11888       3       java.nio.HeapCharBuffer::<init> (13 bytes)
Event: 3545.964 Thread 0x0000000017a21800 nmethod 11888 0x000000000349b510 code [0x000000000349b680, 0x000000000349b948]
Event: 3545.966 Thread 0x0000000017a1f000 11889       4       org.gradle.internal.service.DefaultServiceRegistry$OwnServices::addServiceType (69 bytes)

GC Heap History (10 events):
Event: 18.523 GC heap before
{Heap before GC invocations=14 (full 2):
 PSYoungGen      total 131072K, used 131057K [0x00000000e0000000, 0x00000000eb080000, 0x0000000100000000)
  eden space 117760K, 100% used [0x00000000e0000000,0x00000000e7300000,0x00000000e7300000)
  from space 13312K, 99% used [0x00000000e7300000,0x00000000e7ffc630,0x00000000e8000000)
  to   space 15872K, 0% used [0x00000000ea100000,0x00000000ea100000,0x00000000eb080000)
 ParOldGen       total 58880K, used 18157K [0x00000000a0000000, 0x00000000a3980000, 0x00000000e0000000)
  object space 58880K, 30% used [0x00000000a0000000,0x00000000a11bb5d0,0x00000000a3980000)
 Metaspace       used 55500K, capacity 57618K, committed 57816K, reserved 1099776K
  class space    used 7567K, capacity 8132K, committed 8192K, reserved 1048576K
Event: 18.574 GC heap after
Heap after GC invocations=14 (full 2):
 PSYoungGen      total 159744K, used 15840K [0x00000000e0000000, 0x00000000ebf00000, 0x0000000100000000)
  eden space 143872K, 0% used [0x00000000e0000000,0x00000000e0000000,0x00000000e8c80000)
  from space 15872K, 99% used [0x00000000ea100000,0x00000000eb0781f8,0x00000000eb080000)
  to   space 20992K, 0% used [0x00000000e8c80000,0x00000000e8c80000,0x00000000ea100000)
 ParOldGen       total 58880K, used 26250K [0x00000000a0000000, 0x00000000a3980000, 0x00000000e0000000)
  object space 58880K, 44% used [0x00000000a0000000,0x00000000a19a2858,0x00000000a3980000)
 Metaspace       used 55500K, capacity 57618K, committed 57816K, reserved 1099776K
  class space    used 7567K, capacity 8132K, committed 8192K, reserved 1048576K
}
Event: 20.773 GC heap before
{Heap before GC invocations=15 (full 2):
 PSYoungGen      total 159744K, used 133414K [0x00000000e0000000, 0x00000000ebf00000, 0x0000000100000000)
  eden space 143872K, 81% used [0x00000000e0000000,0x00000000e72d1840,0x00000000e8c80000)
  from space 15872K, 99% used [0x00000000ea100000,0x00000000eb0781f8,0x00000000eb080000)
  to   space 20992K, 0% used [0x00000000e8c80000,0x00000000e8c80000,0x00000000ea100000)
 ParOldGen       total 58880K, used 26250K [0x00000000a0000000, 0x00000000a3980000, 0x00000000e0000000)
  object space 58880K, 44% used [0x00000000a0000000,0x00000000a19a2858,0x00000000a3980000)
 Metaspace       used 56852K, capacity 58936K, committed 58968K, reserved 1099776K
  class space    used 7759K, capacity 8306K, committed 8320K, reserved 1048576K
Event: 20.867 GC heap after
Heap after GC invocations=15 (full 2):
 PSYoungGen      total 164864K, used 20960K [0x00000000e0000000, 0x00000000ef480000, 0x0000000100000000)
  eden space 143872K, 0% used [0x00000000e0000000,0x00000000e0000000,0x00000000e8c80000)
  from space 20992K, 99% used [0x00000000e8c80000,0x00000000ea0f81f8,0x00000000ea100000)
  to   space 27136K, 0% used [0x00000000eda00000,0x00000000eda00000,0x00000000ef480000)
 ParOldGen       total 58880K, used 33996K [0x00000000a0000000, 0x00000000a3980000, 0x00000000e0000000)
  object space 58880K, 57% used [0x00000000a0000000,0x00000000a2133200,0x00000000a3980000)
 Metaspace       used 56852K, capacity 58936K, committed 58968K, reserved 1099776K
  class space    used 7759K, capacity 8306K, committed 8320K, reserved 1048576K
}
Event: 20.867 GC heap before
{Heap before GC invocations=16 (full 3):
 PSYoungGen      total 164864K, used 20960K [0x00000000e0000000, 0x00000000ef480000, 0x0000000100000000)
  eden space 143872K, 0% used [0x00000000e0000000,0x00000000e0000000,0x00000000e8c80000)
  from space 20992K, 99% used [0x00000000e8c80000,0x00000000ea0f81f8,0x00000000ea100000)
  to   space 27136K, 0% used [0x00000000eda00000,0x00000000eda00000,0x00000000ef480000)
 ParOldGen       total 58880K, used 33996K [0x00000000a0000000, 0x00000000a3980000, 0x00000000e0000000)
  object space 58880K, 57% used [0x00000000a0000000,0x00000000a2133200,0x00000000a3980000)
 Metaspace       used 56852K, capacity 58936K, committed 58968K, reserved 1099776K
  class space    used 7759K, capacity 8306K, committed 8320K, reserved 1048576K
Event: 21.321 GC heap after
Heap after GC invocations=16 (full 3):
 PSYoungGen      total 164864K, used 0K [0x00000000e0000000, 0x00000000ef480000, 0x0000000100000000)
  eden space 143872K, 0% used [0x00000000e0000000,0x00000000e0000000,0x00000000e8c80000)
  from space 20992K, 0% used [0x00000000e8c80000,0x00000000e8c80000,0x00000000ea100000)
  to   space 27136K, 0% used [0x00000000eda00000,0x00000000eda00000,0x00000000ef480000)
 ParOldGen       total 107008K, used 47633K [0x00000000a0000000, 0x00000000a6880000, 0x00000000e0000000)
  object space 107008K, 44% used [0x00000000a0000000,0x00000000a2e84638,0x00000000a6880000)
 Metaspace       used 56852K, capacity 58936K, committed 58968K, reserved 1099776K
  class space    used 7759K, capacity 8306K, committed 8320K, reserved 1048576K
}
Event: 33.245 GC heap before
{Heap before GC invocations=17 (full 3):
 PSYoungGen      total 164864K, used 143872K [0x00000000e0000000, 0x00000000ef480000, 0x0000000100000000)
  eden space 143872K, 100% used [0x00000000e0000000,0x00000000e8c80000,0x00000000e8c80000)
  from space 20992K, 0% used [0x00000000e8c80000,0x00000000e8c80000,0x00000000ea100000)
  to   space 27136K, 0% used [0x00000000eda00000,0x00000000eda00000,0x00000000ef480000)
 ParOldGen       total 107008K, used 47633K [0x00000000a0000000, 0x00000000a6880000, 0x00000000e0000000)
  object space 107008K, 44% used [0x00000000a0000000,0x00000000a2e84638,0x00000000a6880000)
 Metaspace       used 65295K, capacity 68330K, committed 68568K, reserved 1107968K
  class space    used 8738K, capacity 9460K, committed 9472K, reserved 1048576K
Event: 33.274 GC heap after
Heap after GC invocations=17 (full 3):
 PSYoungGen      total 190976K, used 13311K [0x00000000e0000000, 0x00000000ee700000, 0x0000000100000000)
  eden space 177664K, 0% used [0x00000000e0000000,0x00000000e0000000,0x00000000ead80000)
  from space 13312K, 99% used [0x00000000eda00000,0x00000000ee6fff40,0x00000000ee700000)
  to   space 26624K, 0% used [0x00000000eb300000,0x00000000eb300000,0x00000000ecd00000)
 ParOldGen       total 107008K, used 47641K [0x00000000a0000000, 0x00000000a6880000, 0x00000000e0000000)
  object space 107008K, 44% used [0x00000000a0000000,0x00000000a2e86638,0x00000000a6880000)
 Metaspace       used 65295K, capacity 68330K, committed 68568K, reserved 1107968K
  class space    used 8738K, capacity 9460K, committed 9472K, reserved 1048576K
}
Event: 260.230 GC heap before
{Heap before GC invocations=18 (full 3):
 PSYoungGen      total 190976K, used 190975K [0x00000000e0000000, 0x00000000ee700000, 0x0000000100000000)
  eden space 177664K, 100% used [0x00000000e0000000,0x00000000ead80000,0x00000000ead80000)
  from space 13312K, 99% used [0x00000000eda00000,0x00000000ee6fff40,0x00000000ee700000)
  to   space 26624K, 0% used [0x00000000eb300000,0x00000000eb300000,0x00000000ecd00000)
 ParOldGen       total 107008K, used 47641K [0x00000000a0000000, 0x00000000a6880000, 0x00000000e0000000)
  object space 107008K, 44% used [0x00000000a0000000,0x00000000a2e86638,0x00000000a6880000)
 Metaspace       used 68905K, capacity 72304K, committed 72408K, reserved 1112064K
  class space    used 9173K, capacity 9967K, committed 9984K, reserved 1048576K
Event: 260.251 GC heap after
Heap after GC invocations=18 (full 3):
 PSYoungGen      total 209920K, used 11468K [0x00000000e0000000, 0x00000000f0080000, 0x0000000100000000)
  eden space 183296K, 0% used [0x00000000e0000000,0x00000000e0000000,0x00000000eb300000)
  from space 26624K, 43% used [0x00000000eb300000,0x00000000ebe33238,0x00000000ecd00000)
  to   space 25088K, 0% used [0x00000000ee800000,0x00000000ee800000,0x00000000f0080000)
 ParOldGen       total 107008K, used 47649K [0x00000000a0000000, 0x00000000a6880000, 0x00000000e0000000)
  object space 107008K, 44% used [0x00000000a0000000,0x00000000a2e88638,0x00000000a6880000)
 Metaspace       used 68905K, capacity 72304K, committed 72408K, reserved 1112064K
  class space    used 9173K, capacity 9967K, committed 9984K, reserved 1048576K
}

Deoptimization events (10 events):
Event: 263.338 Thread 0x000000001e9f0000 Uncommon trap: reason=array_check action=maybe_recompile pc=0x0000000004781ef8 method=com.google.common.collect.RegularImmutableMap.fromEntryArray(I[Ljava/util/Map$Entry;)Lcom/google/common/collect/RegularImmutableMap; @ 200
Event: 263.491 Thread 0x000000001941d000 Uncommon trap: reason=bimorphic action=maybe_recompile pc=0x00000000046dc460 method=org.gradle.api.specs.NotSpec.isSatisfiedBy(Ljava/lang/Object;)Z @ 5
Event: 263.491 Thread 0x000000001941d000 Uncommon trap: reason=bimorphic action=maybe_recompile pc=0x00000000046dc460 method=org.gradle.api.specs.NotSpec.isSatisfiedBy(Ljava/lang/Object;)Z @ 5
Event: 263.492 Thread 0x000000001941d000 Uncommon trap: reason=bimorphic action=maybe_recompile pc=0x00000000046dc460 method=org.gradle.api.specs.NotSpec.isSatisfiedBy(Ljava/lang/Object;)Z @ 5
Event: 263.492 Thread 0x000000001941d000 Uncommon trap: reason=bimorphic action=maybe_recompile pc=0x00000000046dc460 method=org.gradle.api.specs.NotSpec.isSatisfiedBy(Ljava/lang/Object;)Z @ 5
Event: 264.162 Thread 0x000000001941b800 Uncommon trap: reason=bimorphic action=maybe_recompile pc=0x0000000004776d74 method=com.google.common.collect.ImmutableList.copyOf(Ljava/util/Collection;)Lcom/google/common/collect/ImmutableList; @ 35
Event: 264.163 Thread 0x000000001941b800 Uncommon trap: reason=bimorphic action=maybe_recompile pc=0x0000000004776d74 method=com.google.common.collect.ImmutableList.copyOf(Ljava/util/Collection;)Lcom/google/common/collect/ImmutableList; @ 35
Event: 264.243 Thread 0x000000001e9f0000 Uncommon trap: reason=unstable_if action=reinterpret pc=0x0000000004803dc0 method=org.apache.commons.lang.StringUtils.splitWorker(Ljava/lang/String;Ljava/lang/String;IZ)[Ljava/lang/String; @ 142
Event: 264.300 Thread 0x000000001e9f0000 Uncommon trap: reason=bimorphic action=maybe_recompile pc=0x0000000004821d48 method=java.util.HashMap.removeNode(ILjava/lang/Object;Ljava/lang/Object;ZZ)Ljava/util/HashMap$Node; @ 143
Event: 264.309 Thread 0x000000001e9f0000 Uncommon trap: reason=bimorphic action=maybe_recompile pc=0x0000000004821d48 method=java.util.HashMap.removeNode(ILjava/lang/Object;Ljava/lang/Object;ZZ)Ljava/util/HashMap$Node; @ 143

Classes redefined (0 events):
No events

Internal exceptions (10 events):
Event: 3544.766 Thread 0x0000000019420800 Exception <a 'java/lang/NoSuchMethodError': <clinit>> (0x00000000e9b163e8) thrown at [D:\src\AOSP-openjdk-cygwin\jdk8u\hotspot\src\share\vm\prims\jni.cpp, line 1613]
Event: 3544.833 Thread 0x0000000019420800 Exception <a 'java/lang/NoSuchMethodError': <clinit>> (0x00000000e9b21788) thrown at [D:\src\AOSP-openjdk-cygwin\jdk8u\hotspot\src\share\vm\prims\jni.cpp, line 1613]
Event: 3544.839 Thread 0x0000000019420800 Exception <a 'java/lang/NoSuchMethodError': <clinit>> (0x00000000e9b2a7b8) thrown at [D:\src\AOSP-openjdk-cygwin\jdk8u\hotspot\src\share\vm\prims\jni.cpp, line 1613]
Event: 3544.849 Thread 0x0000000019420800 Exception <a 'java/lang/NoSuchMethodError': <clinit>> (0x00000000e9b37350) thrown at [D:\src\AOSP-openjdk-cygwin\jdk8u\hotspot\src\share\vm\prims\jni.cpp, line 1613]
Event: 3545.004 Thread 0x0000000019420800 Exception <a 'java/lang/NoSuchMethodError': <clinit>> (0x00000000e9b48f30) thrown at [D:\src\AOSP-openjdk-cygwin\jdk8u\hotspot\src\share\vm\prims\jni.cpp, line 1613]
Event: 3545.157 Thread 0x0000000019420800 Exception <a 'java/lang/NoSuchMethodError': <clinit>> (0x00000000e9b8bb38) thrown at [D:\src\AOSP-openjdk-cygwin\jdk8u\hotspot\src\share\vm\prims\jni.cpp, line 1613]
Event: 3545.157 Thread 0x0000000019420800 Exception <a 'java/lang/NoSuchMethodError': <clinit>> (0x00000000e9b8f790) thrown at [D:\src\AOSP-openjdk-cygwin\jdk8u\hotspot\src\share\vm\prims\jni.cpp, line 1613]
Event: 3545.157 Thread 0x0000000019420800 Exception <a 'java/lang/NoSuchMethodError': <clinit>> (0x00000000e9b91298) thrown at [D:\src\AOSP-openjdk-cygwin\jdk8u\hotspot\src\share\vm\prims\jni.cpp, line 1613]
Event: 3545.765 Thread 0x0000000019420800 Exception <a 'java/lang/ClassNotFoundException': sync_local_repo692_9ancdfhlb6v9udsipgjglat4yBeanInfo> (0x00000000e9d48400) thrown at [D:\src\AOSP-openjdk-cygwin\jdk8u\hotspot\src\share\vm\classfile\systemDictionary.cpp, line 210]
Event: 3545.773 Thread 0x0000000019420800 Exception <a 'java/lang/ClassNotFoundException': sync_local_repo692_9ancdfhlb6v9udsipgjglat4yCustomizer> (0x00000000e9d52a48) thrown at [D:\src\AOSP-openjdk-cygwin\jdk8u\hotspot\src\share\vm\classfile\systemDictionary.cpp, line 210]

Events (10 events):
Event: 3545.773 loading class sync_local_repo692_9ancdfhlb6v9udsipgjglat4yCustomizer
Event: 3545.773 loading class sync_local_repo692_9ancdfhlb6v9udsipgjglat4yCustomizer done
Event: 3545.836 loading class groovy/runtime/metaclass/sync_local_repo692_9ancdfhlb6v9udsipgjglat4y$_run_closure1MetaClass
Event: 3545.836 loading class groovy/runtime/metaclass/sync_local_repo692_9ancdfhlb6v9udsipgjglat4y$_run_closure1MetaClass done
Event: 3545.959 Thread 0x0000000016341000 flushing nmethod 0x00000000036bee50
Event: 3545.959 Thread 0x0000000016341000 flushing nmethod 0x00000000036cf150
Event: 3545.961 Thread 0x0000000017a21800 flushing nmethod 0x00000000037e8d10
Event: 3545.962 Thread 0x0000000017a21800 flushing nmethod 0x00000000038b8110
Event: 3545.962 Thread 0x0000000017a21800 flushing nmethod 0x0000000003965e50
Event: 3545.965 Thread 0x0000000017a21800 flushing nmethod 0x0000000003b0c8d0


Dynamic libraries:
0x00007ff6f1de0000 - 0x00007ff6f1e11000 	H:\android-studio\jre\bin\java.exe
0x00007ffc42a20000 - 0x00007ffc42bf2000 	C:\WINDOWS\SYSTEM32\ntdll.dll
0x00007ffc42120000 - 0x00007ffc421cc000 	C:\WINDOWS\System32\KERNEL32.DLL
0x00007ffc3f1a0000 - 0x00007ffc3f3bd000 	C:\WINDOWS\System32\KERNELBASE.dll
0x00007ffc401f0000 - 0x00007ffc40292000 	C:\WINDOWS\System32\ADVAPI32.dll
0x00007ffc41ab0000 - 0x00007ffc41b4e000 	C:\WINDOWS\System32\msvcrt.dll
0x00007ffc40130000 - 0x00007ffc40189000 	C:\WINDOWS\System32\sechost.dll
0x00007ffc41ff0000 - 0x00007ffc42111000 	C:\WINDOWS\System32\RPCRT4.dll
0x00007ffc3ffc0000 - 0x00007ffc40125000 	C:\WINDOWS\System32\USER32.dll
0x00007ffc3ff40000 - 0x00007ffc3ff5e000 	C:\WINDOWS\System32\win32u.dll
0x00007ffc429e0000 - 0x00007ffc42a14000 	C:\WINDOWS\System32\GDI32.dll
0x00007ffc3f6e0000 - 0x00007ffc3f860000 	C:\WINDOWS\System32\gdi32full.dll
0x00007ffc34370000 - 0x00007ffc345ea000 	C:\WINDOWS\WinSxS\amd64_microsoft.windows.common-controls_6595b64144ccf1df_6.0.14393.953_none_42151e83c686086b\COMCTL32.dll
0x00007ffc42330000 - 0x00007ffc425f8000 	C:\WINDOWS\System32\combase.dll
0x00007ffc3f430000 - 0x00007ffc3f525000 	C:\WINDOWS\System32\ucrtbase.dll
0x00007ffc3f3c0000 - 0x00007ffc3f42a000 	C:\WINDOWS\System32\bcryptPrimitives.dll
0x00007ffc402a0000 - 0x00007ffc402ce000 	C:\WINDOWS\System32\IMM32.DLL
0x0000000051580000 - 0x0000000051652000 	H:\android-studio\jre\jre\bin\msvcr100.dll
0x0000000051810000 - 0x000000005204e000 	H:\android-studio\jre\jre\bin\server\jvm.dll
0x00007ffc42600000 - 0x00007ffc42608000 	C:\WINDOWS\System32\PSAPI.DLL
0x00007ffc381a0000 - 0x00007ffc381a9000 	C:\WINDOWS\SYSTEM32\WSOCK32.dll
0x00007ffc3d3f0000 - 0x00007ffc3d413000 	C:\WINDOWS\SYSTEM32\WINMM.dll
0x00007ffc3b750000 - 0x00007ffc3b75a000 	C:\WINDOWS\SYSTEM32\VERSION.dll
0x00007ffc41f80000 - 0x00007ffc41fea000 	C:\WINDOWS\System32\WS2_32.dll
0x00007ffc3d3c0000 - 0x00007ffc3d3eb000 	C:\WINDOWS\SYSTEM32\WINMMBASE.dll
0x00007ffc3ff60000 - 0x00007ffc3ffa2000 	C:\WINDOWS\System32\cfgmgr32.dll
0x00007ffc38100000 - 0x00007ffc3810f000 	H:\android-studio\jre\jre\bin\verify.dll
0x00007ffc37d80000 - 0x00007ffc37da9000 	H:\android-studio\jre\jre\bin\java.dll
0x00007ffc2c090000 - 0x00007ffc2c0a6000 	H:\android-studio\jre\jre\bin\zip.dll
0x00007ffc404e0000 - 0x00007ffc419e8000 	C:\WINDOWS\System32\SHELL32.dll
0x00007ffc3f860000 - 0x00007ffc3ff3a000 	C:\WINDOWS\System32\windows.storage.dll
0x00007ffc3eeb0000 - 0x00007ffc3eefc000 	C:\WINDOWS\System32\powrprof.dll
0x00007ffc40340000 - 0x00007ffc40392000 	C:\WINDOWS\System32\shlwapi.dll
0x00007ffc3ef00000 - 0x00007ffc3ef0f000 	C:\WINDOWS\System32\kernel.appcore.dll
0x00007ffc3f630000 - 0x00007ffc3f6d9000 	C:\WINDOWS\System32\shcore.dll
0x00007ffc3ee90000 - 0x00007ffc3eea4000 	C:\WINDOWS\System32\profapi.dll
0x00007ffc2a3a0000 - 0x00007ffc2a3ba000 	H:\android-studio\jre\jre\bin\net.dll
0x00007ffc3e760000 - 0x00007ffc3e7bc000 	C:\WINDOWS\system32\mswsock.dll
0x00007ffc27700000 - 0x00007ffc27711000 	H:\android-studio\jre\jre\bin\nio.dll
0x00007ffc193f0000 - 0x00007ffc1940e000 	C:\Users\takato\.gradle\native\25\windows-amd64\native-platform.dll
0x00007ffc380f0000 - 0x00007ffc380fd000 	H:\android-studio\jre\jre\bin\management.dll
0x00007ffc3e900000 - 0x00007ffc3e917000 	C:\WINDOWS\SYSTEM32\CRYPTSP.dll
0x00007ffc3e360000 - 0x00007ffc3e393000 	C:\WINDOWS\system32\rsaenh.dll
0x00007ffc3edd0000 - 0x00007ffc3edfb000 	C:\WINDOWS\SYSTEM32\bcrypt.dll
0x00007ffc3e5e0000 - 0x00007ffc3e5ff000 	C:\WINDOWS\SYSTEM32\USERENV.dll
0x00007ffc3e920000 - 0x00007ffc3e92b000 	C:\WINDOWS\SYSTEM32\CRYPTBASE.dll
0x00007ffc3e4e0000 - 0x00007ffc3e518000 	C:\WINDOWS\SYSTEM32\IPHLPAPI.DLL
0x00007ffc42670000 - 0x00007ffc42678000 	C:\WINDOWS\System32\NSI.dll
0x00007ffc37750000 - 0x00007ffc37766000 	C:\WINDOWS\SYSTEM32\dhcpcsvc6.DLL
0x00007ffc37d60000 - 0x00007ffc37d7a000 	C:\WINDOWS\SYSTEM32\dhcpcsvc.DLL

VM Arguments:
jvm_args: -Xmx1536m -Dfile.encoding=windows-31j -Duser.country=JP -Duser.language=ja -Duser.variant 
java_command: org.gradle.launcher.daemon.bootstrap.GradleDaemon 4.1
java_class_path (initial): C:\Users\takato\.gradle\wrapper\dists\gradle-4.1-all\bzyivzo6n839fup2jbap0tjew\gradle-4.1\lib\gradle-launcher-4.1.jar
Launcher Type: SUN_STANDARD

Environment Variables:
PATH=C:\Program Files (x86)\Intel\iCLS Client\;C:\Program Files\Intel\iCLS Client\;C:\WINDOWS\system32;C:\WINDOWS;C:\WINDOWS\System32\Wbem;C:\WINDOWS\System32\WindowsPowerShell\v1.0\;C:\Program Files (x86)\Intel\Intel(R) Management Engine Components\DAL;C:\Program Files\Intel\Intel(R) Management Engine Components\DAL;C:\Program Files (x86)\Intel\Intel(R) Management Engine Components\IPT;C:\Program Files\Intel\Intel(R) Management Engine Components\IPT;C:\Program Files (x86)\GtkSharp\2.12\bin;C:\Program Files\Microsoft SQL Server\130\Tools\Binn\;C:\Program Files\Microsoft\Web Platform Installer\;C:\Program Files (x86)\Windows Kits\8.1\Windows Performance Toolkit\;H:\git\Git\cmd;C:\Microsoft VS Code\bin;C:\Users\takato\AppData\Local\Microsoft\WindowsApps;C:\Users\takato\AppData\Local\atom\bin
USERNAME=takato
OS=Windows_NT
PROCESSOR_IDENTIFIER=Intel64 Family 6 Model 78 Stepping 3, GenuineIntel



---------------  S Y S T E M  ---------------

OS: Windows 10.0 , 64 bit Build 14393 (10.0.14393.1198)

CPU:total 4 (initial active 4) (2 cores per cpu, 2 threads per core) family 6 model 78 stepping 3, cmov, cx8, fxsr, mmx, sse, sse2, sse3, ssse3, sse4.1, sse4.2, popcnt, avx, avx2, aes, clmul, erms, 3dnowpref, lzcnt, ht, tsc, tscinvbit, bmi1, bmi2, adx

Memory: 4k page, physical 4124476k(308080k free), swap 6109212k(0k free)

vm_info: OpenJDK 64-Bit Server VM (25.152-b01) for windows-amd64 JRE (1.8.0_152-release-915-b01), built by "builder" with MS VC++ 10.0 (VS2010)

time: Sun Oct 08 12:47:20 2017
elapsed time: 3545 seconds (0d 0h 59m 5s)

