#
# There is insufficient memory for the Java Runtime Environment to continue.
# Native memory allocation (malloc) failed to allocate 32744 bytes for ChunkPool::allocate
# Possible reasons:
#   The system is out of physical RAM or swap space
#   In 32 bit mode, the process size limit was hit
# Possible solutions:
#   Reduce memory load on the system
#   Increase physical memory or swap space
#   Check if swap backing store is full
#   Use 64 bit Java on a 64 bit OS
#   Decrease Java heap size (-Xmx/-Xms)
#   Decrease number of Java threads
#   Decrease Java thread stack sizes (-Xss)
#   Set larger code cache with -XX:ReservedCodeCacheSize=
# This output file may be truncated or incomplete.
#
#  Out of Memory Error (allocation.cpp:273), pid=4696, tid=0x000000000000165c
#
# JRE version: OpenJDK Runtime Environment (8.0_152-b01) (build 1.8.0_152-release-915-b01)
# Java VM: OpenJDK 64-Bit Server VM (25.152-b01 mixed mode windows-amd64 compressed oops)
# Failed to write core dump. Minidumps are not enabled by default on client versions of Windows
#

---------------  T H R E A D  ---------------

Current thread (0x00000000169e6000):  JavaThread "C2 CompilerThread1" daemon [_thread_in_native, id=5724, stack(0x0000000017ff0000,0x00000000180f0000)]

Stack: [0x0000000017ff0000,0x00000000180f0000]
[error occurred during error reporting (printing stack bounds), id 0xc0000005]

Native frames: (J=compiled Java code, j=interpreted, Vv=VM code, C=native code)


Current CompileTask:
C2:   4474 1479       4       java.net.URLClassLoader$1::run (5 bytes)


---------------  P R O C E S S  ---------------

Java Threads: ( => current thread )
  0x0000000018aa8800 JavaThread "RMI RenewClean-[localhost:50496,org.jetbrains.kotlin.daemon.common.LoopbackNetworkInterface$ClientLoopbackSocketFactory@11ad8418]" daemon [_thread_blocked, id=3804, stack(0x0000000019d90000,0x0000000019e90000)]
  0x0000000018a45000 JavaThread "RMI TCP Connection(2)-127.0.0.1" daemon [_thread_in_vm, id=4912, stack(0x0000000019c90000,0x0000000019d90000)]
  0x0000000018a44000 JavaThread "RMI Scheduler(0)" daemon [_thread_blocked, id=6536, stack(0x0000000019b90000,0x0000000019c90000)]
  0x0000000018a97800 JavaThread "RMI TCP Connection(1)-127.0.0.1" daemon [_thread_in_native, id=6200, stack(0x0000000019a90000,0x0000000019b90000)]
  0x0000000002f1d800 JavaThread "DestroyJavaVM" [_thread_blocked, id=3512, stack(0x0000000002e10000,0x0000000002f10000)]
  0x0000000018a4f800 JavaThread "GC Daemon" daemon [_thread_blocked, id=2812, stack(0x00000000195f0000,0x00000000196f0000)]
  0x0000000018a11000 JavaThread "RMI Reaper" [_thread_blocked, id=3824, stack(0x00000000194f0000,0x00000000195f0000)]
  0x00000000189e3000 JavaThread "Timer-0" daemon [_thread_blocked, id=3124, stack(0x00000000190f0000,0x00000000191f0000)]
  0x00000000189e0800 JavaThread "RMI TCP Accept-17078" daemon [_thread_in_native, id=6956, stack(0x0000000018ff0000,0x00000000190f0000)]
  0x000000001816b000 JavaThread "Service Thread" daemon [_thread_blocked, id=160, stack(0x00000000185f0000,0x00000000186f0000)]
  0x00000000169ed800 JavaThread "C1 CompilerThread2" daemon [_thread_blocked, id=6580, stack(0x00000000184f0000,0x00000000185f0000)]
=>0x00000000169e6000 JavaThread "C2 CompilerThread1" daemon [_thread_in_native, id=5724, stack(0x0000000017ff0000,0x00000000180f0000)]
  0x00000000169e2000 JavaThread "C2 CompilerThread0" daemon [_thread_blocked, id=5652, stack(0x0000000017ef0000,0x0000000017ff0000)]
  0x00000000169e0800 JavaThread "Attach Listener" daemon [_thread_blocked, id=2776, stack(0x0000000017df0000,0x0000000017ef0000)]
  0x000000001699d800 JavaThread "Signal Dispatcher" daemon [_thread_blocked, id=556, stack(0x0000000017cf0000,0x0000000017df0000)]
  0x000000000301b000 JavaThread "Finalizer" daemon [_thread_blocked, id=1952, stack(0x0000000017bf0000,0x0000000017cf0000)]
  0x0000000003012000 JavaThread "Reference Handler" daemon [_thread_blocked, id=6612, stack(0x0000000017af0000,0x0000000017bf0000)]

Other Threads:
  0x0000000016955000 VMThread [stack: 0x00000000179f0000,0x0000000017af0000] [id=1128]
  0x000000001816d000 WatcherThread [stack: 0x00000000186f0000,0x00000000187f0000] [id=1248]

VM state:not at safepoint (normal execution)

VM Mutex/Monitor currently owned by a thread: None

Heap:
 PSYoungGen      total 18944K, used 14021K [0x00000000e0000000, 0x00000000e2500000, 0x0000000100000000)
  eden space 16384K, 85% used [0x00000000e0000000,0x00000000e0db1478,0x00000000e1000000)
  from space 2560K, 0% used [0x00000000e1000000,0x00000000e1000000,0x00000000e1280000)
  to   space 2560K, 0% used [0x00000000e2280000,0x00000000e2280000,0x00000000e2500000)
 ParOldGen       total 35328K, used 6563K [0x00000000a0000000, 0x00000000a2280000, 0x00000000e0000000)
  object space 35328K, 18% used [0x00000000a0000000,0x00000000a0668f18,0x00000000a2280000)
 Metaspace       used 23533K, capacity 23984K, committed 24448K, reserved 1071104K
  class space    used 3035K, capacity 3150K, committed 3200K, reserved 1048576K

Card table byte_map: [0x00000000123e0000,0x00000000126f0000] byte_map_base: 0x0000000011ee0000

Marking Bits: (ParMarkBitMap*) 0x0000000070ae3950
 Begin Bits: [0x0000000012cf0000, 0x00000000144f0000)
 End Bits:   [0x00000000144f0000, 0x0000000015cf0000)

Polling page: 0x00000000009f0000

CodeCache: size=245760Kb used=4486Kb max_used=4496Kb free=241273Kb
 bounds [0x0000000003020000, 0x0000000003490000, 0x0000000012020000]
 total_blobs=1931 nmethods=1497 adapters=347
 compilation: enabled

Compilation events (10 events):
Event: 4.371 Thread 0x00000000169ed800 nmethod 1493 0x000000000347ef90 code [0x000000000347f0e0, 0x000000000347f250]
Event: 4.371 Thread 0x00000000169ed800 1494       3       java.lang.invoke.MemberName::init (66 bytes)
Event: 4.371 Thread 0x00000000169ed800 nmethod 1494 0x000000000347d4d0 code [0x000000000347d620, 0x000000000347d7d0]
Event: 4.392 Thread 0x00000000169e2000 nmethod 1495 0x0000000003487150 code [0x00000000034872e0, 0x0000000003488048]
Event: 4.399 Thread 0x00000000169ed800 1496       3       java.lang.invoke.LambdaForm::uncustomize (58 bytes)
Event: 4.399 Thread 0x00000000169ed800 nmethod 1496 0x000000000347d010 code [0x000000000347d180, 0x000000000347d430]
Event: 4.400 Thread 0x00000000169ed800 1497       3       jdk.internal.org.objectweb.asm.Label::<init> (5 bytes)
Event: 4.400 Thread 0x00000000169ed800 nmethod 1497 0x000000000347cc50 code [0x000000000347cda0, 0x000000000347cf50]
Event: 4.400 Thread 0x00000000169ed800 1498       3       jdk.internal.org.objectweb.asm.MethodWriter::visitInsn (106 bytes)
Event: 4.400 Thread 0x00000000169ed800 nmethod 1498 0x0000000003480c50 code [0x0000000003480e00, 0x00000000034812a8]

GC Heap History (10 events):
Event: 3.011 GC heap before
{Heap before GC invocations=3 (full 1):
 PSYoungGen      total 18944K, used 16384K [0x00000000e0000000, 0x00000000e1500000, 0x0000000100000000)
  eden space 16384K, 100% used [0x00000000e0000000,0x00000000e1000000,0x00000000e1000000)
  from space 2560K, 0% used [0x00000000e1000000,0x00000000e1000000,0x00000000e1280000)
  to   space 2560K, 0% used [0x00000000e1280000,0x00000000e1280000,0x00000000e1500000)
 ParOldGen       total 44032K, used 3005K [0x00000000a0000000, 0x00000000a2b00000, 0x00000000e0000000)
  object space 44032K, 6% used [0x00000000a0000000,0x00000000a02ef418,0x00000000a2b00000)
 Metaspace       used 12091K, capacity 12388K, committed 12544K, reserved 1060864K
  class space    used 1377K, capacity 1468K, committed 1536K, reserved 1048576K
Event: 3.016 GC heap after
Heap after GC invocations=3 (full 1):
 PSYoungGen      total 18944K, used 2540K [0x00000000e0000000, 0x00000000e1500000, 0x0000000100000000)
  eden space 16384K, 0% used [0x00000000e0000000,0x00000000e0000000,0x00000000e1000000)
  from space 2560K, 99% used [0x00000000e1280000,0x00000000e14fb358,0x00000000e1500000)
  to   space 2560K, 0% used [0x00000000e1000000,0x00000000e1000000,0x00000000e1280000)
 ParOldGen       total 44032K, used 4600K [0x00000000a0000000, 0x00000000a2b00000, 0x00000000e0000000)
  object space 44032K, 10% used [0x00000000a0000000,0x00000000a047e228,0x00000000a2b00000)
 Metaspace       used 12091K, capacity 12388K, committed 12544K, reserved 1060864K
  class space    used 1377K, capacity 1468K, committed 1536K, reserved 1048576K
}
Event: 3.518 GC heap before
{Heap before GC invocations=4 (full 1):
 PSYoungGen      total 18944K, used 18924K [0x00000000e0000000, 0x00000000e1500000, 0x0000000100000000)
  eden space 16384K, 100% used [0x00000000e0000000,0x00000000e1000000,0x00000000e1000000)
  from space 2560K, 99% used [0x00000000e1280000,0x00000000e14fb358,0x00000000e1500000)
  to   space 2560K, 0% used [0x00000000e1000000,0x00000000e1000000,0x00000000e1280000)
 ParOldGen       total 44032K, used 4600K [0x00000000a0000000, 0x00000000a2b00000, 0x00000000e0000000)
  object space 44032K, 10% used [0x00000000a0000000,0x00000000a047e228,0x00000000a2b00000)
 Metaspace       used 15560K, capacity 15886K, committed 16128K, reserved 1062912K
  class space    used 1842K, capacity 1923K, committed 2048K, reserved 1048576K
Event: 3.523 GC heap after
Heap after GC invocations=4 (full 1):
 PSYoungGen      total 18944K, used 2544K [0x00000000e0000000, 0x00000000e1500000, 0x0000000100000000)
  eden space 16384K, 0% used [0x00000000e0000000,0x00000000e0000000,0x00000000e1000000)
  from space 2560K, 99% used [0x00000000e1000000,0x00000000e127c010,0x00000000e1280000)
  to   space 2560K, 0% used [0x00000000e1280000,0x00000000e1280000,0x00000000e1500000)
 ParOldGen       total 44032K, used 7692K [0x00000000a0000000, 0x00000000a2b00000, 0x00000000e0000000)
  object space 44032K, 17% used [0x00000000a0000000,0x00000000a0783378,0x00000000a2b00000)
 Metaspace       used 15560K, capacity 15886K, committed 16128K, reserved 1062912K
  class space    used 1842K, capacity 1923K, committed 2048K, reserved 1048576K
}
Event: 3.962 GC heap before
{Heap before GC invocations=5 (full 1):
 PSYoungGen      total 18944K, used 18928K [0x00000000e0000000, 0x00000000e1500000, 0x0000000100000000)
  eden space 16384K, 100% used [0x00000000e0000000,0x00000000e1000000,0x00000000e1000000)
  from space 2560K, 99% used [0x00000000e1000000,0x00000000e127c010,0x00000000e1280000)
  to   space 2560K, 0% used [0x00000000e1280000,0x00000000e1280000,0x00000000e1500000)
 ParOldGen       total 44032K, used 7692K [0x00000000a0000000, 0x00000000a2b00000, 0x00000000e0000000)
  object space 44032K, 17% used [0x00000000a0000000,0x00000000a0783378,0x00000000a2b00000)
 Metaspace       used 19058K, capacity 19474K, committed 19584K, reserved 1067008K
  class space    used 2311K, capacity 2413K, committed 2432K, reserved 1048576K
Event: 3.968 GC heap after
Heap after GC invocations=5 (full 1):
 PSYoungGen      total 18944K, used 2528K [0x00000000e0000000, 0x00000000e1500000, 0x0000000100000000)
  eden space 16384K, 0% used [0x00000000e0000000,0x00000000e0000000,0x00000000e1000000)
  from space 2560K, 98% used [0x00000000e1280000,0x00000000e14f8020,0x00000000e1500000)
  to   space 2560K, 0% used [0x00000000e1000000,0x00000000e1000000,0x00000000e1280000)
 ParOldGen       total 44032K, used 11343K [0x00000000a0000000, 0x00000000a2b00000, 0x00000000e0000000)
  object space 44032K, 25% used [0x00000000a0000000,0x00000000a0b13e88,0x00000000a2b00000)
 Metaspace       used 19058K, capacity 19474K, committed 19584K, reserved 1067008K
  class space    used 2311K, capacity 2413K, committed 2432K, reserved 1048576K
}
Event: 4.128 GC heap before
{Heap before GC invocations=6 (full 1):
 PSYoungGen      total 18944K, used 11174K [0x00000000e0000000, 0x00000000e1500000, 0x0000000100000000)
  eden space 16384K, 52% used [0x00000000e0000000,0x00000000e0871800,0x00000000e1000000)
  from space 2560K, 98% used [0x00000000e1280000,0x00000000e14f8020,0x00000000e1500000)
  to   space 2560K, 0% used [0x00000000e1000000,0x00000000e1000000,0x00000000e1280000)
 ParOldGen       total 44032K, used 11343K [0x00000000a0000000, 0x00000000a2b00000, 0x00000000e0000000)
  object space 44032K, 25% used [0x00000000a0000000,0x00000000a0b13e88,0x00000000a2b00000)
 Metaspace       used 20701K, capacity 21076K, committed 21296K, reserved 1069056K
  class space    used 2548K, capacity 2652K, committed 2688K, reserved 1048576K
Event: 4.133 GC heap after
Heap after GC invocations=6 (full 1):
 PSYoungGen      total 18944K, used 2544K [0x00000000e0000000, 0x00000000e2500000, 0x0000000100000000)
  eden space 16384K, 0% used [0x00000000e0000000,0x00000000e0000000,0x00000000e1000000)
  from space 2560K, 99% used [0x00000000e1000000,0x00000000e127c030,0x00000000e1280000)
  to   space 2560K, 0% used [0x00000000e2280000,0x00000000e2280000,0x00000000e2500000)
 ParOldGen       total 44032K, used 13130K [0x00000000a0000000, 0x00000000a2b00000, 0x00000000e0000000)
  object space 44032K, 29% used [0x00000000a0000000,0x00000000a0cd2900,0x00000000a2b00000)
 Metaspace       used 20701K, capacity 21076K, committed 21296K, reserved 1069056K
  class space    used 2548K, capacity 2652K, committed 2688K, reserved 1048576K
}
Event: 4.133 GC heap before
{Heap before GC invocations=7 (full 2):
 PSYoungGen      total 18944K, used 2544K [0x00000000e0000000, 0x00000000e2500000, 0x0000000100000000)
  eden space 16384K, 0% used [0x00000000e0000000,0x00000000e0000000,0x00000000e1000000)
  from space 2560K, 99% used [0x00000000e1000000,0x00000000e127c030,0x00000000e1280000)
  to   space 2560K, 0% used [0x00000000e2280000,0x00000000e2280000,0x00000000e2500000)
 ParOldGen       total 44032K, used 13130K [0x00000000a0000000, 0x00000000a2b00000, 0x00000000e0000000)
  object space 44032K, 29% used [0x00000000a0000000,0x00000000a0cd2900,0x00000000a2b00000)
 Metaspace       used 20701K, capacity 21076K, committed 21296K, reserved 1069056K
  class space    used 2548K, capacity 2652K, committed 2688K, reserved 1048576K
Event: 4.171 GC heap after
Heap after GC invocations=7 (full 2):
 PSYoungGen      total 18944K, used 0K [0x00000000e0000000, 0x00000000e2500000, 0x0000000100000000)
  eden space 16384K, 0% used [0x00000000e0000000,0x00000000e0000000,0x00000000e1000000)
  from space 2560K, 0% used [0x00000000e1000000,0x00000000e1000000,0x00000000e1280000)
  to   space 2560K, 0% used [0x00000000e2280000,0x00000000e2280000,0x00000000e2500000)
 ParOldGen       total 35328K, used 6563K [0x00000000a0000000, 0x00000000a2280000, 0x00000000e0000000)
  object space 35328K, 18% used [0x00000000a0000000,0x00000000a0668f18,0x00000000a2280000)
 Metaspace       used 20701K, capacity 21076K, committed 21296K, reserved 1069056K
  class space    used 2548K, capacity 2652K, committed 2688K, reserved 1048576K
}

Deoptimization events (10 events):
Event: 3.180 Thread 0x0000000018a45000 Uncommon trap: reason=class_check action=maybe_recompile pc=0x00000000032f3e74 method=kotlin.reflect.jvm.internal.impl.protobuf.CodedInputStream.tryRefillBuffer(I)Z @ 177
Event: 3.180 Thread 0x0000000018a45000 Uncommon trap: reason=unstable_if action=reinterpret pc=0x000000000331aa54 method=kotlin.reflect.jvm.internal.impl.protobuf.CodedInputStream.readRawVarint32()I @ 69
Event: 3.181 Thread 0x0000000018a45000 Uncommon trap: reason=unstable_if action=reinterpret pc=0x00000000032e3280 method=kotlin.reflect.jvm.internal.impl.protobuf.CodedInputStream.readRawVarint32()I @ 69
Event: 3.182 Thread 0x0000000018a45000 Uncommon trap: reason=class_check action=maybe_recompile pc=0x00000000032f3e74 method=kotlin.reflect.jvm.internal.impl.protobuf.CodedInputStream.tryRefillBuffer(I)Z @ 177
Event: 3.969 Thread 0x0000000018a45000 Uncommon trap: reason=unstable_if action=reinterpret pc=0x000000000339fc28 method=java.util.HashMap.hash(Ljava/lang/Object;)I @ 1
Event: 4.118 Thread 0x0000000018a45000 Uncommon trap: reason=bimorphic action=maybe_recompile pc=0x000000000325dcac method=java.io.FilterInputStream.read([B)I @ 5
Event: 4.118 Thread 0x0000000018a45000 Uncommon trap: reason=bimorphic action=maybe_recompile pc=0x000000000325dcac method=java.io.FilterInputStream.read([B)I @ 5
Event: 4.118 Thread 0x0000000018a45000 Uncommon trap: reason=bimorphic action=maybe_recompile pc=0x000000000325dcac method=java.io.FilterInputStream.read([B)I @ 5
Event: 4.119 Thread 0x0000000018a45000 Uncommon trap: reason=bimorphic action=maybe_recompile pc=0x000000000325dcac method=java.io.FilterInputStream.read([B)I @ 5
Event: 4.214 Thread 0x0000000018a45000 Uncommon trap: reason=range_check action=make_not_entrant pc=0x00000000033a9a20 method=sun.reflect.generics.parser.SignatureParser.current()C @ 34

Classes redefined (0 events):
No events

Internal exceptions (10 events):
Event: 2.765 Thread 0x0000000018a45000 Exception <a 'java/lang/NoSuchMethodError': <clinit>> (0x00000000e0336270) thrown at [D:\src\AOSP-openjdk-cygwin\jdk8u\hotspot\src\share\vm\prims\jni.cpp, line 1613]
Event: 2.767 Thread 0x0000000018aa8800 Exception <a 'java/lang/InterruptedException'> (0x00000000e034b018) thrown at [D:\src\AOSP-openjdk-cygwin\jdk8u\hotspot\src\share\vm\runtime\objectMonitor.cpp, line 1684]
Event: 3.219 Thread 0x0000000018a45000 Exception <a 'java/lang/ArrayIndexOutOfBoundsException'> (0x00000000e05f4170) thrown at [D:\src\AOSP-openjdk-cygwin\jdk8u\hotspot\src\share\vm\runtime\sharedRuntime.cpp, line 605]
Event: 3.689 Thread 0x0000000018a45000 Exception <a 'sun/nio/fs/WindowsException'> (0x00000000e071a710) thrown at [D:\src\AOSP-openjdk-cygwin\jdk8u\hotspot\src\share\vm\prims\jni.cpp, line 709]
Event: 3.689 Thread 0x0000000018a45000 Exception <a 'java/lang/reflect/InvocationTargetException'> (0x00000000e071af38) thrown at [D:\src\AOSP-openjdk-cygwin\jdk8u\hotspot\src\share\vm\runtime\reflection.cpp, line 1092]
Event: 3.969 Thread 0x0000000018a45000 Implicit null exception at 0x000000000339fbaf to 0x000000000339fc19
Event: 4.044 Thread 0x0000000018a45000 Exception <a 'java/lang/NoSuchMethodError': java.lang.Object.lambda$comparing$77a9974f$1(Ljava/util/function/Function;Ljava/lang/Object;Ljava/lang/Object;)I> (0x00000000e03e1a90) thrown at [D:\src\AOSP-openjdk-cygwin\jdk8u\hotspot\src\share\vm\interpreter
Event: 4.214 Thread 0x0000000018a45000 Exception <a 'java/lang/ArrayIndexOutOfBoundsException': 60> (0x00000000e01b5b98) thrown at [D:\src\AOSP-openjdk-cygwin\jdk8u\hotspot\src\share\vm\interpreter\interpreterRuntime.cpp, line 366]
Event: 4.335 Thread 0x0000000018a45000 Exception <a 'java/lang/NoSuchMethodError': java.lang.Object.lambda$static$0(I)[Lorg/jetbrains/kotlin/com/intellij/openapi/editor/event/DocumentListener;> (0x00000000e096b470) thrown at [D:\src\AOSP-openjdk-cygwin\jdk8u\hotspot\src\share\vm\interpreter\li
Event: 4.371 Thread 0x0000000018a45000 Exception <a 'java/lang/NoSuchMethodError': java.lang.Object.lambda$static$0(I)[Lorg/jetbrains/kotlin/com/intellij/psi/PsiAnnotation;> (0x00000000e0b5bd60) thrown at [D:\src\AOSP-openjdk-cygwin\jdk8u\hotspot\src\share\vm\interpreter\linkResolver.cpp, line

Events (10 events):
Event: 4.447 loading class kotlin/properties/NotNullVar
Event: 4.447 loading class kotlin/properties/NotNullVar done
Event: 4.447 loading class org/jetbrains/kotlin/com/intellij/codeInsight/ExternalAnnotationsManager
Event: 4.447 loading class org/jetbrains/kotlin/com/intellij/codeInsight/ExternalAnnotationsManager done
Event: 4.448 loading class org/jetbrains/kotlin/cli/jvm/compiler/MockExternalAnnotationsManager
Event: 4.448 loading class org/jetbrains/kotlin/cli/jvm/compiler/MockExternalAnnotationsManager done
Event: 4.448 loading class org/jetbrains/kotlin/com/intellij/codeInsight/ExternalAnnotationsListener
Event: 4.448 loading class org/jetbrains/kotlin/com/intellij/codeInsight/ExternalAnnotationsListener done
Event: 4.448 loading class org/jetbrains/kotlin/com/intellij/codeInsight/InferredAnnotationsManager
Event: 4.448 loading class org/jetbrains/kotlin/com/intellij/codeInsight/InferredAnnotationsManager done


Dynamic libraries:
0x00007ff74dd80000 - 0x00007ff74ddb1000 	H:\android-studio\jre\jre\bin\java.exe
0x00007ff9e0960000 - 0x00007ff9e0b32000 	C:\WINDOWS\SYSTEM32\ntdll.dll
0x00007ff9ddf00000 - 0x00007ff9ddfac000 	C:\WINDOWS\System32\KERNEL32.DLL
0x00007ff9dd8e0000 - 0x00007ff9ddafd000 	C:\WINDOWS\System32\KERNELBASE.dll
0x00007ff9e08b0000 - 0x00007ff9e0952000 	C:\WINDOWS\System32\ADVAPI32.dll
0x00007ff9df830000 - 0x00007ff9df8ce000 	C:\WINDOWS\System32\msvcrt.dll
0x00007ff9e0670000 - 0x00007ff9e06c9000 	C:\WINDOWS\System32\sechost.dll
0x00007ff9e0440000 - 0x00007ff9e0561000 	C:\WINDOWS\System32\RPCRT4.dll
0x00007ff9dfa10000 - 0x00007ff9dfb75000 	C:\WINDOWS\System32\USER32.dll
0x00007ff9dded0000 - 0x00007ff9ddeee000 	C:\WINDOWS\System32\win32u.dll
0x00007ff9e0870000 - 0x00007ff9e08a4000 	C:\WINDOWS\System32\GDI32.dll
0x00007ff9ddb00000 - 0x00007ff9ddc80000 	C:\WINDOWS\System32\gdi32full.dll
0x00007ff9d1f10000 - 0x00007ff9d218a000 	C:\WINDOWS\WinSxS\amd64_microsoft.windows.common-controls_6595b64144ccf1df_6.0.14393.953_none_42151e83c686086b\COMCTL32.dll
0x00007ff9de050000 - 0x00007ff9de318000 	C:\WINDOWS\System32\combase.dll
0x00007ff9dddd0000 - 0x00007ff9ddec5000 	C:\WINDOWS\System32\ucrtbase.dll
0x00007ff9dd870000 - 0x00007ff9dd8da000 	C:\WINDOWS\System32\bcryptPrimitives.dll
0x00007ff9de020000 - 0x00007ff9de04e000 	C:\WINDOWS\System32\IMM32.DLL
0x0000000070df0000 - 0x0000000070ec2000 	H:\android-studio\jre\jre\bin\msvcr100.dll
0x0000000070320000 - 0x0000000070b5e000 	H:\android-studio\jre\jre\bin\server\jvm.dll
0x00007ff9e0350000 - 0x00007ff9e0358000 	C:\WINDOWS\System32\PSAPI.DLL
0x00007ff9dae80000 - 0x00007ff9daea3000 	C:\WINDOWS\SYSTEM32\WINMM.dll
0x00007ff9da130000 - 0x00007ff9da13a000 	C:\WINDOWS\SYSTEM32\VERSION.dll
0x00007ff9da200000 - 0x00007ff9da209000 	C:\WINDOWS\SYSTEM32\WSOCK32.dll
0x00007ff9e02d0000 - 0x00007ff9e033a000 	C:\WINDOWS\System32\WS2_32.dll
0x00007ff9dad90000 - 0x00007ff9dadbb000 	C:\WINDOWS\SYSTEM32\winmmbase.dll
0x00007ff9dd650000 - 0x00007ff9dd692000 	C:\WINDOWS\System32\cfgmgr32.dll
0x00007ff9d9440000 - 0x00007ff9d944f000 	H:\android-studio\jre\jre\bin\verify.dll
0x00007ff9d7700000 - 0x00007ff9d7729000 	H:\android-studio\jre\jre\bin\java.dll
0x00007ff9d76e0000 - 0x00007ff9d76f6000 	H:\android-studio\jre\jre\bin\zip.dll
0x00007ff9de320000 - 0x00007ff9df828000 	C:\WINDOWS\System32\SHELL32.dll
0x00007ff9dcf10000 - 0x00007ff9dd5ea000 	C:\WINDOWS\System32\windows.storage.dll
0x00007ff9dce10000 - 0x00007ff9dce5c000 	C:\WINDOWS\System32\powrprof.dll
0x00007ff9e03c0000 - 0x00007ff9e0412000 	C:\WINDOWS\System32\shlwapi.dll
0x00007ff9dcdf0000 - 0x00007ff9dcdff000 	C:\WINDOWS\System32\kernel.appcore.dll
0x00007ff9dce60000 - 0x00007ff9dcf09000 	C:\WINDOWS\System32\shcore.dll
0x00007ff9dcdd0000 - 0x00007ff9dcde4000 	C:\WINDOWS\System32\profapi.dll
0x00007ff9d7b70000 - 0x00007ff9d7b7d000 	H:\android-studio\jre\jre\bin\management.dll
0x00007ff9d76c0000 - 0x00007ff9d76da000 	H:\android-studio\jre\jre\bin\net.dll
0x00007ff9dc6a0000 - 0x00007ff9dc6fc000 	C:\WINDOWS\system32\mswsock.dll
0x00007ff9d76a0000 - 0x00007ff9d76b1000 	H:\android-studio\jre\jre\bin\nio.dll
0x00007ff9dc840000 - 0x00007ff9dc857000 	C:\WINDOWS\SYSTEM32\CRYPTSP.dll
0x00007ff9dc2a0000 - 0x00007ff9dc2d3000 	C:\WINDOWS\system32\rsaenh.dll
0x00007ff9dcd10000 - 0x00007ff9dcd3b000 	C:\WINDOWS\SYSTEM32\bcrypt.dll
0x00007ff9dc520000 - 0x00007ff9dc53f000 	C:\WINDOWS\SYSTEM32\USERENV.dll
0x00007ff9dcd00000 - 0x00007ff9dcd0b000 	C:\WINDOWS\SYSTEM32\CRYPTBASE.dll
0x00007ff9dc420000 - 0x00007ff9dc458000 	C:\WINDOWS\SYSTEM32\IPHLPAPI.DLL
0x00007ff9e0340000 - 0x00007ff9e0348000 	C:\WINDOWS\System32\NSI.dll
0x00007ff9d4a00000 - 0x00007ff9d4a16000 	C:\WINDOWS\SYSTEM32\dhcpcsvc6.DLL
0x00007ff9d4eb0000 - 0x00007ff9d4eca000 	C:\WINDOWS\SYSTEM32\dhcpcsvc.DLL

VM Arguments:
jvm_args: -Djava.awt.headless=true -Djava.rmi.server.hostname=localhost -Xmx1536m -Dkotlin.environment.keepalive 
java_command: org.jetbrains.kotlin.daemon.KotlinCompileDaemon --daemon-runFilesPath C:\Users\takato\AppData\Local\kotlin\daemon --daemon-autoshutdownIdleSeconds=7200 --daemon-compilerClasspath C:\Users\takato\.gradle\caches\modules-2\files-2.1\org.jetbrains.kotlin\kotlin-compiler-embeddable\1.1.51\e87f62328a705dc5c5b857f1aa50d1732c8bc3d6\kotlin-compiler-embeddable-1.1.51.jar;H:\android-studio\jre\lib\tools.jar
java_class_path (initial): C:\Users\takato\.gradle\caches\modules-2\files-2.1\org.jetbrains.kotlin\kotlin-compiler-embeddable\1.1.51\e87f62328a705dc5c5b857f1aa50d1732c8bc3d6\kotlin-compiler-embeddable-1.1.51.jar;H:\android-studio\jre\lib\tools.jar
Launcher Type: SUN_STANDARD

Environment Variables:
PATH=C:\Program Files (x86)\Intel\iCLS Client\;C:\Program Files\Intel\iCLS Client\;C:\WINDOWS\system32;C:\WINDOWS;C:\WINDOWS\System32\Wbem;C:\WINDOWS\System32\WindowsPowerShell\v1.0\;C:\Program Files (x86)\Intel\Intel(R) Management Engine Components\DAL;C:\Program Files\Intel\Intel(R) Management Engine Components\DAL;C:\Program Files (x86)\Intel\Intel(R) Management Engine Components\IPT;C:\Program Files\Intel\Intel(R) Management Engine Components\IPT;C:\Program Files (x86)\GtkSharp\2.12\bin;C:\Program Files\Microsoft SQL Server\130\Tools\Binn\;C:\Program Files\Microsoft\Web Platform Installer\;C:\Program Files (x86)\Windows Kits\8.1\Windows Performance Toolkit\;H:\git\Git\cmd;C:\Microsoft VS Code\bin;C:\Users\takato\AppData\Local\Microsoft\WindowsApps;C:\Users\takato\AppData\Local\atom\bin
USERNAME=takato
OS=Windows_NT
PROCESSOR_IDENTIFIER=Intel64 Family 6 Model 78 Stepping 3, GenuineIntel



---------------  S Y S T E M  ---------------

OS: Windows 10.0 , 64 bit Build 14393 (10.0.14393.1198)

CPU:total 4 (initial active 4) (2 cores per cpu, 2 threads per core) family 6 model 78 stepping 3, cmov, cx8, fxsr, mmx, sse, sse2, sse3, ssse3, sse4.1, sse4.2, popcnt, avx, avx2, aes, clmul, erms, 3dnowpref, lzcnt, ht, tsc, tscinvbit, bmi1, bmi2, adx

Memory: 4k page, physical 4124476k(385428k free), swap 5916476k(3148k free)

vm_info: OpenJDK 64-Bit Server VM (25.152-b01) for windows-amd64 JRE (1.8.0_152-release-915-b01), built by "builder" with MS VC++ 10.0 (VS2010)

time: Sun Oct 08 02:37:30 2017
elapsed time: 4 seconds (0d 0h 0m 4s)

