#
# There is insufficient memory for the Java Runtime Environment to continue.
# Native memory allocation (malloc) failed to allocate 861696 bytes for Chunk::new
# Possible reasons:
#   The system is out of physical RAM or swap space
#   In 32 bit mode, the process size limit was hit
# Possible solutions:
#   Reduce memory load on the system
#   Increase physical memory or swap space
#   Check if swap backing store is full
#   Use 64 bit Java on a 64 bit OS
#   Decrease Java heap size (-Xmx/-Xms)
#   Decrease number of Java threads
#   Decrease Java thread stack sizes (-Xss)
#   Set larger code cache with -XX:ReservedCodeCacheSize=
# This output file may be truncated or incomplete.
#
#  Out of Memory Error (allocation.cpp:390), pid=7152, tid=0x00000000000018b4
#
# JRE version: OpenJDK Runtime Environment (8.0_152-b01) (build 1.8.0_152-release-915-b01)
# Java VM: OpenJDK 64-Bit Server VM (25.152-b01 mixed mode windows-amd64 compressed oops)
# Failed to write core dump. Minidumps are not enabled by default on client versions of Windows
#

---------------  T H R E A D  ---------------

Current thread (0x0000000016f55800):  JavaThread "C2 CompilerThread1" daemon [_thread_in_native, id=6324, stack(0x00000000185e0000,0x00000000186e0000)]

Stack: [0x00000000185e0000,0x00000000186e0000]
[error occurred during error reporting (printing stack bounds), id 0xc0000005]

Native frames: (J=compiled Java code, j=interpreted, Vv=VM code, C=native code)


Current CompileTask:
C2:   4198 1472       4       java.net.URLClassLoader$1::run (5 bytes)


---------------  P R O C E S S  ---------------

Java Threads: ( => current thread )
  0x0000000019041000 JavaThread "RMI RenewClean-[localhost:50496,org.jetbrains.kotlin.daemon.common.LoopbackNetworkInterface$ClientLoopbackSocketFactory@3de66395]" daemon [_thread_blocked, id=2208, stack(0x000000001a380000,0x000000001a480000)]
  0x000000001903f800 JavaThread "RMI TCP Connection(2)-127.0.0.1" daemon [_thread_in_vm, id=7812, stack(0x000000001a280000,0x000000001a380000)]
  0x000000001903d000 JavaThread "RMI Scheduler(0)" daemon [_thread_blocked, id=6524, stack(0x000000001a180000,0x000000001a280000)]
  0x00000000190a4000 JavaThread "RMI TCP Connection(1)-127.0.0.1" daemon [_thread_in_native, id=8060, stack(0x000000001a080000,0x000000001a180000)]
  0x000000000358d800 JavaThread "DestroyJavaVM" [_thread_blocked, id=3692, stack(0x0000000002f50000,0x0000000003050000)]
  0x0000000018fec800 JavaThread "GC Daemon" daemon [_thread_blocked, id=6312, stack(0x0000000019be0000,0x0000000019ce0000)]
  0x000000001907b000 JavaThread "RMI Reaper" [_thread_blocked, id=4244, stack(0x0000000019ae0000,0x0000000019be0000)]
  0x0000000018fd2800 JavaThread "Timer-0" daemon [_thread_blocked, id=3672, stack(0x00000000196e0000,0x00000000197e0000)]
  0x0000000018fcf800 JavaThread "RMI TCP Accept-17691" daemon [_thread_in_native, id=4308, stack(0x00000000195e0000,0x00000000196e0000)]
  0x0000000016f5e800 JavaThread "Service Thread" daemon [_thread_blocked, id=6608, stack(0x0000000018be0000,0x0000000018ce0000)]
  0x0000000016f58800 JavaThread "C1 CompilerThread2" daemon [_thread_blocked, id=6412, stack(0x00000000186e0000,0x00000000187e0000)]
=>0x0000000016f55800 JavaThread "C2 CompilerThread1" daemon [_thread_in_native, id=6324, stack(0x00000000185e0000,0x00000000186e0000)]
  0x0000000016f52800 JavaThread "C2 CompilerThread0" daemon [_thread_blocked, id=336, stack(0x00000000184e0000,0x00000000185e0000)]
  0x0000000016f51800 JavaThread "Attach Listener" daemon [_thread_blocked, id=5132, stack(0x00000000183e0000,0x00000000184e0000)]
  0x0000000016f0e800 JavaThread "Signal Dispatcher" daemon [_thread_blocked, id=4008, stack(0x00000000182e0000,0x00000000183e0000)]
  0x000000000350c800 JavaThread "Finalizer" daemon [_thread_blocked, id=2296, stack(0x0000000018150000,0x0000000018250000)]
  0x0000000003502000 JavaThread "Reference Handler" daemon [_thread_blocked, id=6188, stack(0x0000000018050000,0x0000000018150000)]

Other Threads:
  0x0000000016ec4000 VMThread [stack: 0x0000000017f50000,0x0000000018050000] [id=4272]
  0x00000000187ec800 WatcherThread [stack: 0x0000000018ce0000,0x0000000018de0000] [id=8044]

VM state:not at safepoint (normal execution)

VM Mutex/Monitor currently owned by a thread: None

Heap:
 PSYoungGen      total 35328K, used 15191K [0x00000000e0000000, 0x00000000e4500000, 0x0000000100000000)
  eden space 32768K, 46% used [0x00000000e0000000,0x00000000e0ed5e00,0x00000000e2000000)
  from space 2560K, 0% used [0x00000000e2000000,0x00000000e2000000,0x00000000e2280000)
  to   space 2560K, 0% used [0x00000000e4280000,0x00000000e4280000,0x00000000e4500000)
 ParOldGen       total 34304K, used 6682K [0x00000000a0000000, 0x00000000a2180000, 0x00000000e0000000)
  object space 34304K, 19% used [0x00000000a0000000,0x00000000a0686b10,0x00000000a2180000)
 Metaspace       used 23697K, capacity 24086K, committed 24448K, reserved 1071104K
  class space    used 3061K, capacity 3183K, committed 3200K, reserved 1048576K

Card table byte_map: [0x0000000012950000,0x0000000012c60000] byte_map_base: 0x0000000012450000

Marking Bits: (ParMarkBitMap*) 0x0000000070ae3950
 Begin Bits: [0x0000000013260000, 0x0000000014a60000)
 End Bits:   [0x0000000014a60000, 0x0000000016260000)

Polling page: 0x0000000001340000

CodeCache: size=245760Kb used=4432Kb max_used=4437Kb free=241327Kb
 bounds [0x0000000003590000, 0x00000000039f0000, 0x0000000012590000]
 total_blobs=1920 nmethods=1485 adapters=348
 compilation: enabled

Compilation events (10 events):
Event: 4.160 Thread 0x0000000016f58800 nmethod 1482 0x00000000039df110 code [0x00000000039df260, 0x00000000039df410]
Event: 4.168 Thread 0x0000000016f52800 nmethod 1481 0x00000000039e87d0 code [0x00000000039e8960, 0x00000000039e9708]
Event: 4.172 Thread 0x0000000016f58800 1483       3       java.lang.invoke.LambdaForm::uncustomize (58 bytes)
Event: 4.172 Thread 0x0000000016f58800 nmethod 1483 0x00000000039e8310 code [0x00000000039e8480, 0x00000000039e8730]
Event: 4.172 Thread 0x0000000016f58800 1484       3       jdk.internal.org.objectweb.asm.MethodWriter::visitInsn (106 bytes)
Event: 4.173 Thread 0x0000000016f58800 nmethod 1484 0x00000000039e7b10 code [0x00000000039e7cc0, 0x00000000039e8168]
Event: 4.173 Thread 0x0000000016f58800 1485       3       java.lang.Class::privateGetDeclaredConstructors (85 bytes)
Event: 4.174 Thread 0x0000000016f58800 nmethod 1485 0x00000000039e6f90 code [0x00000000039e7160, 0x00000000039e7858]
Event: 4.186 Thread 0x0000000016f58800 1486       3       java.lang.Class::privateGetMethodRecursive (130 bytes)
Event: 4.187 Thread 0x0000000016f58800 nmethod 1486 0x00000000039e1b50 code [0x00000000039e1d60, 0x00000000039e2618]

GC Heap History (10 events):
Event: 3.043 GC heap before
{Heap before GC invocations=3 (full 1):
 PSYoungGen      total 18944K, used 16384K [0x00000000e0000000, 0x00000000e1500000, 0x0000000100000000)
  eden space 16384K, 100% used [0x00000000e0000000,0x00000000e1000000,0x00000000e1000000)
  from space 2560K, 0% used [0x00000000e1000000,0x00000000e1000000,0x00000000e1280000)
  to   space 2560K, 0% used [0x00000000e1280000,0x00000000e1280000,0x00000000e1500000)
 ParOldGen       total 44032K, used 3004K [0x00000000a0000000, 0x00000000a2b00000, 0x00000000e0000000)
  object space 44032K, 6% used [0x00000000a0000000,0x00000000a02ef2d0,0x00000000a2b00000)
 Metaspace       used 12081K, capacity 12388K, committed 12544K, reserved 1060864K
  class space    used 1373K, capacity 1468K, committed 1536K, reserved 1048576K
Event: 3.053 GC heap after
Heap after GC invocations=3 (full 1):
 PSYoungGen      total 18944K, used 2530K [0x00000000e0000000, 0x00000000e1500000, 0x0000000100000000)
  eden space 16384K, 0% used [0x00000000e0000000,0x00000000e0000000,0x00000000e1000000)
  from space 2560K, 98% used [0x00000000e1280000,0x00000000e14f8b60,0x00000000e1500000)
  to   space 2560K, 0% used [0x00000000e1000000,0x00000000e1000000,0x00000000e1280000)
 ParOldGen       total 44032K, used 4549K [0x00000000a0000000, 0x00000000a2b00000, 0x00000000e0000000)
  object space 44032K, 10% used [0x00000000a0000000,0x00000000a04716d8,0x00000000a2b00000)
 Metaspace       used 12081K, capacity 12388K, committed 12544K, reserved 1060864K
  class space    used 1373K, capacity 1468K, committed 1536K, reserved 1048576K
}
Event: 3.422 GC heap before
{Heap before GC invocations=4 (full 1):
 PSYoungGen      total 18944K, used 18913K [0x00000000e0000000, 0x00000000e1500000, 0x0000000100000000)
  eden space 16384K, 99% used [0x00000000e0000000,0x00000000e0fffbb0,0x00000000e1000000)
  from space 2560K, 98% used [0x00000000e1280000,0x00000000e14f8b60,0x00000000e1500000)
  to   space 2560K, 0% used [0x00000000e1000000,0x00000000e1000000,0x00000000e1280000)
 ParOldGen       total 44032K, used 4549K [0x00000000a0000000, 0x00000000a2b00000, 0x00000000e0000000)
  object space 44032K, 10% used [0x00000000a0000000,0x00000000a04716d8,0x00000000a2b00000)
 Metaspace       used 15537K, capacity 15822K, committed 16128K, reserved 1062912K
  class space    used 1838K, capacity 1923K, committed 2048K, reserved 1048576K
Event: 3.428 GC heap after
Heap after GC invocations=4 (full 1):
 PSYoungGen      total 18944K, used 2555K [0x00000000e0000000, 0x00000000e2500000, 0x0000000100000000)
  eden space 16384K, 0% used [0x00000000e0000000,0x00000000e0000000,0x00000000e1000000)
  from space 2560K, 99% used [0x00000000e1000000,0x00000000e127ee40,0x00000000e1280000)
  to   space 2560K, 0% used [0x00000000e2280000,0x00000000e2280000,0x00000000e2500000)
 ParOldGen       total 44032K, used 7607K [0x00000000a0000000, 0x00000000a2b00000, 0x00000000e0000000)
  object space 44032K, 17% used [0x00000000a0000000,0x00000000a076df38,0x00000000a2b00000)
 Metaspace       used 15537K, capacity 15822K, committed 16128K, reserved 1062912K
  class space    used 1838K, capacity 1923K, committed 2048K, reserved 1048576K
}
Event: 3.784 GC heap before
{Heap before GC invocations=5 (full 1):
 PSYoungGen      total 18944K, used 18939K [0x00000000e0000000, 0x00000000e2500000, 0x0000000100000000)
  eden space 16384K, 100% used [0x00000000e0000000,0x00000000e1000000,0x00000000e1000000)
  from space 2560K, 99% used [0x00000000e1000000,0x00000000e127ee40,0x00000000e1280000)
  to   space 2560K, 0% used [0x00000000e2280000,0x00000000e2280000,0x00000000e2500000)
 ParOldGen       total 44032K, used 7607K [0x00000000a0000000, 0x00000000a2b00000, 0x00000000e0000000)
  object space 44032K, 17% used [0x00000000a0000000,0x00000000a076df38,0x00000000a2b00000)
 Metaspace       used 19052K, capacity 19416K, committed 19584K, reserved 1067008K
  class space    used 2307K, capacity 2414K, committed 2432K, reserved 1048576K
Event: 3.791 GC heap after
Heap after GC invocations=5 (full 1):
 PSYoungGen      total 35328K, used 2560K [0x00000000e0000000, 0x00000000e2500000, 0x0000000100000000)
  eden space 32768K, 0% used [0x00000000e0000000,0x00000000e0000000,0x00000000e2000000)
  from space 2560K, 100% used [0x00000000e2280000,0x00000000e2500000,0x00000000e2500000)
  to   space 2560K, 0% used [0x00000000e2000000,0x00000000e2000000,0x00000000e2280000)
 ParOldGen       total 44032K, used 11354K [0x00000000a0000000, 0x00000000a2b00000, 0x00000000e0000000)
  object space 44032K, 25% used [0x00000000a0000000,0x00000000a0b168c8,0x00000000a2b00000)
 Metaspace       used 19052K, capacity 19416K, committed 19584K, reserved 1067008K
  class space    used 2307K, capacity 2414K, committed 2432K, reserved 1048576K
}
Event: 3.924 GC heap before
{Heap before GC invocations=6 (full 1):
 PSYoungGen      total 35328K, used 11905K [0x00000000e0000000, 0x00000000e2500000, 0x0000000100000000)
  eden space 32768K, 28% used [0x00000000e0000000,0x00000000e0920548,0x00000000e2000000)
  from space 2560K, 100% used [0x00000000e2280000,0x00000000e2500000,0x00000000e2500000)
  to   space 2560K, 0% used [0x00000000e2000000,0x00000000e2000000,0x00000000e2280000)
 ParOldGen       total 44032K, used 11354K [0x00000000a0000000, 0x00000000a2b00000, 0x00000000e0000000)
  object space 44032K, 25% used [0x00000000a0000000,0x00000000a0b168c8,0x00000000a2b00000)
 Metaspace       used 20741K, capacity 21082K, committed 21296K, reserved 1069056K
  class space    used 2556K, capacity 2653K, committed 2688K, reserved 1048576K
Event: 3.928 GC heap after
Heap after GC invocations=6 (full 1):
 PSYoungGen      total 35328K, used 2560K [0x00000000e0000000, 0x00000000e4500000, 0x0000000100000000)
  eden space 32768K, 0% used [0x00000000e0000000,0x00000000e0000000,0x00000000e2000000)
  from space 2560K, 100% used [0x00000000e2000000,0x00000000e2280000,0x00000000e2280000)
  to   space 2560K, 0% used [0x00000000e4280000,0x00000000e4280000,0x00000000e4500000)
 ParOldGen       total 44032K, used 13247K [0x00000000a0000000, 0x00000000a2b00000, 0x00000000e0000000)
  object space 44032K, 30% used [0x00000000a0000000,0x00000000a0ceff38,0x00000000a2b00000)
 Metaspace       used 20741K, capacity 21082K, committed 21296K, reserved 1069056K
  class space    used 2556K, capacity 2653K, committed 2688K, reserved 1048576K
}
Event: 3.928 GC heap before
{Heap before GC invocations=7 (full 2):
 PSYoungGen      total 35328K, used 2560K [0x00000000e0000000, 0x00000000e4500000, 0x0000000100000000)
  eden space 32768K, 0% used [0x00000000e0000000,0x00000000e0000000,0x00000000e2000000)
  from space 2560K, 100% used [0x00000000e2000000,0x00000000e2280000,0x00000000e2280000)
  to   space 2560K, 0% used [0x00000000e4280000,0x00000000e4280000,0x00000000e4500000)
 ParOldGen       total 44032K, used 13247K [0x00000000a0000000, 0x00000000a2b00000, 0x00000000e0000000)
  object space 44032K, 30% used [0x00000000a0000000,0x00000000a0ceff38,0x00000000a2b00000)
 Metaspace       used 20741K, capacity 21082K, committed 21296K, reserved 1069056K
  class space    used 2556K, capacity 2653K, committed 2688K, reserved 1048576K
Event: 3.967 GC heap after
Heap after GC invocations=7 (full 2):
 PSYoungGen      total 35328K, used 0K [0x00000000e0000000, 0x00000000e4500000, 0x0000000100000000)
  eden space 32768K, 0% used [0x00000000e0000000,0x00000000e0000000,0x00000000e2000000)
  from space 2560K, 0% used [0x00000000e2000000,0x00000000e2000000,0x00000000e2280000)
  to   space 2560K, 0% used [0x00000000e4280000,0x00000000e4280000,0x00000000e4500000)
 ParOldGen       total 34304K, used 6682K [0x00000000a0000000, 0x00000000a2180000, 0x00000000e0000000)
  object space 34304K, 19% used [0x00000000a0000000,0x00000000a0686b10,0x00000000a2180000)
 Metaspace       used 20741K, capacity 21082K, committed 21296K, reserved 1069056K
  class space    used 2556K, capacity 2653K, committed 2688K, reserved 1048576K
}

Deoptimization events (10 events):
Event: 2.574 Thread 0x000000001903f800 Uncommon trap: reason=class_check action=maybe_recompile pc=0x00000000037da840 method=java.io.FilterInputStream.read([B)I @ 5
Event: 3.130 Thread 0x000000001903f800 Uncommon trap: reason=class_check action=maybe_recompile pc=0x000000000385d7f4 method=kotlin.reflect.jvm.internal.impl.protobuf.CodedInputStream.tryRefillBuffer(I)Z @ 177
Event: 3.133 Thread 0x000000001903f800 Uncommon trap: reason=class_check action=maybe_recompile pc=0x000000000385d7f4 method=kotlin.reflect.jvm.internal.impl.protobuf.CodedInputStream.tryRefillBuffer(I)Z @ 177
Event: 3.133 Thread 0x000000001903f800 Uncommon trap: reason=class_check action=maybe_recompile pc=0x000000000385d7f4 method=kotlin.reflect.jvm.internal.impl.protobuf.CodedInputStream.tryRefillBuffer(I)Z @ 177
Event: 3.134 Thread 0x000000001903f800 Uncommon trap: reason=unstable_if action=reinterpret pc=0x000000000385e100 method=kotlin.reflect.jvm.internal.impl.protobuf.CodedInputStream.readRawVarint32()I @ 69
Event: 3.136 Thread 0x000000001903f800 Uncommon trap: reason=class_check action=maybe_recompile pc=0x000000000385d7f4 method=kotlin.reflect.jvm.internal.impl.protobuf.CodedInputStream.tryRefillBuffer(I)Z @ 177
Event: 3.794 Thread 0x000000001903f800 Uncommon trap: reason=unstable_if action=reinterpret pc=0x0000000003912628 method=java.util.HashMap.hash(Ljava/lang/Object;)I @ 1
Event: 3.906 Thread 0x000000001903f800 Uncommon trap: reason=class_check action=maybe_recompile pc=0x00000000037da840 method=java.io.FilterInputStream.read([B)I @ 5
Event: 3.907 Thread 0x000000001903f800 Uncommon trap: reason=class_check action=maybe_recompile pc=0x00000000037da840 method=java.io.FilterInputStream.read([B)I @ 5
Event: 3.994 Thread 0x000000001903f800 Uncommon trap: reason=range_check action=make_not_entrant pc=0x00000000039061a0 method=sun.reflect.generics.parser.SignatureParser.current()C @ 34

Classes redefined (0 events):
No events

Internal exceptions (10 events):
Event: 2.656 Thread 0x0000000019041000 Exception <a 'java/lang/InterruptedException'> (0x00000000e0451230) thrown at [D:\src\AOSP-openjdk-cygwin\jdk8u\hotspot\src\share\vm\runtime\objectMonitor.cpp, line 1684]
Event: 3.177 Thread 0x000000001903f800 Exception <a 'java/lang/ArrayIndexOutOfBoundsException'> (0x00000000e05fdd00) thrown at [D:\src\AOSP-openjdk-cygwin\jdk8u\hotspot\src\share\vm\runtime\sharedRuntime.cpp, line 605]
Event: 3.599 Thread 0x000000001903f800 Exception <a 'sun/nio/fs/WindowsException'> (0x00000000e08e0580) thrown at [D:\src\AOSP-openjdk-cygwin\jdk8u\hotspot\src\share\vm\prims\jni.cpp, line 709]
Event: 3.599 Thread 0x000000001903f800 Exception <a 'java/lang/reflect/InvocationTargetException'> (0x00000000e08e1140) thrown at [D:\src\AOSP-openjdk-cygwin\jdk8u\hotspot\src\share\vm\runtime\reflection.cpp, line 1092]
Event: 3.794 Thread 0x000000001903f800 Implicit null exception at 0x00000000039125af to 0x0000000003912619
Event: 3.847 Thread 0x000000001903f800 Exception <a 'java/lang/NoSuchMethodError': java.lang.Object.lambda$comparing$77a9974f$1(Ljava/util/function/Function;Ljava/lang/Object;Ljava/lang/Object;)I> (0x00000000e03fdc38) thrown at [D:\src\AOSP-openjdk-cygwin\jdk8u\hotspot\src\share\vm\interpreter
Event: 3.994 Thread 0x000000001903f800 Exception <a 'java/lang/ArrayIndexOutOfBoundsException': 60> (0x00000000e01a7d20) thrown at [D:\src\AOSP-openjdk-cygwin\jdk8u\hotspot\src\share\vm\interpreter\interpreterRuntime.cpp, line 366]
Event: 4.001 Thread 0x000000001903f800 Exception <a 'java/lang/ArrayIndexOutOfBoundsException': 67> (0x00000000e01e8590) thrown at [D:\src\AOSP-openjdk-cygwin\jdk8u\hotspot\src\share\vm\interpreter\interpreterRuntime.cpp, line 366]
Event: 4.117 Thread 0x000000001903f800 Exception <a 'java/lang/NoSuchMethodError': java.lang.Object.lambda$static$0(I)[Lorg/jetbrains/kotlin/com/intellij/openapi/editor/event/DocumentListener;> (0x00000000e09c3a08) thrown at [D:\src\AOSP-openjdk-cygwin\jdk8u\hotspot\src\share\vm\interpreter\li
Event: 4.149 Thread 0x000000001903f800 Exception <a 'java/lang/NoSuchMethodError': java.lang.Object.lambda$static$0(I)[Lorg/jetbrains/kotlin/com/intellij/psi/PsiAnnotation;> (0x00000000e0bb4d68) thrown at [D:\src\AOSP-openjdk-cygwin\jdk8u\hotspot\src\share\vm\interpreter\linkResolver.cpp, line

Events (10 events):
Event: 4.193 loading class org/jetbrains/kotlin/com/intellij/openapi/ui/Queryable
Event: 4.193 loading class org/jetbrains/kotlin/com/intellij/openapi/ui/Queryable done
Event: 4.193 loading class org/jetbrains/kotlin/com/intellij/psi/impl/PsiFileEx
Event: 4.193 loading class org/jetbrains/kotlin/com/intellij/psi/impl/PsiFileEx done
Event: 4.193 loading class org/jetbrains/kotlin/com/intellij/psi/impl/source/PsiFileWithStubSupport
Event: 4.193 loading class org/jetbrains/kotlin/com/intellij/psi/impl/source/PsiFileWithStubSupport done
Event: 4.194 loading class org/jetbrains/kotlin/com/intellij/psi/impl/source/JavaDummyHolder
Event: 4.194 loading class org/jetbrains/kotlin/com/intellij/psi/impl/source/JavaDummyHolder done
Event: 4.195 loading class org/jetbrains/kotlin/com/intellij/psi/PsiImportHolder
Event: 4.195 loading class org/jetbrains/kotlin/com/intellij/psi/PsiImportHolder done


Dynamic libraries:
0x00007ff6b91b0000 - 0x00007ff6b91e1000 	H:\android-studio\jre\jre\bin\java.exe
0x00007ff9e0960000 - 0x00007ff9e0b32000 	C:\WINDOWS\SYSTEM32\ntdll.dll
0x00007ff9ddf00000 - 0x00007ff9ddfac000 	C:\WINDOWS\System32\KERNEL32.DLL
0x00007ff9dd8e0000 - 0x00007ff9ddafd000 	C:\WINDOWS\System32\KERNELBASE.dll
0x00007ff9e08b0000 - 0x00007ff9e0952000 	C:\WINDOWS\System32\ADVAPI32.dll
0x00007ff9df830000 - 0x00007ff9df8ce000 	C:\WINDOWS\System32\msvcrt.dll
0x00007ff9e0670000 - 0x00007ff9e06c9000 	C:\WINDOWS\System32\sechost.dll
0x00007ff9e0440000 - 0x00007ff9e0561000 	C:\WINDOWS\System32\RPCRT4.dll
0x00007ff9dfa10000 - 0x00007ff9dfb75000 	C:\WINDOWS\System32\USER32.dll
0x00007ff9dded0000 - 0x00007ff9ddeee000 	C:\WINDOWS\System32\win32u.dll
0x00007ff9e0870000 - 0x00007ff9e08a4000 	C:\WINDOWS\System32\GDI32.dll
0x00007ff9ddb00000 - 0x00007ff9ddc80000 	C:\WINDOWS\System32\gdi32full.dll
0x00007ff9d1f10000 - 0x00007ff9d218a000 	C:\WINDOWS\WinSxS\amd64_microsoft.windows.common-controls_6595b64144ccf1df_6.0.14393.953_none_42151e83c686086b\COMCTL32.dll
0x00007ff9de050000 - 0x00007ff9de318000 	C:\WINDOWS\System32\combase.dll
0x00007ff9dddd0000 - 0x00007ff9ddec5000 	C:\WINDOWS\System32\ucrtbase.dll
0x00007ff9dd870000 - 0x00007ff9dd8da000 	C:\WINDOWS\System32\bcryptPrimitives.dll
0x00007ff9de020000 - 0x00007ff9de04e000 	C:\WINDOWS\System32\IMM32.DLL
0x0000000070df0000 - 0x0000000070ec2000 	H:\android-studio\jre\jre\bin\msvcr100.dll
0x0000000070320000 - 0x0000000070b5e000 	H:\android-studio\jre\jre\bin\server\jvm.dll
0x00007ff9e0350000 - 0x00007ff9e0358000 	C:\WINDOWS\System32\PSAPI.DLL
0x00007ff9da200000 - 0x00007ff9da209000 	C:\WINDOWS\SYSTEM32\WSOCK32.dll
0x00007ff9da130000 - 0x00007ff9da13a000 	C:\WINDOWS\SYSTEM32\VERSION.dll
0x00007ff9dae80000 - 0x00007ff9daea3000 	C:\WINDOWS\SYSTEM32\WINMM.dll
0x00007ff9e02d0000 - 0x00007ff9e033a000 	C:\WINDOWS\System32\WS2_32.dll
0x00007ff9dad90000 - 0x00007ff9dadbb000 	C:\WINDOWS\SYSTEM32\WINMMBASE.dll
0x00007ff9dd650000 - 0x00007ff9dd692000 	C:\WINDOWS\System32\cfgmgr32.dll
0x00007ff9d9440000 - 0x00007ff9d944f000 	H:\android-studio\jre\jre\bin\verify.dll
0x00007ff9d7700000 - 0x00007ff9d7729000 	H:\android-studio\jre\jre\bin\java.dll
0x00007ff9d76e0000 - 0x00007ff9d76f6000 	H:\android-studio\jre\jre\bin\zip.dll
0x00007ff9de320000 - 0x00007ff9df828000 	C:\WINDOWS\System32\SHELL32.dll
0x00007ff9dcf10000 - 0x00007ff9dd5ea000 	C:\WINDOWS\System32\windows.storage.dll
0x00007ff9dce10000 - 0x00007ff9dce5c000 	C:\WINDOWS\System32\powrprof.dll
0x00007ff9e03c0000 - 0x00007ff9e0412000 	C:\WINDOWS\System32\shlwapi.dll
0x00007ff9dcdf0000 - 0x00007ff9dcdff000 	C:\WINDOWS\System32\kernel.appcore.dll
0x00007ff9dce60000 - 0x00007ff9dcf09000 	C:\WINDOWS\System32\shcore.dll
0x00007ff9dcdd0000 - 0x00007ff9dcde4000 	C:\WINDOWS\System32\profapi.dll
0x00007ff9d7b70000 - 0x00007ff9d7b7d000 	H:\android-studio\jre\jre\bin\management.dll
0x00007ff9d76c0000 - 0x00007ff9d76da000 	H:\android-studio\jre\jre\bin\net.dll
0x00007ff9dc6a0000 - 0x00007ff9dc6fc000 	C:\WINDOWS\system32\mswsock.dll
0x00007ff9d76a0000 - 0x00007ff9d76b1000 	H:\android-studio\jre\jre\bin\nio.dll
0x00007ff9dc840000 - 0x00007ff9dc857000 	C:\WINDOWS\SYSTEM32\CRYPTSP.dll
0x00007ff9dc2a0000 - 0x00007ff9dc2d3000 	C:\WINDOWS\system32\rsaenh.dll
0x00007ff9dcd10000 - 0x00007ff9dcd3b000 	C:\WINDOWS\SYSTEM32\bcrypt.dll
0x00007ff9dc520000 - 0x00007ff9dc53f000 	C:\WINDOWS\SYSTEM32\USERENV.dll
0x00007ff9dcd00000 - 0x00007ff9dcd0b000 	C:\WINDOWS\SYSTEM32\CRYPTBASE.dll
0x00007ff9dc420000 - 0x00007ff9dc458000 	C:\WINDOWS\SYSTEM32\IPHLPAPI.DLL
0x00007ff9e0340000 - 0x00007ff9e0348000 	C:\WINDOWS\System32\NSI.dll
0x00007ff9d4a00000 - 0x00007ff9d4a16000 	C:\WINDOWS\SYSTEM32\dhcpcsvc6.DLL
0x00007ff9d4eb0000 - 0x00007ff9d4eca000 	C:\WINDOWS\SYSTEM32\dhcpcsvc.DLL

VM Arguments:
jvm_args: -Djava.awt.headless=true -Djava.rmi.server.hostname=localhost -Xmx1536m -Dkotlin.environment.keepalive 
java_command: org.jetbrains.kotlin.daemon.KotlinCompileDaemon --daemon-runFilesPath C:\Users\takato\AppData\Local\kotlin\daemon --daemon-autoshutdownIdleSeconds=7200 --daemon-compilerClasspath C:\Users\takato\.gradle\caches\modules-2\files-2.1\org.jetbrains.kotlin\kotlin-compiler-embeddable\1.1.51\e87f62328a705dc5c5b857f1aa50d1732c8bc3d6\kotlin-compiler-embeddable-1.1.51.jar;H:\android-studio\jre\lib\tools.jar
java_class_path (initial): C:\Users\takato\.gradle\caches\modules-2\files-2.1\org.jetbrains.kotlin\kotlin-compiler-embeddable\1.1.51\e87f62328a705dc5c5b857f1aa50d1732c8bc3d6\kotlin-compiler-embeddable-1.1.51.jar;H:\android-studio\jre\lib\tools.jar
Launcher Type: SUN_STANDARD

Environment Variables:
PATH=C:\Program Files (x86)\Intel\iCLS Client\;C:\Program Files\Intel\iCLS Client\;C:\WINDOWS\system32;C:\WINDOWS;C:\WINDOWS\System32\Wbem;C:\WINDOWS\System32\WindowsPowerShell\v1.0\;C:\Program Files (x86)\Intel\Intel(R) Management Engine Components\DAL;C:\Program Files\Intel\Intel(R) Management Engine Components\DAL;C:\Program Files (x86)\Intel\Intel(R) Management Engine Components\IPT;C:\Program Files\Intel\Intel(R) Management Engine Components\IPT;C:\Program Files (x86)\GtkSharp\2.12\bin;C:\Program Files\Microsoft SQL Server\130\Tools\Binn\;C:\Program Files\Microsoft\Web Platform Installer\;C:\Program Files (x86)\Windows Kits\8.1\Windows Performance Toolkit\;H:\git\Git\cmd;C:\Microsoft VS Code\bin;C:\Users\takato\AppData\Local\Microsoft\WindowsApps;C:\Users\takato\AppData\Local\atom\bin
USERNAME=takato
OS=Windows_NT
PROCESSOR_IDENTIFIER=Intel64 Family 6 Model 78 Stepping 3, GenuineIntel



---------------  S Y S T E M  ---------------

OS: Windows 10.0 , 64 bit Build 14393 (10.0.14393.1198)

CPU:total 4 (initial active 4) (2 cores per cpu, 2 threads per core) family 6 model 78 stepping 3, cmov, cx8, fxsr, mmx, sse, sse2, sse3, ssse3, sse4.1, sse4.2, popcnt, avx, avx2, aes, clmul, erms, 3dnowpref, lzcnt, ht, tsc, tscinvbit, bmi1, bmi2, adx

Memory: 4k page, physical 4124476k(337412k free), swap 5916476k(4404k free)

vm_info: OpenJDK 64-Bit Server VM (25.152-b01) for windows-amd64 JRE (1.8.0_152-release-915-b01), built by "builder" with MS VC++ 10.0 (VS2010)

time: Sun Oct 08 02:34:26 2017
elapsed time: 4 seconds (0d 0h 0m 4s)

