#
# There is insufficient memory for the Java Runtime Environment to continue.
# Native memory allocation (malloc) failed to allocate 131088 bytes for Chunk::new
# Possible reasons:
#   The system is out of physical RAM or swap space
#   In 32 bit mode, the process size limit was hit
# Possible solutions:
#   Reduce memory load on the system
#   Increase physical memory or swap space
#   Check if swap backing store is full
#   Use 64 bit Java on a 64 bit OS
#   Decrease Java heap size (-Xmx/-Xms)
#   Decrease number of Java threads
#   Decrease Java thread stack sizes (-Xss)
#   Set larger code cache with -XX:ReservedCodeCacheSize=
# This output file may be truncated or incomplete.
#
#  Out of Memory Error (allocation.cpp:390), pid=4492, tid=0x0000000000001990
#
# JRE version: OpenJDK Runtime Environment (8.0_152-b01) (build 1.8.0_152-release-915-b01)
# Java VM: OpenJDK 64-Bit Server VM (25.152-b01 mixed mode windows-amd64 compressed oops)
# Failed to write core dump. Minidumps are not enabled by default on client versions of Windows
#

---------------  T H R E A D  ---------------

Current thread (0x0000000016622000):  JavaThread "C2 CompilerThread0" daemon [_thread_in_native, id=6544, stack(0x0000000017b30000,0x0000000017c30000)]

Stack: [0x0000000017b30000,0x0000000017c30000]
[error occurred during error reporting (printing stack bounds), id 0xc0000005]

Native frames: (J=compiled Java code, j=interpreted, Vv=VM code, C=native code)


Current CompileTask:
C2:   3285 1487       4       java.net.URLClassLoader$1::run (5 bytes)


---------------  P R O C E S S  ---------------

Java Threads: ( => current thread )
  0x00000000186f2800 JavaThread "RMI RenewClean-[localhost:50496,org.jetbrains.kotlin.daemon.common.LoopbackNetworkInterface$ClientLoopbackSocketFactory@142dacdb]" daemon [_thread_blocked, id=7776, stack(0x00000000199d0000,0x0000000019ad0000)]
  0x00000000186dc800 JavaThread "RMI TCP Connection(2)-127.0.0.1" daemon [_thread_in_vm, id=2592, stack(0x00000000198d0000,0x00000000199d0000)]
  0x00000000186d5800 JavaThread "RMI Scheduler(0)" daemon [_thread_blocked, id=7968, stack(0x00000000197d0000,0x00000000198d0000)]
  0x00000000186b8800 JavaThread "RMI TCP Connection(1)-127.0.0.1" daemon [_thread_in_native, id=5388, stack(0x00000000196d0000,0x00000000197d0000)]
  0x0000000002b5d800 JavaThread "DestroyJavaVM" [_thread_blocked, id=4532, stack(0x0000000002970000,0x0000000002a70000)]
  0x000000001863a800 JavaThread "GC Daemon" daemon [_thread_blocked, id=3284, stack(0x0000000019230000,0x0000000019330000)]
  0x000000001863a000 JavaThread "RMI Reaper" [_thread_blocked, id=460, stack(0x0000000019130000,0x0000000019230000)]
  0x0000000018617800 JavaThread "Timer-0" daemon [_thread_blocked, id=2172, stack(0x0000000018d30000,0x0000000018e30000)]
  0x0000000018616800 JavaThread "RMI TCP Accept-17771" daemon [_thread_in_native, id=6948, stack(0x0000000018c30000,0x0000000018d30000)]
  0x0000000017ea8800 JavaThread "Service Thread" daemon [_thread_blocked, id=6068, stack(0x0000000018230000,0x0000000018330000)]
  0x000000001662c800 JavaThread "C1 CompilerThread2" daemon [_thread_blocked, id=2032, stack(0x0000000017d30000,0x0000000017e30000)]
  0x0000000016628800 JavaThread "C2 CompilerThread1" daemon [_thread_blocked, id=7024, stack(0x0000000017c30000,0x0000000017d30000)]
=>0x0000000016622000 JavaThread "C2 CompilerThread0" daemon [_thread_in_native, id=6544, stack(0x0000000017b30000,0x0000000017c30000)]
  0x0000000016620800 JavaThread "Attach Listener" daemon [_thread_blocked, id=4416, stack(0x0000000017a30000,0x0000000017b30000)]
  0x00000000165de000 JavaThread "Signal Dispatcher" daemon [_thread_blocked, id=4172, stack(0x0000000017930000,0x0000000017a30000)]
  0x0000000002c5b000 JavaThread "Finalizer" daemon [_thread_blocked, id=2228, stack(0x0000000017830000,0x0000000017930000)]
  0x0000000002c52000 JavaThread "Reference Handler" daemon [_thread_blocked, id=7636, stack(0x0000000017730000,0x0000000017830000)]

Other Threads:
  0x0000000016594000 VMThread [stack: 0x0000000017630000,0x0000000017730000] [id=7376]
  0x0000000017ea9800 WatcherThread [stack: 0x0000000018330000,0x0000000018430000] [id=540]

VM state:not at safepoint (normal execution)

VM Mutex/Monitor currently owned by a thread: None

Heap:
 PSYoungGen      total 35328K, used 13896K [0x00000000e0000000, 0x00000000e4500000, 0x0000000100000000)
  eden space 32768K, 42% used [0x00000000e0000000,0x00000000e0d920d8,0x00000000e2000000)
  from space 2560K, 0% used [0x00000000e2000000,0x00000000e2000000,0x00000000e2280000)
  to   space 2560K, 0% used [0x00000000e4280000,0x00000000e4280000,0x00000000e4500000)
 ParOldGen       total 35328K, used 6742K [0x00000000a0000000, 0x00000000a2280000, 0x00000000e0000000)
  object space 35328K, 19% used [0x00000000a0000000,0x00000000a0695870,0x00000000a2280000)
 Metaspace       used 23459K, capacity 23938K, committed 24192K, reserved 1071104K
  class space    used 3032K, capacity 3153K, committed 3200K, reserved 1048576K

Card table byte_map: [0x0000000012020000,0x0000000012330000] byte_map_base: 0x0000000011b20000

Marking Bits: (ParMarkBitMap*) 0x0000000070ae3950
 Begin Bits: [0x0000000012930000, 0x0000000014130000)
 End Bits:   [0x0000000014130000, 0x0000000015930000)

Polling page: 0x0000000000980000

CodeCache: size=245760Kb used=4441Kb max_used=4451Kb free=241318Kb
 bounds [0x0000000002c60000, 0x00000000030c0000, 0x0000000011c60000]
 total_blobs=1935 nmethods=1501 adapters=347
 compilation: enabled

Compilation events (10 events):
Event: 3.218 Thread 0x000000001662c800 1498       3       java.lang.invoke.MemberName::init (66 bytes)
Event: 3.218 Thread 0x000000001662c800 nmethod 1498 0x00000000030b8dd0 code [0x00000000030b8f20, 0x00000000030b90d0]
Event: 3.219 Thread 0x0000000016628800 1499 % !   4       java.util.concurrent.ConcurrentHashMap::transfer @ 441 (832 bytes)
Event: 3.240 Thread 0x0000000016628800 nmethod 1499% 0x00000000030ba850 code [0x00000000030ba9e0, 0x00000000030bb908]
Event: 3.266 Thread 0x000000001662c800 1500       3       java.lang.invoke.LambdaForm::uncustomize (58 bytes)
Event: 3.266 Thread 0x000000001662c800 nmethod 1500 0x00000000030b8910 code [0x00000000030b8a80, 0x00000000030b8d30]
Event: 3.267 Thread 0x000000001662c800 1501       3       jdk.internal.org.objectweb.asm.MethodWriter::visitInsn (106 bytes)
Event: 3.268 Thread 0x000000001662c800 nmethod 1501 0x00000000030b8110 code [0x00000000030b82c0, 0x00000000030b8768]
Event: 3.268 Thread 0x000000001662c800 1502       3       java.lang.reflect.Constructor::setConstructorAccessor (21 bytes)
Event: 3.268 Thread 0x000000001662c800 nmethod 1502 0x00000000030b7ad0 code [0x00000000030b7c40, 0x00000000030b7fe8]

GC Heap History (10 events):
Event: 2.064 GC heap before
{Heap before GC invocations=3 (full 1):
 PSYoungGen      total 18944K, used 16384K [0x00000000e0000000, 0x00000000e1500000, 0x0000000100000000)
  eden space 16384K, 100% used [0x00000000e0000000,0x00000000e1000000,0x00000000e1000000)
  from space 2560K, 0% used [0x00000000e1000000,0x00000000e1000000,0x00000000e1280000)
  to   space 2560K, 0% used [0x00000000e1280000,0x00000000e1280000,0x00000000e1500000)
 ParOldGen       total 44032K, used 3003K [0x00000000a0000000, 0x00000000a2b00000, 0x00000000e0000000)
  object space 44032K, 6% used [0x00000000a0000000,0x00000000a02eefb0,0x00000000a2b00000)
 Metaspace       used 12071K, capacity 12388K, committed 12544K, reserved 1060864K
  class space    used 1377K, capacity 1468K, committed 1536K, reserved 1048576K
Event: 2.068 GC heap after
Heap after GC invocations=3 (full 1):
 PSYoungGen      total 18944K, used 2540K [0x00000000e0000000, 0x00000000e1500000, 0x0000000100000000)
  eden space 16384K, 0% used [0x00000000e0000000,0x00000000e0000000,0x00000000e1000000)
  from space 2560K, 99% used [0x00000000e1280000,0x00000000e14fb358,0x00000000e1500000)
  to   space 2560K, 0% used [0x00000000e1000000,0x00000000e1000000,0x00000000e1280000)
 ParOldGen       total 44032K, used 4603K [0x00000000a0000000, 0x00000000a2b00000, 0x00000000e0000000)
  object space 44032K, 10% used [0x00000000a0000000,0x00000000a047ee90,0x00000000a2b00000)
 Metaspace       used 12071K, capacity 12388K, committed 12544K, reserved 1060864K
  class space    used 1377K, capacity 1468K, committed 1536K, reserved 1048576K
}
Event: 2.428 GC heap before
{Heap before GC invocations=4 (full 1):
 PSYoungGen      total 18944K, used 18897K [0x00000000e0000000, 0x00000000e1500000, 0x0000000100000000)
  eden space 16384K, 99% used [0x00000000e0000000,0x00000000e0ff9418,0x00000000e1000000)
  from space 2560K, 99% used [0x00000000e1280000,0x00000000e14fb358,0x00000000e1500000)
  to   space 2560K, 0% used [0x00000000e1000000,0x00000000e1000000,0x00000000e1280000)
 ParOldGen       total 44032K, used 4603K [0x00000000a0000000, 0x00000000a2b00000, 0x00000000e0000000)
  object space 44032K, 10% used [0x00000000a0000000,0x00000000a047ee90,0x00000000a2b00000)
 Metaspace       used 15535K, capacity 15822K, committed 16128K, reserved 1062912K
  class space    used 1842K, capacity 1923K, committed 2048K, reserved 1048576K
Event: 2.435 GC heap after
Heap after GC invocations=4 (full 1):
 PSYoungGen      total 18944K, used 2555K [0x00000000e0000000, 0x00000000e2500000, 0x0000000100000000)
  eden space 16384K, 0% used [0x00000000e0000000,0x00000000e0000000,0x00000000e1000000)
  from space 2560K, 99% used [0x00000000e1000000,0x00000000e127ee40,0x00000000e1280000)
  to   space 2560K, 0% used [0x00000000e2280000,0x00000000e2280000,0x00000000e2500000)
 ParOldGen       total 44032K, used 7648K [0x00000000a0000000, 0x00000000a2b00000, 0x00000000e0000000)
  object space 44032K, 17% used [0x00000000a0000000,0x00000000a0778378,0x00000000a2b00000)
 Metaspace       used 15535K, capacity 15822K, committed 16128K, reserved 1062912K
  class space    used 1842K, capacity 1923K, committed 2048K, reserved 1048576K
}
Event: 2.822 GC heap before
{Heap before GC invocations=5 (full 1):
 PSYoungGen      total 18944K, used 18939K [0x00000000e0000000, 0x00000000e2500000, 0x0000000100000000)
  eden space 16384K, 100% used [0x00000000e0000000,0x00000000e1000000,0x00000000e1000000)
  from space 2560K, 99% used [0x00000000e1000000,0x00000000e127ee40,0x00000000e1280000)
  to   space 2560K, 0% used [0x00000000e2280000,0x00000000e2280000,0x00000000e2500000)
 ParOldGen       total 44032K, used 7648K [0x00000000a0000000, 0x00000000a2b00000, 0x00000000e0000000)
  object space 44032K, 17% used [0x00000000a0000000,0x00000000a0778378,0x00000000a2b00000)
 Metaspace       used 19002K, capacity 19428K, committed 19584K, reserved 1067008K
  class space    used 2302K, capacity 2416K, committed 2432K, reserved 1048576K
Event: 2.829 GC heap after
Heap after GC invocations=5 (full 1):
 PSYoungGen      total 35328K, used 2544K [0x00000000e0000000, 0x00000000e2500000, 0x0000000100000000)
  eden space 32768K, 0% used [0x00000000e0000000,0x00000000e0000000,0x00000000e2000000)
  from space 2560K, 99% used [0x00000000e2280000,0x00000000e24fc010,0x00000000e2500000)
  to   space 2560K, 0% used [0x00000000e2000000,0x00000000e2000000,0x00000000e2280000)
 ParOldGen       total 44032K, used 11307K [0x00000000a0000000, 0x00000000a2b00000, 0x00000000e0000000)
  object space 44032K, 25% used [0x00000000a0000000,0x00000000a0b0ae48,0x00000000a2b00000)
 Metaspace       used 19002K, capacity 19428K, committed 19584K, reserved 1067008K
  class space    used 2302K, capacity 2416K, committed 2432K, reserved 1048576K
}
Event: 2.954 GC heap before
{Heap before GC invocations=6 (full 1):
 PSYoungGen      total 35328K, used 11952K [0x00000000e0000000, 0x00000000e2500000, 0x0000000100000000)
  eden space 32768K, 28% used [0x00000000e0000000,0x00000000e0930188,0x00000000e2000000)
  from space 2560K, 99% used [0x00000000e2280000,0x00000000e24fc010,0x00000000e2500000)
  to   space 2560K, 0% used [0x00000000e2000000,0x00000000e2000000,0x00000000e2280000)
 ParOldGen       total 44032K, used 11307K [0x00000000a0000000, 0x00000000a2b00000, 0x00000000e0000000)
  object space 44032K, 25% used [0x00000000a0000000,0x00000000a0b0ae48,0x00000000a2b00000)
 Metaspace       used 20761K, capacity 21094K, committed 21296K, reserved 1069056K
  class space    used 2560K, capacity 2655K, committed 2688K, reserved 1048576K
Event: 2.958 GC heap after
Heap after GC invocations=6 (full 1):
 PSYoungGen      total 35328K, used 2560K [0x00000000e0000000, 0x00000000e4500000, 0x0000000100000000)
  eden space 32768K, 0% used [0x00000000e0000000,0x00000000e0000000,0x00000000e2000000)
  from space 2560K, 100% used [0x00000000e2000000,0x00000000e2280000,0x00000000e2280000)
  to   space 2560K, 0% used [0x00000000e4280000,0x00000000e4280000,0x00000000e4500000)
 ParOldGen       total 44032K, used 13280K [0x00000000a0000000, 0x00000000a2b00000, 0x00000000e0000000)
  object space 44032K, 30% used [0x00000000a0000000,0x00000000a0cf8360,0x00000000a2b00000)
 Metaspace       used 20761K, capacity 21094K, committed 21296K, reserved 1069056K
  class space    used 2560K, capacity 2655K, committed 2688K, reserved 1048576K
}
Event: 2.958 GC heap before
{Heap before GC invocations=7 (full 2):
 PSYoungGen      total 35328K, used 2560K [0x00000000e0000000, 0x00000000e4500000, 0x0000000100000000)
  eden space 32768K, 0% used [0x00000000e0000000,0x00000000e0000000,0x00000000e2000000)
  from space 2560K, 100% used [0x00000000e2000000,0x00000000e2280000,0x00000000e2280000)
  to   space 2560K, 0% used [0x00000000e4280000,0x00000000e4280000,0x00000000e4500000)
 ParOldGen       total 44032K, used 13280K [0x00000000a0000000, 0x00000000a2b00000, 0x00000000e0000000)
  object space 44032K, 30% used [0x00000000a0000000,0x00000000a0cf8360,0x00000000a2b00000)
 Metaspace       used 20761K, capacity 21094K, committed 21296K, reserved 1069056K
  class space    used 2560K, capacity 2655K, committed 2688K, reserved 1048576K
Event: 2.995 GC heap after
Heap after GC invocations=7 (full 2):
 PSYoungGen      total 35328K, used 0K [0x00000000e0000000, 0x00000000e4500000, 0x0000000100000000)
  eden space 32768K, 0% used [0x00000000e0000000,0x00000000e0000000,0x00000000e2000000)
  from space 2560K, 0% used [0x00000000e2000000,0x00000000e2000000,0x00000000e2280000)
  to   space 2560K, 0% used [0x00000000e4280000,0x00000000e4280000,0x00000000e4500000)
 ParOldGen       total 35328K, used 6742K [0x00000000a0000000, 0x00000000a2280000, 0x00000000e0000000)
  object space 35328K, 19% used [0x00000000a0000000,0x00000000a0695870,0x00000000a2280000)
 Metaspace       used 20761K, capacity 21094K, committed 21296K, reserved 1069056K
  class space    used 2560K, capacity 2655K, committed 2688K, reserved 1048576K
}

Deoptimization events (10 events):
Event: 2.123 Thread 0x00000000186dc800 Uncommon trap: reason=class_check action=maybe_recompile pc=0x0000000002f3090c method=kotlin.reflect.jvm.internal.impl.protobuf.CodedInputStream.tryRefillBuffer(I)Z @ 177
Event: 2.123 Thread 0x00000000186dc800 Uncommon trap: reason=class_check action=maybe_recompile pc=0x0000000002f3090c method=kotlin.reflect.jvm.internal.impl.protobuf.CodedInputStream.tryRefillBuffer(I)Z @ 177
Event: 2.124 Thread 0x00000000186dc800 Uncommon trap: reason=unstable_if action=reinterpret pc=0x0000000002f47214 method=kotlin.reflect.jvm.internal.impl.protobuf.CodedInputStream.readRawVarint32()I @ 69
Event: 2.124 Thread 0x00000000186dc800 Uncommon trap: reason=unstable_if action=reinterpret pc=0x0000000002f1adc0 method=kotlin.reflect.jvm.internal.impl.protobuf.CodedInputStream.readRawVarint32()I @ 69
Event: 2.125 Thread 0x00000000186dc800 Uncommon trap: reason=class_check action=maybe_recompile pc=0x0000000002f3090c method=kotlin.reflect.jvm.internal.impl.protobuf.CodedInputStream.tryRefillBuffer(I)Z @ 177
Event: 2.938 Thread 0x00000000186dc800 Uncommon trap: reason=bimorphic action=maybe_recompile pc=0x0000000002ea1c28 method=java.io.FilterInputStream.read([B)I @ 5
Event: 2.939 Thread 0x00000000186dc800 Uncommon trap: reason=bimorphic action=maybe_recompile pc=0x0000000002ea1c28 method=java.io.FilterInputStream.read([B)I @ 5
Event: 2.939 Thread 0x00000000186dc800 Uncommon trap: reason=bimorphic action=maybe_recompile pc=0x0000000002ea1c28 method=java.io.FilterInputStream.read([B)I @ 5
Event: 2.939 Thread 0x00000000186dc800 Uncommon trap: reason=bimorphic action=maybe_recompile pc=0x0000000002ea1c28 method=java.io.FilterInputStream.read([B)I @ 5
Event: 3.023 Thread 0x00000000186dc800 Uncommon trap: reason=range_check action=make_not_entrant pc=0x0000000002fdb060 method=sun.reflect.generics.parser.SignatureParser.current()C @ 34

Classes redefined (0 events):
No events

Internal exceptions (10 events):
Event: 1.794 Thread 0x00000000186dc800 Exception <a 'java/lang/NoSuchMethodError': <clinit>> (0x00000000e0266878) thrown at [D:\src\AOSP-openjdk-cygwin\jdk8u\hotspot\src\share\vm\prims\jni.cpp, line 1613]
Event: 1.819 Thread 0x00000000186dc800 Exception <a 'java/lang/NoSuchMethodError': <clinit>> (0x00000000e0336370) thrown at [D:\src\AOSP-openjdk-cygwin\jdk8u\hotspot\src\share\vm\prims\jni.cpp, line 1613]
Event: 1.822 Thread 0x00000000186f2800 Exception <a 'java/lang/InterruptedException'> (0x00000000e034b118) thrown at [D:\src\AOSP-openjdk-cygwin\jdk8u\hotspot\src\share\vm\runtime\objectMonitor.cpp, line 1684]
Event: 2.170 Thread 0x00000000186dc800 Exception <a 'java/lang/ArrayIndexOutOfBoundsException'> (0x00000000e05f3b30) thrown at [D:\src\AOSP-openjdk-cygwin\jdk8u\hotspot\src\share\vm\runtime\sharedRuntime.cpp, line 605]
Event: 2.653 Thread 0x00000000186dc800 Exception <a 'sun/nio/fs/WindowsException'> (0x00000000e079b1c0) thrown at [D:\src\AOSP-openjdk-cygwin\jdk8u\hotspot\src\share\vm\prims\jni.cpp, line 709]
Event: 2.884 Thread 0x00000000186dc800 Exception <a 'java/lang/NoSuchMethodError': java.lang.Object.lambda$comparing$77a9974f$1(Ljava/util/function/Function;Ljava/lang/Object;Ljava/lang/Object;)I> (0x00000000e046af80) thrown at [D:\src\AOSP-openjdk-cygwin\jdk8u\hotspot\src\share\vm\interpreter
Event: 3.023 Thread 0x00000000186dc800 Exception <a 'java/lang/ArrayIndexOutOfBoundsException': 60> (0x00000000e01b4278) thrown at [D:\src\AOSP-openjdk-cygwin\jdk8u\hotspot\src\share\vm\interpreter\interpreterRuntime.cpp, line 366]
Event: 3.033 Thread 0x00000000186dc800 Exception <a 'java/lang/ArrayIndexOutOfBoundsException': 67> (0x00000000e01ddea0) thrown at [D:\src\AOSP-openjdk-cygwin\jdk8u\hotspot\src\share\vm\interpreter\interpreterRuntime.cpp, line 366]
Event: 3.164 Thread 0x00000000186dc800 Exception <a 'java/lang/NoSuchMethodError': java.lang.Object.lambda$static$0(I)[Lorg/jetbrains/kotlin/com/intellij/openapi/editor/event/DocumentListener;> (0x00000000e09bc1e0) thrown at [D:\src\AOSP-openjdk-cygwin\jdk8u\hotspot\src\share\vm\interpreter\li
Event: 3.224 Thread 0x00000000186dc800 Exception <a 'java/lang/NoSuchMethodError': java.lang.Object.lambda$static$0(I)[Lorg/jetbrains/kotlin/com/intellij/psi/PsiAnnotation;> (0x00000000e0bacca8) thrown at [D:\src\AOSP-openjdk-cygwin\jdk8u\hotspot\src\share\vm\interpreter\linkResolver.cpp, line

Events (10 events):
Event: 3.277 loading class org/jetbrains/kotlin/cli/jvm/compiler/KotlinCliJavaFileManagerImpl$signatureParsingComponent$1
Event: 3.277 loading class org/jetbrains/kotlin/cli/jvm/compiler/KotlinCliJavaFileManagerImpl$signatureParsingComponent$1 done
Event: 3.277 loading class org/jetbrains/kotlin/load/java/structure/impl/classFiles/PlainJavaClassifierType
Event: 3.277 loading class org/jetbrains/kotlin/load/java/structure/impl/classFiles/PlainJavaClassifierType done
Event: 3.278 loading class org/jetbrains/kotlin/load/java/structure/JavaClassifierType
Event: 3.278 loading class org/jetbrains/kotlin/load/java/structure/JavaClassifierType done
Event: 3.278 loading class org/jetbrains/kotlin/load/java/structure/JavaAnnotationOwner
Event: 3.278 loading class org/jetbrains/kotlin/load/java/structure/JavaAnnotationOwner done
Event: 3.278 loading class org/jetbrains/kotlin/load/java/structure/JavaElement
Event: 3.278 loading class org/jetbrains/kotlin/load/java/structure/JavaElement done


Dynamic libraries:
0x00007ff6b91b0000 - 0x00007ff6b91e1000 	H:\android-studio\jre\jre\bin\java.exe
0x00007ff9e0960000 - 0x00007ff9e0b32000 	C:\WINDOWS\SYSTEM32\ntdll.dll
0x00007ff9ddf00000 - 0x00007ff9ddfac000 	C:\WINDOWS\System32\KERNEL32.DLL
0x00007ff9dd8e0000 - 0x00007ff9ddafd000 	C:\WINDOWS\System32\KERNELBASE.dll
0x00007ff9e08b0000 - 0x00007ff9e0952000 	C:\WINDOWS\System32\ADVAPI32.dll
0x00007ff9df830000 - 0x00007ff9df8ce000 	C:\WINDOWS\System32\msvcrt.dll
0x00007ff9e0670000 - 0x00007ff9e06c9000 	C:\WINDOWS\System32\sechost.dll
0x00007ff9e0440000 - 0x00007ff9e0561000 	C:\WINDOWS\System32\RPCRT4.dll
0x00007ff9dfa10000 - 0x00007ff9dfb75000 	C:\WINDOWS\System32\USER32.dll
0x00007ff9dded0000 - 0x00007ff9ddeee000 	C:\WINDOWS\System32\win32u.dll
0x00007ff9e0870000 - 0x00007ff9e08a4000 	C:\WINDOWS\System32\GDI32.dll
0x00007ff9ddb00000 - 0x00007ff9ddc80000 	C:\WINDOWS\System32\gdi32full.dll
0x00007ff9d1f10000 - 0x00007ff9d218a000 	C:\WINDOWS\WinSxS\amd64_microsoft.windows.common-controls_6595b64144ccf1df_6.0.14393.953_none_42151e83c686086b\COMCTL32.dll
0x00007ff9de050000 - 0x00007ff9de318000 	C:\WINDOWS\System32\combase.dll
0x00007ff9dddd0000 - 0x00007ff9ddec5000 	C:\WINDOWS\System32\ucrtbase.dll
0x00007ff9dd870000 - 0x00007ff9dd8da000 	C:\WINDOWS\System32\bcryptPrimitives.dll
0x00007ff9de020000 - 0x00007ff9de04e000 	C:\WINDOWS\System32\IMM32.DLL
0x0000000070df0000 - 0x0000000070ec2000 	H:\android-studio\jre\jre\bin\msvcr100.dll
0x0000000070320000 - 0x0000000070b5e000 	H:\android-studio\jre\jre\bin\server\jvm.dll
0x00007ff9e0350000 - 0x00007ff9e0358000 	C:\WINDOWS\System32\PSAPI.DLL
0x00007ff9da200000 - 0x00007ff9da209000 	C:\WINDOWS\SYSTEM32\WSOCK32.dll
0x00007ff9dae80000 - 0x00007ff9daea3000 	C:\WINDOWS\SYSTEM32\WINMM.dll
0x00007ff9da130000 - 0x00007ff9da13a000 	C:\WINDOWS\SYSTEM32\VERSION.dll
0x00007ff9e02d0000 - 0x00007ff9e033a000 	C:\WINDOWS\System32\WS2_32.dll
0x0000000002580000 - 0x00000000025ab000 	C:\WINDOWS\SYSTEM32\WINMMBASE.dll
0x00007ff9dd650000 - 0x00007ff9dd692000 	C:\WINDOWS\System32\cfgmgr32.dll
0x00007ff9d9440000 - 0x00007ff9d944f000 	H:\android-studio\jre\jre\bin\verify.dll
0x00007ff9d7700000 - 0x00007ff9d7729000 	H:\android-studio\jre\jre\bin\java.dll
0x00007ff9d76e0000 - 0x00007ff9d76f6000 	H:\android-studio\jre\jre\bin\zip.dll
0x00007ff9de320000 - 0x00007ff9df828000 	C:\WINDOWS\System32\SHELL32.dll
0x00007ff9dcf10000 - 0x00007ff9dd5ea000 	C:\WINDOWS\System32\windows.storage.dll
0x00007ff9dce10000 - 0x00007ff9dce5c000 	C:\WINDOWS\System32\powrprof.dll
0x00007ff9e03c0000 - 0x00007ff9e0412000 	C:\WINDOWS\System32\shlwapi.dll
0x00007ff9dcdf0000 - 0x00007ff9dcdff000 	C:\WINDOWS\System32\kernel.appcore.dll
0x00007ff9dce60000 - 0x00007ff9dcf09000 	C:\WINDOWS\System32\shcore.dll
0x00007ff9dcdd0000 - 0x00007ff9dcde4000 	C:\WINDOWS\System32\profapi.dll
0x00007ff9d7b70000 - 0x00007ff9d7b7d000 	H:\android-studio\jre\jre\bin\management.dll
0x00007ff9d76c0000 - 0x00007ff9d76da000 	H:\android-studio\jre\jre\bin\net.dll
0x00007ff9dc6a0000 - 0x00007ff9dc6fc000 	C:\WINDOWS\system32\mswsock.dll
0x00007ff9d76a0000 - 0x00007ff9d76b1000 	H:\android-studio\jre\jre\bin\nio.dll
0x00007ff9dc840000 - 0x00007ff9dc857000 	C:\WINDOWS\SYSTEM32\CRYPTSP.dll
0x00007ff9dc2a0000 - 0x00007ff9dc2d3000 	C:\WINDOWS\system32\rsaenh.dll
0x00007ff9dcd10000 - 0x00007ff9dcd3b000 	C:\WINDOWS\SYSTEM32\bcrypt.dll
0x00007ff9dc520000 - 0x00007ff9dc53f000 	C:\WINDOWS\SYSTEM32\USERENV.dll
0x00007ff9dcd00000 - 0x00007ff9dcd0b000 	C:\WINDOWS\SYSTEM32\CRYPTBASE.dll
0x00007ff9dc420000 - 0x00007ff9dc458000 	C:\WINDOWS\SYSTEM32\IPHLPAPI.DLL
0x00007ff9e0340000 - 0x00007ff9e0348000 	C:\WINDOWS\System32\NSI.dll
0x00007ff9d4a00000 - 0x00007ff9d4a16000 	C:\WINDOWS\SYSTEM32\dhcpcsvc6.DLL
0x00007ff9d4eb0000 - 0x00007ff9d4eca000 	C:\WINDOWS\SYSTEM32\dhcpcsvc.DLL

VM Arguments:
jvm_args: -Djava.awt.headless=true -Djava.rmi.server.hostname=localhost -Xmx1536m -Dkotlin.environment.keepalive 
java_command: org.jetbrains.kotlin.daemon.KotlinCompileDaemon --daemon-runFilesPath C:\Users\takato\AppData\Local\kotlin\daemon --daemon-autoshutdownIdleSeconds=7200 --daemon-compilerClasspath C:\Users\takato\.gradle\caches\modules-2\files-2.1\org.jetbrains.kotlin\kotlin-compiler-embeddable\1.1.51\e87f62328a705dc5c5b857f1aa50d1732c8bc3d6\kotlin-compiler-embeddable-1.1.51.jar;H:\android-studio\jre\lib\tools.jar
java_class_path (initial): C:\Users\takato\.gradle\caches\modules-2\files-2.1\org.jetbrains.kotlin\kotlin-compiler-embeddable\1.1.51\e87f62328a705dc5c5b857f1aa50d1732c8bc3d6\kotlin-compiler-embeddable-1.1.51.jar;H:\android-studio\jre\lib\tools.jar
Launcher Type: SUN_STANDARD

Environment Variables:
PATH=C:\Program Files (x86)\Intel\iCLS Client\;C:\Program Files\Intel\iCLS Client\;C:\WINDOWS\system32;C:\WINDOWS;C:\WINDOWS\System32\Wbem;C:\WINDOWS\System32\WindowsPowerShell\v1.0\;C:\Program Files (x86)\Intel\Intel(R) Management Engine Components\DAL;C:\Program Files\Intel\Intel(R) Management Engine Components\DAL;C:\Program Files (x86)\Intel\Intel(R) Management Engine Components\IPT;C:\Program Files\Intel\Intel(R) Management Engine Components\IPT;C:\Program Files (x86)\GtkSharp\2.12\bin;C:\Program Files\Microsoft SQL Server\130\Tools\Binn\;C:\Program Files\Microsoft\Web Platform Installer\;C:\Program Files (x86)\Windows Kits\8.1\Windows Performance Toolkit\;H:\git\Git\cmd;C:\Microsoft VS Code\bin;C:\Users\takato\AppData\Local\Microsoft\WindowsApps;C:\Users\takato\AppData\Local\atom\bin
USERNAME=takato
OS=Windows_NT
PROCESSOR_IDENTIFIER=Intel64 Family 6 Model 78 Stepping 3, GenuineIntel



---------------  S Y S T E M  ---------------

OS: Windows 10.0 , 64 bit Build 14393 (10.0.14393.1198)

CPU:total 4 (initial active 4) (2 cores per cpu, 2 threads per core) family 6 model 78 stepping 3, cmov, cx8, fxsr, mmx, sse, sse2, sse3, ssse3, sse4.1, sse4.2, popcnt, avx, avx2, aes, clmul, erms, 3dnowpref, lzcnt, ht, tsc, tscinvbit, bmi1, bmi2, adx

Memory: 4k page, physical 4124476k(326404k free), swap 5916476k(1616k free)

vm_info: OpenJDK 64-Bit Server VM (25.152-b01) for windows-amd64 JRE (1.8.0_152-release-915-b01), built by "builder" with MS VC++ 10.0 (VS2010)

time: Sun Oct 08 02:34:50 2017
elapsed time: 3 seconds (0d 0h 0m 3s)

