#
# There is insufficient memory for the Java Runtime Environment to continue.
# Native memory allocation (malloc) failed to allocate 112576 bytes for Chunk::new
# Possible reasons:
#   The system is out of physical RAM or swap space
#   In 32 bit mode, the process size limit was hit
# Possible solutions:
#   Reduce memory load on the system
#   Increase physical memory or swap space
#   Check if swap backing store is full
#   Use 64 bit Java on a 64 bit OS
#   Decrease Java heap size (-Xmx/-Xms)
#   Decrease number of Java threads
#   Decrease Java thread stack sizes (-Xss)
#   Set larger code cache with -XX:ReservedCodeCacheSize=
# This output file may be truncated or incomplete.
#
#  Out of Memory Error (allocation.cpp:390), pid=2448, tid=0x00000000000017a8
#
# JRE version: OpenJDK Runtime Environment (8.0_152-b01) (build 1.8.0_152-release-915-b01)
# Java VM: OpenJDK 64-Bit Server VM (25.152-b01 mixed mode windows-amd64 compressed oops)
# Failed to write core dump. Minidumps are not enabled by default on client versions of Windows
#

---------------  T H R E A D  ---------------

Current thread (0x0000000017015800):  JavaThread "C2 CompilerThread1" daemon [_thread_in_native, id=6056, stack(0x0000000018610000,0x0000000018710000)]

Stack: [0x0000000018610000,0x0000000018710000]
[error occurred during error reporting (printing stack bounds), id 0xc0000005]

Native frames: (J=compiled Java code, j=interpreted, Vv=VM code, C=native code)


Current CompileTask:
C2:   2364 1513 % !   4       java.util.concurrent.ConcurrentHashMap::transfer @ 99 (832 bytes)


---------------  P R O C E S S  ---------------

Java Threads: ( => current thread )
  0x0000000019107000 JavaThread "RMI RenewClean-[localhost:52939,org.jetbrains.kotlin.daemon.common.LoopbackNetworkInterface$ClientLoopbackSocketFactory@3ff26df0]" daemon [_thread_blocked, id=5584, stack(0x000000001a3d0000,0x000000001a4d0000)]
  0x0000000019048800 JavaThread "RMI TCP Connection(2)-127.0.0.1" daemon [_thread_in_vm, id=6760, stack(0x000000001a2d0000,0x000000001a3d0000)]
  0x0000000019046000 JavaThread "RMI Scheduler(0)" daemon [_thread_blocked, id=7524, stack(0x000000001a1d0000,0x000000001a2d0000)]
  0x0000000019049000 JavaThread "RMI TCP Connection(1)-127.0.0.1" daemon [_thread_in_native, id=636, stack(0x000000001a0d0000,0x000000001a1d0000)]
  0x0000000019047800 JavaThread "DestroyJavaVM" [_thread_blocked, id=4476, stack(0x0000000002ff0000,0x00000000030f0000)]
  0x0000000019047000 JavaThread "GC Daemon" daemon [_thread_blocked, id=2940, stack(0x0000000019c30000,0x0000000019d30000)]
  0x000000001900c000 JavaThread "RMI Reaper" [_thread_blocked, id=5368, stack(0x0000000019b30000,0x0000000019c30000)]
  0x0000000018ff0800 JavaThread "Timer-0" daemon [_thread_blocked, id=9524, stack(0x0000000019730000,0x0000000019830000)]
  0x0000000018fe9800 JavaThread "RMI TCP Accept-17470" daemon [_thread_in_native, id=8280, stack(0x0000000019630000,0x0000000019730000)]
  0x0000000018888800 JavaThread "Service Thread" daemon [_thread_blocked, id=5712, stack(0x0000000018c10000,0x0000000018d10000)]
  0x000000001701c800 JavaThread "C1 CompilerThread2" daemon [_thread_blocked, id=5348, stack(0x0000000018710000,0x0000000018810000)]
=>0x0000000017015800 JavaThread "C2 CompilerThread1" daemon [_thread_in_native, id=6056, stack(0x0000000018610000,0x0000000018710000)]
  0x0000000017012800 JavaThread "C2 CompilerThread0" daemon [_thread_in_native, id=2104, stack(0x0000000018510000,0x0000000018610000)]
  0x0000000017011800 JavaThread "Attach Listener" daemon [_thread_blocked, id=8860, stack(0x0000000018410000,0x0000000018510000)]
  0x0000000016fcd000 JavaThread "Signal Dispatcher" daemon [_thread_blocked, id=6308, stack(0x0000000018310000,0x0000000018410000)]
  0x000000000364b000 JavaThread "Finalizer" daemon [_thread_blocked, id=9756, stack(0x0000000018210000,0x0000000018310000)]
  0x0000000003642000 JavaThread "Reference Handler" daemon [_thread_blocked, id=3076, stack(0x0000000018110000,0x0000000018210000)]

Other Threads:
  0x0000000016f85000 VMThread [stack: 0x0000000018010000,0x0000000018110000] [id=10200]
  0x000000001888a800 WatcherThread [stack: 0x0000000018d10000,0x0000000018e10000] [id=1344]

VM state:not at safepoint (normal execution)

VM Mutex/Monitor currently owned by a thread: None

Heap:
 PSYoungGen      total 35328K, used 12760K [0x00000000e0000000, 0x00000000e2500000, 0x0000000100000000)
  eden space 32768K, 38% used [0x00000000e0000000,0x00000000e0c76108,0x00000000e2000000)
  from space 2560K, 0% used [0x00000000e2000000,0x00000000e2000000,0x00000000e2280000)
  to   space 2560K, 0% used [0x00000000e2280000,0x00000000e2280000,0x00000000e2500000)
 ParOldGen       total 35840K, used 6048K [0x00000000a0000000, 0x00000000a2300000, 0x00000000e0000000)
  object space 35840K, 16% used [0x00000000a0000000,0x00000000a05e80b0,0x00000000a2300000)
 Metaspace       used 22848K, capacity 23336K, committed 23680K, reserved 1071104K
  class space    used 2951K, capacity 3080K, committed 3200K, reserved 1048576K

Card table byte_map: [0x0000000012a10000,0x0000000012d20000] byte_map_base: 0x0000000012510000

Marking Bits: (ParMarkBitMap*) 0x0000000051fd3950
 Begin Bits: [0x0000000013320000, 0x0000000014b20000)
 End Bits:   [0x0000000014b20000, 0x0000000016320000)

Polling page: 0x0000000003440000

CodeCache: size=245760Kb used=4469Kb max_used=4481Kb free=241290Kb
 bounds [0x0000000003650000, 0x0000000003ac0000, 0x0000000012650000]
 total_blobs=1944 nmethods=1511 adapters=346
 compilation: enabled

Compilation events (10 events):
Event: 2.159 Thread 0x000000001701c800 1510       3       java.lang.invoke.MethodTypeForm::canonicalizeAll (66 bytes)
Event: 2.159 Thread 0x000000001701c800 nmethod 1510 0x0000000003aadad0 code [0x0000000003aadc80, 0x0000000003aae2b8]
Event: 2.159 Thread 0x000000001701c800 1509       3       java.lang.invoke.MethodType::checkRtype (6 bytes)
Event: 2.160 Thread 0x000000001701c800 nmethod 1509 0x0000000003aad5d0 code [0x0000000003aad740, 0x0000000003aad9c8]
Event: 2.160 Thread 0x000000001701c800 1512       3       jdk.internal.org.objectweb.asm.MethodWriter::visitMethodInsn (220 bytes)
Event: 2.160 Thread 0x000000001701c800 nmethod 1512 0x0000000003ab1550 code [0x0000000003ab1740, 0x0000000003ab1dc8]
Event: 2.161 Thread 0x0000000017015800 nmethod 1500 0x0000000003ab2150 code [0x0000000003ab2360, 0x0000000003ab3368]
Event: 2.161 Thread 0x0000000017015800 1507       4       java.security.CodeSource::getCertificates (98 bytes)
Event: 2.162 Thread 0x0000000017015800 nmethod 1507 0x0000000003aabe50 code [0x0000000003aabf80, 0x0000000003aac018]
Event: 2.175 Thread 0x0000000017015800 1513 % !   4       java.util.concurrent.ConcurrentHashMap::transfer @ 99 (832 bytes)

GC Heap History (10 events):
Event: 1.079 GC heap before
{Heap before GC invocations=3 (full 1):
 PSYoungGen      total 18944K, used 16384K [0x00000000e0000000, 0x00000000e1500000, 0x0000000100000000)
  eden space 16384K, 100% used [0x00000000e0000000,0x00000000e1000000,0x00000000e1000000)
  from space 2560K, 0% used [0x00000000e1000000,0x00000000e1000000,0x00000000e1280000)
  to   space 2560K, 0% used [0x00000000e1280000,0x00000000e1280000,0x00000000e1500000)
 ParOldGen       total 44032K, used 3119K [0x00000000a0000000, 0x00000000a2b00000, 0x00000000e0000000)
  object space 44032K, 7% used [0x00000000a0000000,0x00000000a030bd98,0x00000000a2b00000)
 Metaspace       used 12248K, capacity 12516K, committed 12800K, reserved 1060864K
  class space    used 1398K, capacity 1468K, committed 1536K, reserved 1048576K
Event: 1.084 GC heap after
Heap after GC invocations=3 (full 1):
 PSYoungGen      total 18944K, used 2558K [0x00000000e0000000, 0x00000000e1500000, 0x0000000100000000)
  eden space 16384K, 0% used [0x00000000e0000000,0x00000000e0000000,0x00000000e1000000)
  from space 2560K, 99% used [0x00000000e1280000,0x00000000e14ff8e8,0x00000000e1500000)
  to   space 2560K, 0% used [0x00000000e1000000,0x00000000e1000000,0x00000000e1280000)
 ParOldGen       total 44032K, used 4750K [0x00000000a0000000, 0x00000000a2b00000, 0x00000000e0000000)
  object space 44032K, 10% used [0x00000000a0000000,0x00000000a04a3920,0x00000000a2b00000)
 Metaspace       used 12248K, capacity 12516K, committed 12800K, reserved 1060864K
  class space    used 1398K, capacity 1468K, committed 1536K, reserved 1048576K
}
Event: 1.373 GC heap before
{Heap before GC invocations=4 (full 1):
 PSYoungGen      total 18944K, used 18942K [0x00000000e0000000, 0x00000000e1500000, 0x0000000100000000)
  eden space 16384K, 100% used [0x00000000e0000000,0x00000000e1000000,0x00000000e1000000)
  from space 2560K, 99% used [0x00000000e1280000,0x00000000e14ff8e8,0x00000000e1500000)
  to   space 2560K, 0% used [0x00000000e1000000,0x00000000e1000000,0x00000000e1280000)
 ParOldGen       total 44032K, used 4750K [0x00000000a0000000, 0x00000000a2b00000, 0x00000000e0000000)
  object space 44032K, 10% used [0x00000000a0000000,0x00000000a04a3920,0x00000000a2b00000)
 Metaspace       used 15762K, capacity 16014K, committed 16384K, reserved 1062912K
  class space    used 1859K, capacity 1923K, committed 2048K, reserved 1048576K
Event: 1.379 GC heap after
Heap after GC invocations=4 (full 1):
 PSYoungGen      total 18944K, used 2529K [0x00000000e0000000, 0x00000000e2500000, 0x0000000100000000)
  eden space 16384K, 0% used [0x00000000e0000000,0x00000000e0000000,0x00000000e1000000)
  from space 2560K, 98% used [0x00000000e1000000,0x00000000e1278748,0x00000000e1280000)
  to   space 2560K, 0% used [0x00000000e2280000,0x00000000e2280000,0x00000000e2500000)
 ParOldGen       total 44032K, used 7790K [0x00000000a0000000, 0x00000000a2b00000, 0x00000000e0000000)
  object space 44032K, 17% used [0x00000000a0000000,0x00000000a079b928,0x00000000a2b00000)
 Metaspace       used 15762K, capacity 16014K, committed 16384K, reserved 1062912K
  class space    used 1859K, capacity 1923K, committed 2048K, reserved 1048576K
}
Event: 1.774 GC heap before
{Heap before GC invocations=5 (full 1):
 PSYoungGen      total 18944K, used 18913K [0x00000000e0000000, 0x00000000e2500000, 0x0000000100000000)
  eden space 16384K, 100% used [0x00000000e0000000,0x00000000e1000000,0x00000000e1000000)
  from space 2560K, 98% used [0x00000000e1000000,0x00000000e1278748,0x00000000e1280000)
  to   space 2560K, 0% used [0x00000000e2280000,0x00000000e2280000,0x00000000e2500000)
 ParOldGen       total 44032K, used 7790K [0x00000000a0000000, 0x00000000a2b00000, 0x00000000e0000000)
  object space 44032K, 17% used [0x00000000a0000000,0x00000000a079b928,0x00000000a2b00000)
 Metaspace       used 19220K, capacity 19622K, committed 19840K, reserved 1067008K
  class space    used 2328K, capacity 2417K, committed 2432K, reserved 1048576K
Event: 1.781 GC heap after
Heap after GC invocations=5 (full 1):
 PSYoungGen      total 35328K, used 2533K [0x00000000e0000000, 0x00000000e2500000, 0x0000000100000000)
  eden space 32768K, 0% used [0x00000000e0000000,0x00000000e0000000,0x00000000e2000000)
  from space 2560K, 98% used [0x00000000e2280000,0x00000000e24f9610,0x00000000e2500000)
  to   space 2560K, 0% used [0x00000000e2000000,0x00000000e2000000,0x00000000e2280000)
 ParOldGen       total 44032K, used 11411K [0x00000000a0000000, 0x00000000a2b00000, 0x00000000e0000000)
  object space 44032K, 25% used [0x00000000a0000000,0x00000000a0b24ce8,0x00000000a2b00000)
 Metaspace       used 19220K, capacity 19622K, committed 19840K, reserved 1067008K
  class space    used 2328K, capacity 2417K, committed 2432K, reserved 1048576K
}
Event: 1.860 GC heap before
{Heap before GC invocations=6 (full 1):
 PSYoungGen      total 35328K, used 9126K [0x00000000e0000000, 0x00000000e2500000, 0x0000000100000000)
  eden space 32768K, 20% used [0x00000000e0000000,0x00000000e06702a0,0x00000000e2000000)
  from space 2560K, 98% used [0x00000000e2280000,0x00000000e24f9610,0x00000000e2500000)
  to   space 2560K, 0% used [0x00000000e2000000,0x00000000e2000000,0x00000000e2280000)
 ParOldGen       total 44032K, used 11411K [0x00000000a0000000, 0x00000000a2b00000, 0x00000000e0000000)
  object space 44032K, 25% used [0x00000000a0000000,0x00000000a0b24ce8,0x00000000a2b00000)
 Metaspace       used 20269K, capacity 20646K, committed 20864K, reserved 1071104K
  class space    used 2497K, capacity 2591K, committed 2688K, reserved 1048576K
Event: 1.866 GC heap after
Heap after GC invocations=6 (full 1):
 PSYoungGen      total 35328K, used 2544K [0x00000000e0000000, 0x00000000e2500000, 0x0000000100000000)
  eden space 32768K, 0% used [0x00000000e0000000,0x00000000e0000000,0x00000000e2000000)
  from space 2560K, 99% used [0x00000000e2000000,0x00000000e227c010,0x00000000e2280000)
  to   space 2560K, 0% used [0x00000000e2280000,0x00000000e2280000,0x00000000e2500000)
 ParOldGen       total 44032K, used 12609K [0x00000000a0000000, 0x00000000a2b00000, 0x00000000e0000000)
  object space 44032K, 28% used [0x00000000a0000000,0x00000000a0c506c8,0x00000000a2b00000)
 Metaspace       used 20269K, capacity 20646K, committed 20864K, reserved 1071104K
  class space    used 2497K, capacity 2591K, committed 2688K, reserved 1048576K
}
Event: 1.866 GC heap before
{Heap before GC invocations=7 (full 2):
 PSYoungGen      total 35328K, used 2544K [0x00000000e0000000, 0x00000000e2500000, 0x0000000100000000)
  eden space 32768K, 0% used [0x00000000e0000000,0x00000000e0000000,0x00000000e2000000)
  from space 2560K, 99% used [0x00000000e2000000,0x00000000e227c010,0x00000000e2280000)
  to   space 2560K, 0% used [0x00000000e2280000,0x00000000e2280000,0x00000000e2500000)
 ParOldGen       total 44032K, used 12609K [0x00000000a0000000, 0x00000000a2b00000, 0x00000000e0000000)
  object space 44032K, 28% used [0x00000000a0000000,0x00000000a0c506c8,0x00000000a2b00000)
 Metaspace       used 20269K, capacity 20646K, committed 20864K, reserved 1071104K
  class space    used 2497K, capacity 2591K, committed 2688K, reserved 1048576K
Event: 1.908 GC heap after
Heap after GC invocations=7 (full 2):
 PSYoungGen      total 35328K, used 0K [0x00000000e0000000, 0x00000000e2500000, 0x0000000100000000)
  eden space 32768K, 0% used [0x00000000e0000000,0x00000000e0000000,0x00000000e2000000)
  from space 2560K, 0% used [0x00000000e2000000,0x00000000e2000000,0x00000000e2280000)
  to   space 2560K, 0% used [0x00000000e2280000,0x00000000e2280000,0x00000000e2500000)
 ParOldGen       total 35840K, used 6048K [0x00000000a0000000, 0x00000000a2300000, 0x00000000e0000000)
  object space 35840K, 16% used [0x00000000a0000000,0x00000000a05e80b0,0x00000000a2300000)
 Metaspace       used 20269K, capacity 20646K, committed 20864K, reserved 1069056K
  class space    used 2497K, capacity 2591K, committed 2688K, reserved 1048576K
}

Deoptimization events (10 events):
Event: 1.112 Thread 0x0000000019048800 Uncommon trap: reason=class_check action=maybe_recompile pc=0x00000000039385cc method=kotlin.reflect.jvm.internal.impl.protobuf.CodedInputStream.tryRefillBuffer(I)Z @ 177
Event: 1.112 Thread 0x0000000019048800 Uncommon trap: reason=class_check action=maybe_recompile pc=0x00000000039385cc method=kotlin.reflect.jvm.internal.impl.protobuf.CodedInputStream.tryRefillBuffer(I)Z @ 177
Event: 1.113 Thread 0x0000000019048800 Uncommon trap: reason=unstable_if action=reinterpret pc=0x000000000394ead4 method=kotlin.reflect.jvm.internal.impl.protobuf.CodedInputStream.readRawVarint32()I @ 69
Event: 1.114 Thread 0x0000000019048800 Uncommon trap: reason=unstable_if action=reinterpret pc=0x00000000039186c0 method=kotlin.reflect.jvm.internal.impl.protobuf.CodedInputStream.readRawVarint32()I @ 69
Event: 1.115 Thread 0x0000000019048800 Uncommon trap: reason=class_check action=maybe_recompile pc=0x00000000039385cc method=kotlin.reflect.jvm.internal.impl.protobuf.CodedInputStream.tryRefillBuffer(I)Z @ 177
Event: 1.941 Thread 0x0000000019048800 Uncommon trap: reason=bimorphic action=maybe_recompile pc=0x000000000390ad2c method=java.io.FilterInputStream.read([B)I @ 5
Event: 1.945 Thread 0x0000000019048800 Uncommon trap: reason=bimorphic action=maybe_recompile pc=0x000000000390ad2c method=java.io.FilterInputStream.read([B)I @ 5
Event: 1.945 Thread 0x0000000019048800 Uncommon trap: reason=bimorphic action=maybe_recompile pc=0x000000000390ad2c method=java.io.FilterInputStream.read([B)I @ 5
Event: 1.946 Thread 0x0000000019048800 Uncommon trap: reason=bimorphic action=maybe_recompile pc=0x000000000390ad2c method=java.io.FilterInputStream.read([B)I @ 5
Event: 2.014 Thread 0x0000000019048800 Uncommon trap: reason=range_check action=make_not_entrant pc=0x00000000039c4e60 method=sun.reflect.generics.parser.SignatureParser.current()C @ 34

Classes redefined (0 events):
No events

Internal exceptions (10 events):
Event: 0.689 Thread 0x0000000019048800 Exception <a 'java/lang/NoSuchMethodError': <clinit>> (0x00000000e011e368) thrown at [D:\src\AOSP-openjdk-cygwin\jdk8u\hotspot\src\share\vm\prims\jni.cpp, line 1613]
Event: 0.690 Thread 0x0000000019048800 Exception <a 'java/lang/NoSuchMethodError': <clinit>> (0x00000000e0128cb8) thrown at [D:\src\AOSP-openjdk-cygwin\jdk8u\hotspot\src\share\vm\prims\jni.cpp, line 1613]
Event: 0.705 Thread 0x0000000019048800 Exception <a 'java/lang/NoSuchMethodError': <clinit>> (0x00000000e0153be8) thrown at [D:\src\AOSP-openjdk-cygwin\jdk8u\hotspot\src\share\vm\prims\jni.cpp, line 1613]
Event: 0.761 Thread 0x0000000019048800 Exception <a 'java/lang/NoSuchMethodError': <clinit>> (0x00000000e022a860) thrown at [D:\src\AOSP-openjdk-cygwin\jdk8u\hotspot\src\share\vm\prims\jni.cpp, line 1613]
Event: 0.768 Thread 0x0000000019107000 Exception <a 'java/lang/InterruptedException'> (0x00000000e023ebe0) thrown at [D:\src\AOSP-openjdk-cygwin\jdk8u\hotspot\src\share\vm\runtime\objectMonitor.cpp, line 1684]
Event: 1.156 Thread 0x0000000019048800 Exception <a 'java/lang/ArrayIndexOutOfBoundsException'> (0x00000000e04e5c20) thrown at [D:\src\AOSP-openjdk-cygwin\jdk8u\hotspot\src\share\vm\runtime\sharedRuntime.cpp, line 605]
Event: 1.594 Thread 0x0000000019048800 Exception <a 'sun/nio/fs/WindowsException'> (0x00000000e06922f8) thrown at [D:\src\AOSP-openjdk-cygwin\jdk8u\hotspot\src\share\vm\prims\jni.cpp, line 709]
Event: 1.823 Thread 0x0000000019048800 Exception <a 'java/lang/NoSuchMethodError': java.lang.Object.lambda$comparing$77a9974f$1(Ljava/util/function/Function;Ljava/lang/Object;Ljava/lang/Object;)I> (0x00000000e034ac98) thrown at [D:\src\AOSP-openjdk-cygwin\jdk8u\hotspot\src\share\vm\interpreter
Event: 2.014 Thread 0x0000000019048800 Exception <a 'java/lang/ArrayIndexOutOfBoundsException': 60> (0x00000000e03a87d8) thrown at [D:\src\AOSP-openjdk-cygwin\jdk8u\hotspot\src\share\vm\interpreter\interpreterRuntime.cpp, line 366]
Event: 2.169 Thread 0x0000000019048800 Exception <a 'java/lang/NoSuchMethodError': java.lang.Object.lambda$static$0(I)[Lorg/jetbrains/kotlin/com/intellij/openapi/editor/event/DocumentListener;> (0x00000000e0bad1f8) thrown at [D:\src\AOSP-openjdk-cygwin\jdk8u\hotspot\src\share\vm\interpreter\li

Events (10 events):
Event: 2.173 loading class org/jetbrains/kotlin/com/intellij/psi/impl/PsiFileFactoryImpl
Event: 2.173 loading class org/jetbrains/kotlin/com/intellij/psi/impl/PsiFileFactoryImpl done
Event: 2.174 loading class org/jetbrains/kotlin/com/intellij/psi/impl/GeneratedMarkerVisitor
Event: 2.174 loading class org/jetbrains/kotlin/com/intellij/psi/impl/GeneratedMarkerVisitor done
Event: 2.177 loading class org/jetbrains/kotlin/com/intellij/psi/util/CachedValuesManager
Event: 2.177 loading class org/jetbrains/kotlin/com/intellij/psi/util/CachedValuesManager done
Event: 2.178 loading class org/jetbrains/kotlin/com/intellij/util/CachedValuesManagerImpl
Event: 2.178 loading class org/jetbrains/kotlin/com/intellij/util/CachedValuesManagerImpl done
Event: 2.181 loading class org/jetbrains/kotlin/com/intellij/psi/impl/PsiCachedValuesFactory
Event: 2.181 loading class org/jetbrains/kotlin/com/intellij/psi/impl/PsiCachedValuesFactory done


Dynamic libraries:
0x00007ff617a60000 - 0x00007ff617a91000 	H:\android-studio\jre\jre\bin\java.exe
0x00007ffc42a20000 - 0x00007ffc42bf2000 	C:\WINDOWS\SYSTEM32\ntdll.dll
0x00007ffc42120000 - 0x00007ffc421cc000 	C:\WINDOWS\System32\KERNEL32.DLL
0x00007ffc3f1a0000 - 0x00007ffc3f3bd000 	C:\WINDOWS\System32\KERNELBASE.dll
0x00007ffc401f0000 - 0x00007ffc40292000 	C:\WINDOWS\System32\ADVAPI32.dll
0x00007ffc41ab0000 - 0x00007ffc41b4e000 	C:\WINDOWS\System32\msvcrt.dll
0x00007ffc40130000 - 0x00007ffc40189000 	C:\WINDOWS\System32\sechost.dll
0x00007ffc41ff0000 - 0x00007ffc42111000 	C:\WINDOWS\System32\RPCRT4.dll
0x00007ffc3ffc0000 - 0x00007ffc40125000 	C:\WINDOWS\System32\USER32.dll
0x00007ffc3ff40000 - 0x00007ffc3ff5e000 	C:\WINDOWS\System32\win32u.dll
0x00007ffc429e0000 - 0x00007ffc42a14000 	C:\WINDOWS\System32\GDI32.dll
0x00007ffc3f6e0000 - 0x00007ffc3f860000 	C:\WINDOWS\System32\gdi32full.dll
0x00007ffc34370000 - 0x00007ffc345ea000 	C:\WINDOWS\WinSxS\amd64_microsoft.windows.common-controls_6595b64144ccf1df_6.0.14393.953_none_42151e83c686086b\COMCTL32.dll
0x00007ffc42330000 - 0x00007ffc425f8000 	C:\WINDOWS\System32\combase.dll
0x00007ffc3f430000 - 0x00007ffc3f525000 	C:\WINDOWS\System32\ucrtbase.dll
0x00007ffc3f3c0000 - 0x00007ffc3f42a000 	C:\WINDOWS\System32\bcryptPrimitives.dll
0x00007ffc402a0000 - 0x00007ffc402ce000 	C:\WINDOWS\System32\IMM32.DLL
0x00000000522f0000 - 0x00000000523c2000 	H:\android-studio\jre\jre\bin\msvcr100.dll
0x0000000051810000 - 0x000000005204e000 	H:\android-studio\jre\jre\bin\server\jvm.dll
0x00007ffc42600000 - 0x00007ffc42608000 	C:\WINDOWS\System32\PSAPI.DLL
0x00007ffc3d3f0000 - 0x00007ffc3d413000 	C:\WINDOWS\SYSTEM32\WINMM.dll
0x00007ffc3b750000 - 0x00007ffc3b75a000 	C:\WINDOWS\SYSTEM32\VERSION.dll
0x00007ffc381a0000 - 0x00007ffc381a9000 	C:\WINDOWS\SYSTEM32\WSOCK32.dll
0x00007ffc3d3c0000 - 0x00007ffc3d3eb000 	C:\WINDOWS\SYSTEM32\WINMMBASE.dll
0x00007ffc41f80000 - 0x00007ffc41fea000 	C:\WINDOWS\System32\WS2_32.dll
0x00007ffc3ff60000 - 0x00007ffc3ffa2000 	C:\WINDOWS\System32\cfgmgr32.dll
0x00007ffc38100000 - 0x00007ffc3810f000 	H:\android-studio\jre\jre\bin\verify.dll
0x00007ffc37d80000 - 0x00007ffc37da9000 	H:\android-studio\jre\jre\bin\java.dll
0x00007ffc2c090000 - 0x00007ffc2c0a6000 	H:\android-studio\jre\jre\bin\zip.dll
0x00007ffc404e0000 - 0x00007ffc419e8000 	C:\WINDOWS\System32\SHELL32.dll
0x00007ffc3f860000 - 0x00007ffc3ff3a000 	C:\WINDOWS\System32\windows.storage.dll
0x00007ffc3eeb0000 - 0x00007ffc3eefc000 	C:\WINDOWS\System32\powrprof.dll
0x00007ffc40340000 - 0x00007ffc40392000 	C:\WINDOWS\System32\shlwapi.dll
0x00007ffc3ef00000 - 0x00007ffc3ef0f000 	C:\WINDOWS\System32\kernel.appcore.dll
0x00007ffc3f630000 - 0x00007ffc3f6d9000 	C:\WINDOWS\System32\shcore.dll
0x00007ffc3ee90000 - 0x00007ffc3eea4000 	C:\WINDOWS\System32\profapi.dll
0x00007ffc380f0000 - 0x00007ffc380fd000 	H:\android-studio\jre\jre\bin\management.dll
0x00007ffc2a3a0000 - 0x00007ffc2a3ba000 	H:\android-studio\jre\jre\bin\net.dll
0x00007ffc3e760000 - 0x00007ffc3e7bc000 	C:\WINDOWS\system32\mswsock.dll
0x00007ffc27700000 - 0x00007ffc27711000 	H:\android-studio\jre\jre\bin\nio.dll
0x00007ffc3e900000 - 0x00007ffc3e917000 	C:\WINDOWS\SYSTEM32\CRYPTSP.dll
0x00007ffc3e360000 - 0x00007ffc3e393000 	C:\WINDOWS\system32\rsaenh.dll
0x00007ffc3edd0000 - 0x00007ffc3edfb000 	C:\WINDOWS\SYSTEM32\bcrypt.dll
0x00007ffc3e5e0000 - 0x00007ffc3e5ff000 	C:\WINDOWS\SYSTEM32\USERENV.dll
0x00007ffc3e920000 - 0x00007ffc3e92b000 	C:\WINDOWS\SYSTEM32\CRYPTBASE.dll
0x00007ffc3e4e0000 - 0x00007ffc3e518000 	C:\WINDOWS\SYSTEM32\IPHLPAPI.DLL
0x00007ffc42670000 - 0x00007ffc42678000 	C:\WINDOWS\System32\NSI.dll
0x00007ffc37750000 - 0x00007ffc37766000 	C:\WINDOWS\SYSTEM32\dhcpcsvc6.DLL
0x00007ffc37d60000 - 0x00007ffc37d7a000 	C:\WINDOWS\SYSTEM32\dhcpcsvc.DLL

VM Arguments:
jvm_args: -Djava.awt.headless=true -Djava.rmi.server.hostname=localhost -Xmx1536m -Dkotlin.environment.keepalive 
java_command: org.jetbrains.kotlin.daemon.KotlinCompileDaemon --daemon-runFilesPath C:\Users\takato\AppData\Local\kotlin\daemon --daemon-autoshutdownIdleSeconds=7200 --daemon-compilerClasspath C:\Users\takato\.gradle\caches\modules-2\files-2.1\org.jetbrains.kotlin\kotlin-compiler-embeddable\1.1.51\e87f62328a705dc5c5b857f1aa50d1732c8bc3d6\kotlin-compiler-embeddable-1.1.51.jar;H:\android-studio\jre\lib\tools.jar
java_class_path (initial): C:\Users\takato\.gradle\caches\modules-2\files-2.1\org.jetbrains.kotlin\kotlin-compiler-embeddable\1.1.51\e87f62328a705dc5c5b857f1aa50d1732c8bc3d6\kotlin-compiler-embeddable-1.1.51.jar;H:\android-studio\jre\lib\tools.jar
Launcher Type: SUN_STANDARD

Environment Variables:
PATH=C:\Program Files (x86)\Intel\iCLS Client\;C:\Program Files\Intel\iCLS Client\;C:\WINDOWS\system32;C:\WINDOWS;C:\WINDOWS\System32\Wbem;C:\WINDOWS\System32\WindowsPowerShell\v1.0\;C:\Program Files (x86)\Intel\Intel(R) Management Engine Components\DAL;C:\Program Files\Intel\Intel(R) Management Engine Components\DAL;C:\Program Files (x86)\Intel\Intel(R) Management Engine Components\IPT;C:\Program Files\Intel\Intel(R) Management Engine Components\IPT;C:\Program Files (x86)\GtkSharp\2.12\bin;C:\Program Files\Microsoft SQL Server\130\Tools\Binn\;C:\Program Files\Microsoft\Web Platform Installer\;C:\Program Files (x86)\Windows Kits\8.1\Windows Performance Toolkit\;H:\git\Git\cmd;C:\Microsoft VS Code\bin;C:\Users\takato\AppData\Local\Microsoft\WindowsApps;C:\Users\takato\AppData\Local\atom\bin
USERNAME=takato
OS=Windows_NT
PROCESSOR_IDENTIFIER=Intel64 Family 6 Model 78 Stepping 3, GenuineIntel



---------------  S Y S T E M  ---------------

OS: Windows 10.0 , 64 bit Build 14393 (10.0.14393.1198)

CPU:total 4 (initial active 4) (2 cores per cpu, 2 threads per core) family 6 model 78 stepping 3, cmov, cx8, fxsr, mmx, sse, sse2, sse3, ssse3, sse4.1, sse4.2, popcnt, avx, avx2, aes, clmul, erms, 3dnowpref, lzcnt, ht, tsc, tscinvbit, bmi1, bmi2, adx

Memory: 4k page, physical 4124476k(488532k free), swap 6152288k(4124k free)

vm_info: OpenJDK 64-Bit Server VM (25.152-b01) for windows-amd64 JRE (1.8.0_152-release-915-b01), built by "builder" with MS VC++ 10.0 (VS2010)

time: Sun Oct 08 14:16:27 2017
elapsed time: 2 seconds (0d 0h 0m 2s)

