#
# There is insufficient memory for the Java Runtime Environment to continue.
# Native memory allocation (malloc) failed to allocate 1081616 bytes for Chunk::new
# Possible reasons:
#   The system is out of physical RAM or swap space
#   In 32 bit mode, the process size limit was hit
# Possible solutions:
#   Reduce memory load on the system
#   Increase physical memory or swap space
#   Check if swap backing store is full
#   Use 64 bit Java on a 64 bit OS
#   Decrease Java heap size (-Xmx/-Xms)
#   Decrease number of Java threads
#   Decrease Java thread stack sizes (-Xss)
#   Set larger code cache with -XX:ReservedCodeCacheSize=
# This output file may be truncated or incomplete.
#
#  Out of Memory Error (allocation.cpp:390), pid=7060, tid=0x0000000000000850
#
# JRE version: OpenJDK Runtime Environment (8.0_152-b01) (build 1.8.0_152-release-915-b01)
# Java VM: OpenJDK 64-Bit Server VM (25.152-b01 mixed mode windows-amd64 compressed oops)
# Failed to write core dump. Minidumps are not enabled by default on client versions of Windows
#

---------------  T H R E A D  ---------------

Current thread (0x00000000166c2800):  JavaThread "C2 CompilerThread1" daemon [_thread_in_native, id=2128, stack(0x0000000018160000,0x0000000018260000)]

Stack: [0x0000000018160000,0x0000000018260000]
[error occurred during error reporting (printing stack bounds), id 0xc0000005]

Native frames: (J=compiled Java code, j=interpreted, Vv=VM code, C=native code)


Current CompileTask:
C2:1024103 16142       4       org.gradle.api.internal.file.collections.DefaultFileCollectionResolveContext::doResolve (356 bytes)


---------------  P R O C E S S  ---------------

Java Threads: ( => current thread )
  0x000000001d3eb800 JavaThread "Task worker for ':' Thread 3" [_thread_blocked, id=188, stack(0x00000000309a0000,0x0000000030aa0000)]
  0x000000001d3ec800 JavaThread "Task worker for ':' Thread 2" [_thread_blocked, id=756, stack(0x00000000308a0000,0x00000000309a0000)]
  0x000000001d3f0000 JavaThread "Task worker for ':'" [_thread_blocked, id=6172, stack(0x00000000307a0000,0x00000000308a0000)]
  0x000000001b300000 JavaThread "Cache worker for task history cache (H:\Othlo\.gradle\4.1\taskHistory)" [_thread_blocked, id=2948, stack(0x00000000306a0000,0x00000000307a0000)]
  0x000000001b2ff800 JavaThread "Cache worker for file content cache (H:\Othlo\.gradle\4.1\fileContent)" [_thread_blocked, id=6732, stack(0x00000000305a0000,0x00000000306a0000)]
  0x000000001b2fe800 JavaThread "build operations Thread 4" [_thread_blocked, id=5744, stack(0x00000000304a0000,0x00000000305a0000)]
  0x000000001b2f6800 JavaThread "build operations Thread 3" [_thread_blocked, id=4476, stack(0x00000000303a0000,0x00000000304a0000)]
  0x000000001b2fa000 JavaThread "build operations Thread 2" [_thread_blocked, id=8636, stack(0x00000000302a0000,0x00000000303a0000)]
  0x000000001b2fc800 JavaThread "build operations" [_thread_blocked, id=6888, stack(0x00000000301a0000,0x00000000302a0000)]
  0x000000001b2fd000 JavaThread "Cache worker for Artifact transforms cache (C:\Users\takato\.gradle\caches\transforms-1)" [_thread_blocked, id=7788, stack(0x00000000300a0000,0x00000000301a0000)]
  0x000000001b2f2800 JavaThread "Cache worker for file hash cache (H:\Othlo\.gradle\4.1\fileHashes)" [_thread_blocked, id=7448, stack(0x000000002ffa0000,0x00000000300a0000)]
  0x000000001b2f9800 JavaThread "Stdin handler" [_thread_blocked, id=3916, stack(0x000000002fea0000,0x000000002ffa0000)]
  0x000000001b2f5800 JavaThread "Asynchronous log dispatcher for DefaultDaemonConnection: socket connection from /127.0.0.1:51842 to /127.0.0.1:52262" [_thread_in_native, id=1976, stack(0x000000002fda0000,0x000000002fea0000)]
  0x000000001b2f2000 JavaThread "Daemon worker Thread 5" [_thread_blocked, id=7912, stack(0x000000002fca0000,0x000000002fda0000)]
  0x000000001b2f5000 JavaThread "Cancel handler" [_thread_blocked, id=3628, stack(0x000000002fba0000,0x000000002fca0000)]
  0x000000001b2f7000 JavaThread "Handler for socket connection from /127.0.0.1:51842 to /127.0.0.1:52262" [_thread_in_native, id=4360, stack(0x000000002faa0000,0x000000002fba0000)]
  0x000000001b2f8800 JavaThread "Daemon Thread 5" [_thread_blocked, id=8368, stack(0x000000002f9a0000,0x000000002faa0000)]
  0x000000001b2f4000 JavaThread "RMI TCP Connection(2)-127.0.0.1" daemon [_thread_in_native, id=1628, stack(0x000000002f8a0000,0x000000002f9a0000)]
  0x000000001d3f1000 JavaThread "RMI Reaper" [_thread_blocked, id=6444, stack(0x000000002b2a0000,0x000000002b3a0000)]
  0x000000001d3e9800 JavaThread "RMI TCP Accept-0" daemon [_thread_in_native, id=8836, stack(0x000000002b1a0000,0x000000002b2a0000)]
  0x000000001d3ef800 JavaThread "GC Daemon" daemon [_thread_blocked, id=5636, stack(0x000000002b0a0000,0x000000002b1a0000)]
  0x000000001d3ee800 JavaThread "RMI Scheduler(0)" daemon [_thread_blocked, id=496, stack(0x000000002aea0000,0x000000002afa0000)]
  0x000000001b2f8000 JavaThread "Memory manager" [_thread_blocked, id=4800, stack(0x0000000021a10000,0x0000000021b10000)]
  0x0000000018a5a800 JavaThread "File lock request listener" [_thread_in_native, id=8884, stack(0x000000001afd0000,0x000000001b0d0000)]
  0x0000000017cc5800 JavaThread "Cache worker for file hash cache (C:\Users\takato\.gradle\caches\4.1\fileHashes)" [_thread_blocked, id=1232, stack(0x000000001aed0000,0x000000001afd0000)]
  0x0000000017bfe800 JavaThread "Daemon periodic checks" [_thread_blocked, id=6920, stack(0x000000001a3d0000,0x000000001a4d0000)]
  0x0000000017bf5000 JavaThread "Incoming local TCP Connector on port 51842" [_thread_in_native, id=4660, stack(0x0000000019f30000,0x000000001a030000)]
  0x0000000017ad1000 JavaThread "Service Thread" daemon [_thread_blocked, id=820, stack(0x0000000018360000,0x0000000018460000)]
  0x00000000166cd800 JavaThread "C1 CompilerThread2" daemon [_thread_blocked, id=3156, stack(0x0000000018260000,0x0000000018360000)]
=>0x00000000166c2800 JavaThread "C2 CompilerThread1" daemon [_thread_in_native, id=2128, stack(0x0000000018160000,0x0000000018260000)]
  0x0000000016682800 JavaThread "C2 CompilerThread0" daemon [_thread_blocked, id=8924, stack(0x0000000018060000,0x0000000018160000)]
  0x0000000017aa3000 JavaThread "Attach Listener" daemon [_thread_blocked, id=1108, stack(0x0000000017f60000,0x0000000018060000)]
  0x0000000017aa2800 JavaThread "Signal Dispatcher" daemon [_thread_blocked, id=6352, stack(0x0000000017e60000,0x0000000017f60000)]
  0x0000000002cf6800 JavaThread "Finalizer" daemon [_thread_blocked, id=7432, stack(0x00000000178d0000,0x00000000179d0000)]
  0x0000000002cf1000 JavaThread "Reference Handler" daemon [_thread_blocked, id=1060, stack(0x00000000177d0000,0x00000000178d0000)]
  0x000000000289d800 JavaThread "main" [_thread_blocked, id=1612, stack(0x0000000002720000,0x0000000002820000)]

Other Threads:
  0x0000000016636000 VMThread [stack: 0x00000000176d0000,0x00000000177d0000] [id=984]
  0x0000000017ad2000 WatcherThread [stack: 0x0000000018460000,0x0000000018560000] [id=9012]

VM state:not at safepoint (normal execution)

VM Mutex/Monitor currently owned by a thread: None

Heap:
 PSYoungGen      total 209920K, used 63665K [0x00000000e0000000, 0x00000000eec80000, 0x0000000100000000)
  eden space 195072K, 28% used [0x00000000e0000000,0x00000000e36a7fb8,0x00000000ebe80000)
  from space 14848K, 51% used [0x00000000ede00000,0x00000000ee5845d0,0x00000000eec80000)
  to   space 23552K, 0% used [0x00000000ebe80000,0x00000000ebe80000,0x00000000ed580000)
 ParOldGen       total 78336K, used 58277K [0x00000000a0000000, 0x00000000a4c80000, 0x00000000e0000000)
  object space 78336K, 74% used [0x00000000a0000000,0x00000000a38e97b8,0x00000000a4c80000)
 Metaspace       used 83673K, capacity 89216K, committed 89492K, reserved 1126400K
  class space    used 10929K, capacity 12145K, committed 12220K, reserved 1048576K

Card table byte_map: [0x00000000120c0000,0x00000000123d0000] byte_map_base: 0x0000000011bc0000

Marking Bits: (ParMarkBitMap*) 0x0000000052723950
 Begin Bits: [0x00000000129d0000, 0x00000000141d0000)
 End Bits:   [0x00000000141d0000, 0x00000000159d0000)

Polling page: 0x0000000000f80000

CodeCache: size=245760Kb used=45516Kb max_used=45519Kb free=200243Kb
 bounds [0x0000000002d00000, 0x00000000059c0000, 0x0000000011d00000]
 total_blobs=14254 nmethods=13376 adapters=790
 compilation: enabled

Compilation events (10 events):
Event: 1023.635 Thread 0x0000000016682800 16157       4       org.gradle.api.internal.file.collections.DefaultFileCollectionResolveContext::<init> (39 bytes)
Event: 1023.635 Thread 0x00000000166cd800 16158       3       org.gradle.api.internal.changedetection.changes.DefaultTaskArtifactStateRepository$TaskArtifactStateImpl::getExecutionHistory (2 bytes)
Event: 1023.636 Thread 0x00000000166cd800 nmethod 16158 0x00000000059adc90 code [0x00000000059adde0, 0x00000000059adf30]
Event: 1023.637 Thread 0x0000000016682800 nmethod 16157 0x000000000599fe10 code [0x000000000599ff60, 0x00000000059a0078]
Event: 1023.711 Thread 0x00000000166cd800 16159       3       com.android.build.gradle.internal.pipeline.TransformTask_Decorated::getOldSecondaryInputs (37 bytes)
Event: 1023.715 Thread 0x00000000166cd800 nmethod 16159 0x00000000059b1450 code [0x00000000059b1640, 0x00000000059b1fe8]
Event: 1023.715 Thread 0x00000000166cd800 16160       3       com.android.build.gradle.internal.pipeline.TransformTask::getOldSecondaryInputs (8 bytes)
Event: 1023.716 Thread 0x00000000166cd800 nmethod 16160 0x00000000059a1650 code [0x00000000059a17c0, 0x00000000059a1a50]
Event: 1023.716 Thread 0x00000000166cd800 16161       3       com.android.build.gradle.internal.pipeline.TransformTask_Decorated::getSecondaryFileInputs (37 bytes)
Event: 1023.716 Thread 0x00000000166cd800 nmethod 16161 0x00000000059b08d0 code [0x00000000059b0aa0, 0x00000000059b1168]

GC Heap History (10 events):
Event: 108.561 GC heap before
{Heap before GC invocations=21 (full 3):
 PSYoungGen      total 215040K, used 212209K [0x00000000e0000000, 0x00000000eea80000, 0x0000000100000000)
  eden space 197632K, 100% used [0x00000000e0000000,0x00000000ec100000,0x00000000ec100000)
  from space 17408K, 83% used [0x00000000ec100000,0x00000000ecf3c600,0x00000000ed200000)
  to   space 19456K, 0% used [0x00000000ed780000,0x00000000ed780000,0x00000000eea80000)
 ParOldGen       total 78336K, used 49174K [0x00000000a0000000, 0x00000000a4c80000, 0x00000000e0000000)
  object space 78336K, 62% used [0x00000000a0000000,0x00000000a3005a90,0x00000000a4c80000)
 Metaspace       used 72338K, capacity 75848K, committed 76180K, reserved 1116160K
  class space    used 9532K, capacity 10351K, committed 10428K, reserved 1048576K
Event: 108.589 GC heap after
Heap after GC invocations=21 (full 3):
 PSYoungGen      total 219648K, used 14028K [0x00000000e0000000, 0x00000000efb00000, 0x0000000100000000)
  eden space 200192K, 0% used [0x00000000e0000000,0x00000000e0000000,0x00000000ec380000)
  from space 19456K, 72% used [0x00000000ed780000,0x00000000ee5332e8,0x00000000eea80000)
  to   space 20480K, 0% used [0x00000000ec380000,0x00000000ec380000,0x00000000ed780000)
 ParOldGen       total 78336K, used 49182K [0x00000000a0000000, 0x00000000a4c80000, 0x00000000e0000000)
  object space 78336K, 62% used [0x00000000a0000000,0x00000000a3007a90,0x00000000a4c80000)
 Metaspace       used 72338K, capacity 75848K, committed 76180K, reserved 1116160K
  class space    used 9532K, capacity 10351K, committed 10428K, reserved 1048576K
}
Event: 345.435 GC heap before
{Heap before GC invocations=22 (full 3):
 PSYoungGen      total 219648K, used 214220K [0x00000000e0000000, 0x00000000efb00000, 0x0000000100000000)
  eden space 200192K, 100% used [0x00000000e0000000,0x00000000ec380000,0x00000000ec380000)
  from space 19456K, 72% used [0x00000000ed780000,0x00000000ee5332e8,0x00000000eea80000)
  to   space 20480K, 0% used [0x00000000ec380000,0x00000000ec380000,0x00000000ed780000)
 ParOldGen       total 78336K, used 49182K [0x00000000a0000000, 0x00000000a4c80000, 0x00000000e0000000)
  object space 78336K, 62% used [0x00000000a0000000,0x00000000a3007a90,0x00000000a4c80000)
 Metaspace       used 75614K, capacity 79666K, committed 79764K, reserved 1118208K
  class space    used 9991K, capacity 10910K, committed 10940K, reserved 1048576K
Event: 345.468 GC heap after
Heap after GC invocations=22 (full 3):
 PSYoungGen      total 220672K, used 15109K [0x00000000e0000000, 0x00000000efc80000, 0x0000000100000000)
  eden space 200192K, 0% used [0x00000000e0000000,0x00000000e0000000,0x00000000ec380000)
  from space 20480K, 73% used [0x00000000ec380000,0x00000000ed241658,0x00000000ed780000)
  to   space 21504K, 0% used [0x00000000ee780000,0x00000000ee780000,0x00000000efc80000)
 ParOldGen       total 78336K, used 49190K [0x00000000a0000000, 0x00000000a4c80000, 0x00000000e0000000)
  object space 78336K, 62% used [0x00000000a0000000,0x00000000a3009a90,0x00000000a4c80000)
 Metaspace       used 75614K, capacity 79666K, committed 79764K, reserved 1118208K
  class space    used 9991K, capacity 10910K, committed 10940K, reserved 1048576K
}
Event: 727.996 GC heap before
{Heap before GC invocations=23 (full 3):
 PSYoungGen      total 220672K, used 215301K [0x00000000e0000000, 0x00000000efc80000, 0x0000000100000000)
  eden space 200192K, 100% used [0x00000000e0000000,0x00000000ec380000,0x00000000ec380000)
  from space 20480K, 73% used [0x00000000ec380000,0x00000000ed241658,0x00000000ed780000)
  to   space 21504K, 0% used [0x00000000ee780000,0x00000000ee780000,0x00000000efc80000)
 ParOldGen       total 78336K, used 49190K [0x00000000a0000000, 0x00000000a4c80000, 0x00000000e0000000)
  object space 78336K, 62% used [0x00000000a0000000,0x00000000a3009a90,0x00000000a4c80000)
 Metaspace       used 81104K, capacity 85562K, committed 85652K, reserved 1124352K
  class space    used 10641K, capacity 11634K, committed 11708K, reserved 1048576K
Event: 728.092 GC heap after
Heap after GC invocations=23 (full 3):
 PSYoungGen      total 233472K, used 21503K [0x00000000e0000000, 0x00000000f0080000, 0x0000000100000000)
  eden space 211968K, 0% used [0x00000000e0000000,0x00000000e0000000,0x00000000ecf00000)
  from space 21504K, 99% used [0x00000000ee780000,0x00000000efc7fef0,0x00000000efc80000)
  to   space 25088K, 0% used [0x00000000ecf00000,0x00000000ecf00000,0x00000000ee780000)
 ParOldGen       total 78336K, used 50085K [0x00000000a0000000, 0x00000000a4c80000, 0x00000000e0000000)
  object space 78336K, 63% used [0x00000000a0000000,0x00000000a30e9720,0x00000000a4c80000)
 Metaspace       used 81104K, capacity 85562K, committed 85652K, reserved 1124352K
  class space    used 10641K, capacity 11634K, committed 11708K, reserved 1048576K
}
Event: 920.066 GC heap before
{Heap before GC invocations=24 (full 3):
 PSYoungGen      total 233472K, used 233471K [0x00000000e0000000, 0x00000000f0080000, 0x0000000100000000)
  eden space 211968K, 100% used [0x00000000e0000000,0x00000000ecf00000,0x00000000ecf00000)
  from space 21504K, 99% used [0x00000000ee780000,0x00000000efc7fef0,0x00000000efc80000)
  to   space 25088K, 0% used [0x00000000ecf00000,0x00000000ecf00000,0x00000000ee780000)
 ParOldGen       total 78336K, used 50085K [0x00000000a0000000, 0x00000000a4c80000, 0x00000000e0000000)
  object space 78336K, 63% used [0x00000000a0000000,0x00000000a30e9720,0x00000000a4c80000)
 Metaspace       used 82860K, capacity 87814K, committed 87956K, reserved 1126400K
  class space    used 10819K, capacity 11904K, committed 11964K, reserved 1048576K
Event: 920.197 GC heap after
Heap after GC invocations=24 (full 3):
 PSYoungGen      total 211456K, used 8055K [0x00000000e0000000, 0x00000000ef580000, 0x0000000100000000)
  eden space 203264K, 0% used [0x00000000e0000000,0x00000000e0000000,0x00000000ec680000)
  from space 8192K, 98% used [0x00000000ecf00000,0x00000000ed6dddb8,0x00000000ed700000)
  to   space 24064K, 0% used [0x00000000ede00000,0x00000000ede00000,0x00000000ef580000)
 ParOldGen       total 78336K, used 58269K [0x00000000a0000000, 0x00000000a4c80000, 0x00000000e0000000)
  object space 78336K, 74% used [0x00000000a0000000,0x00000000a38e77b8,0x00000000a4c80000)
 Metaspace       used 82860K, capacity 87814K, committed 87956K, reserved 1126400K
  class space    used 10819K, capacity 11904K, committed 11964K, reserved 1048576K
}
Event: 1022.388 GC heap before
{Heap before GC invocations=25 (full 3):
 PSYoungGen      total 211456K, used 211319K [0x00000000e0000000, 0x00000000ef580000, 0x0000000100000000)
  eden space 203264K, 100% used [0x00000000e0000000,0x00000000ec680000,0x00000000ec680000)
  from space 8192K, 98% used [0x00000000ecf00000,0x00000000ed6dddb8,0x00000000ed700000)
  to   space 24064K, 0% used [0x00000000ede00000,0x00000000ede00000,0x00000000ef580000)
 ParOldGen       total 78336K, used 58269K [0x00000000a0000000, 0x00000000a4c80000, 0x00000000e0000000)
  object space 78336K, 74% used [0x00000000a0000000,0x00000000a38e77b8,0x00000000a4c80000)
 Metaspace       used 83459K, capacity 88820K, committed 88852K, reserved 1126400K
  class space    used 10892K, capacity 12079K, committed 12092K, reserved 1048576K
Event: 1022.458 GC heap after
Heap after GC invocations=25 (full 3):
 PSYoungGen      total 209920K, used 7697K [0x00000000e0000000, 0x00000000eec80000, 0x0000000100000000)
  eden space 195072K, 0% used [0x00000000e0000000,0x00000000e0000000,0x00000000ebe80000)
  from space 14848K, 51% used [0x00000000ede00000,0x00000000ee5845d0,0x00000000eec80000)
  to   space 23552K, 0% used [0x00000000ebe80000,0x00000000ebe80000,0x00000000ed580000)
 ParOldGen       total 78336K, used 58277K [0x00000000a0000000, 0x00000000a4c80000, 0x00000000e0000000)
  object space 78336K, 74% used [0x00000000a0000000,0x00000000a38e97b8,0x00000000a4c80000)
 Metaspace       used 83459K, capacity 88820K, committed 88852K, reserved 1126400K
  class space    used 10892K, capacity 12079K, committed 12092K, reserved 1048576K
}

Deoptimization events (10 events):
Event: 756.514 Thread 0x000000001b2f2000 Uncommon trap: reason=class_check action=maybe_recompile pc=0x000000000406403c method=java.util.Collections$UnmodifiableMap$UnmodifiableEntrySet$UnmodifiableEntry.<init>(Ljava/util/Map$Entry;)V @ 9
Event: 756.514 Thread 0x000000001b2f2000 Uncommon trap: reason=class_check action=maybe_recompile pc=0x000000000406403c method=java.util.Collections$UnmodifiableMap$UnmodifiableEntrySet$UnmodifiableEntry.<init>(Ljava/util/Map$Entry;)V @ 9
Event: 921.506 Thread 0x000000001d3f2800 Uncommon trap: reason=array_check action=maybe_recompile pc=0x000000000579b818 method=java.util.TimSort.reverseRange([Ljava/lang/Object;II)V @ 20
Event: 921.551 Thread 0x000000001d3f2800 Uncommon trap: reason=array_check action=maybe_recompile pc=0x000000000579b818 method=java.util.TimSort.reverseRange([Ljava/lang/Object;II)V @ 20
Event: 921.665 Thread 0x000000001d3f2800 Uncommon trap: reason=array_check action=maybe_recompile pc=0x000000000579b818 method=java.util.TimSort.reverseRange([Ljava/lang/Object;II)V @ 20
Event: 921.690 Thread 0x000000001d3f2800 Uncommon trap: reason=array_check action=maybe_recompile pc=0x000000000579b818 method=java.util.TimSort.reverseRange([Ljava/lang/Object;II)V @ 20
Event: 922.710 Thread 0x000000001d3f8800 Uncommon trap: reason=array_check action=maybe_recompile pc=0x00000000057b9330 method=java.util.TimSort.reverseRange([Ljava/lang/Object;II)V @ 27
Event: 943.273 Thread 0x000000001b2fa000 Uncommon trap: reason=array_check action=maybe_recompile pc=0x00000000057b9330 method=java.util.TimSort.reverseRange([Ljava/lang/Object;II)V @ 27
Event: 1013.167 Thread 0x000000001b2f4000 Uncommon trap: reason=class_check action=maybe_recompile pc=0x0000000003e3ee48 method=java.lang.ThreadLocal.set(Ljava/lang/Object;)V @ 26
Event: 1023.254 Thread 0x000000001b2f6800 Uncommon trap: reason=unstable_if action=reinterpret pc=0x0000000003647014 method=java.util.concurrent.ConcurrentHashMap.addCount(JI)V @ 168

Classes redefined (0 events):
No events

Internal exceptions (10 events):
Event: 756.670 Thread 0x000000001b2f2000 Exception <a 'java/lang/ClassNotFoundException': sync_local_repo467_6n38lqkdyzme8q8vqig4wee6nCustomizer> (0x00000000e44dc758) thrown at [D:\src\AOSP-openjdk-cygwin\jdk8u\hotspot\src\share\vm\classfile\systemDictionary.cpp, line 210]
Event: 759.782 Thread 0x000000001b2f2000 Exception <a 'sun/nio/fs/WindowsException'> (0x00000000ea325cf8) thrown at [D:\src\AOSP-openjdk-cygwin\jdk8u\hotspot\src\share\vm\prims\jni.cpp, line 709]
Event: 919.585 Thread 0x000000001d3f2800 Exception <a 'java/lang/ClassNotFoundException': sync_local_repo1480_8rbf892rxuvp0sikrioxxq47uBeanInfo> (0x00000000ea9e8898) thrown at [D:\src\AOSP-openjdk-cygwin\jdk8u\hotspot\src\share\vm\classfile\systemDictionary.cpp, line 210]
Event: 919.586 Thread 0x000000001d3f2800 Exception <a 'java/lang/ClassNotFoundException': sync_local_repo1480_8rbf892rxuvp0sikrioxxq47uCustomizer> (0x00000000ea9f3128) thrown at [D:\src\AOSP-openjdk-cygwin\jdk8u\hotspot\src\share\vm\classfile\systemDictionary.cpp, line 210]
Event: 922.774 Thread 0x000000001d3f2800 Exception <a 'sun/nio/fs/WindowsException'> (0x00000000e39fb9f0) thrown at [D:\src\AOSP-openjdk-cygwin\jdk8u\hotspot\src\share\vm\prims\jni.cpp, line 709]
Event: 941.949 Thread 0x000000001d3f2800 Exception <a 'java/lang/ClassNotFoundException': sync_local_repo2232_d72cezhbfz7bstg7yvkzgp0zzBeanInfo> (0x00000000e3fad420) thrown at [D:\src\AOSP-openjdk-cygwin\jdk8u\hotspot\src\share\vm\classfile\systemDictionary.cpp, line 210]
Event: 941.950 Thread 0x000000001d3f2800 Exception <a 'java/lang/ClassNotFoundException': sync_local_repo2232_d72cezhbfz7bstg7yvkzgp0zzCustomizer> (0x00000000e3fb7cb0) thrown at [D:\src\AOSP-openjdk-cygwin\jdk8u\hotspot\src\share\vm\classfile\systemDictionary.cpp, line 210]
Event: 945.279 Thread 0x000000001d3f2800 Exception <a 'sun/nio/fs/WindowsException'> (0x00000000e9d51818) thrown at [D:\src\AOSP-openjdk-cygwin\jdk8u\hotspot\src\share\vm\prims\jni.cpp, line 709]
Event: 1022.109 Thread 0x000000001b2f2000 Exception <a 'java/lang/ClassNotFoundException': sync_local_repo2898_3ayjhxfon0l9ipujy39i7m94gBeanInfo> (0x00000000ea395370) thrown at [D:\src\AOSP-openjdk-cygwin\jdk8u\hotspot\src\share\vm\classfile\systemDictionary.cpp, line 210]
Event: 1022.109 Thread 0x000000001b2f2000 Exception <a 'java/lang/ClassNotFoundException': sync_local_repo2898_3ayjhxfon0l9ipujy39i7m94gCustomizer> (0x00000000ea39fc00) thrown at [D:\src\AOSP-openjdk-cygwin\jdk8u\hotspot\src\share\vm\classfile\systemDictionary.cpp, line 210]

Events (10 events):
Event: 1023.549 Executing VM operation: RevokeBias
Event: 1023.549 Executing VM operation: RevokeBias done
Event: 1023.629 Executing VM operation: RevokeBias
Event: 1023.629 Executing VM operation: RevokeBias done
Event: 1023.629 Executing VM operation: RevokeBias
Event: 1023.629 Executing VM operation: RevokeBias done
Event: 1023.629 Executing VM operation: RevokeBias
Event: 1023.629 Executing VM operation: RevokeBias done
Event: 1023.629 Executing VM operation: RevokeBias
Event: 1023.629 Executing VM operation: RevokeBias done


Dynamic libraries:
0x00007ff74d530000 - 0x00007ff74d561000 	H:\android-studio\jre\bin\java.exe
0x00007ffb6b4a0000 - 0x00007ffb6b672000 	C:\WINDOWS\SYSTEM32\ntdll.dll
0x00007ffb6a9f0000 - 0x00007ffb6aa9c000 	C:\WINDOWS\System32\KERNEL32.DLL
0x00007ffb67b70000 - 0x00007ffb67d8d000 	C:\WINDOWS\System32\KERNELBASE.dll
0x00007ffb68ee0000 - 0x00007ffb68f82000 	C:\WINDOWS\System32\ADVAPI32.dll
0x00007ffb68a90000 - 0x00007ffb68b2e000 	C:\WINDOWS\System32\msvcrt.dll
0x00007ffb6ae00000 - 0x00007ffb6ae59000 	C:\WINDOWS\System32\sechost.dll
0x00007ffb6acd0000 - 0x00007ffb6adf1000 	C:\WINDOWS\System32\RPCRT4.dll
0x00007ffb68b30000 - 0x00007ffb68c95000 	C:\WINDOWS\System32\USER32.dll
0x00007ffb68a10000 - 0x00007ffb68a2e000 	C:\WINDOWS\System32\win32u.dll
0x00007ffb6aec0000 - 0x00007ffb6aef4000 	C:\WINDOWS\System32\GDI32.dll
0x00007ffb68680000 - 0x00007ffb68800000 	C:\WINDOWS\System32\gdi32full.dll
0x00007ffb5d110000 - 0x00007ffb5d38a000 	C:\WINDOWS\WinSxS\amd64_microsoft.windows.common-controls_6595b64144ccf1df_6.0.14393.953_none_42151e83c686086b\COMCTL32.dll
0x00007ffb6b160000 - 0x00007ffb6b428000 	C:\WINDOWS\System32\combase.dll
0x00007ffb68910000 - 0x00007ffb68a05000 	C:\WINDOWS\System32\ucrtbase.dll
0x00007ffb67d90000 - 0x00007ffb67dfa000 	C:\WINDOWS\System32\bcryptPrimitives.dll
0x00007ffb6b130000 - 0x00007ffb6b15e000 	C:\WINDOWS\System32\IMM32.DLL
0x0000000051da0000 - 0x0000000051e72000 	H:\android-studio\jre\jre\bin\msvcr100.dll
0x0000000051f60000 - 0x000000005279e000 	H:\android-studio\jre\jre\bin\server\jvm.dll
0x00007ffb6a930000 - 0x00007ffb6a938000 	C:\WINDOWS\System32\PSAPI.DLL
0x00007ffb65e70000 - 0x00007ffb65e93000 	C:\WINDOWS\SYSTEM32\WINMM.dll
0x00007ffb5ff90000 - 0x00007ffb5ff9a000 	C:\WINDOWS\SYSTEM32\VERSION.dll
0x00007ffb65730000 - 0x00007ffb65739000 	C:\WINDOWS\SYSTEM32\WSOCK32.dll
0x0000000000f30000 - 0x0000000000f5b000 	C:\WINDOWS\SYSTEM32\WINMMBASE.dll
0x00007ffb6af00000 - 0x00007ffb6af6a000 	C:\WINDOWS\System32\WS2_32.dll
0x00007ffb67ea0000 - 0x00007ffb67ee2000 	C:\WINDOWS\System32\cfgmgr32.dll
0x00007ffb65720000 - 0x00007ffb6572f000 	H:\android-studio\jre\jre\bin\verify.dll
0x00007ffb623b0000 - 0x00007ffb623d9000 	H:\android-studio\jre\jre\bin\java.dll
0x00007ffb5a570000 - 0x00007ffb5a586000 	H:\android-studio\jre\jre\bin\zip.dll
0x00007ffb69420000 - 0x00007ffb6a928000 	C:\WINDOWS\System32\SHELL32.dll
0x00007ffb67ef0000 - 0x00007ffb685ca000 	C:\WINDOWS\System32\windows.storage.dll
0x00007ffb67910000 - 0x00007ffb6795c000 	C:\WINDOWS\System32\powrprof.dll
0x00007ffb6ae60000 - 0x00007ffb6aeb2000 	C:\WINDOWS\System32\shlwapi.dll
0x00007ffb67970000 - 0x00007ffb6797f000 	C:\WINDOWS\System32\kernel.appcore.dll
0x00007ffb68860000 - 0x00007ffb68909000 	C:\WINDOWS\System32\shcore.dll
0x00007ffb67980000 - 0x00007ffb67994000 	C:\WINDOWS\System32\profapi.dll
0x00007ffb56610000 - 0x00007ffb5662a000 	H:\android-studio\jre\jre\bin\net.dll
0x00007ffb671e0000 - 0x00007ffb6723c000 	C:\WINDOWS\system32\mswsock.dll
0x00007ffb565d0000 - 0x00007ffb565e1000 	H:\android-studio\jre\jre\bin\nio.dll
0x00007ffb41530000 - 0x00007ffb4154e000 	C:\Users\takato\.gradle\native\25\windows-amd64\native-platform.dll
0x00007ffb65710000 - 0x00007ffb6571d000 	H:\android-studio\jre\jre\bin\management.dll
0x00007ffb67380000 - 0x00007ffb67397000 	C:\WINDOWS\SYSTEM32\CRYPTSP.dll
0x00007ffb66de0000 - 0x00007ffb66e13000 	C:\WINDOWS\system32\rsaenh.dll
0x00007ffb67850000 - 0x00007ffb6787b000 	C:\WINDOWS\SYSTEM32\bcrypt.dll
0x00007ffb67060000 - 0x00007ffb6707f000 	C:\WINDOWS\SYSTEM32\USERENV.dll
0x00007ffb673a0000 - 0x00007ffb673ab000 	C:\WINDOWS\SYSTEM32\CRYPTBASE.dll
0x00007ffb66f60000 - 0x00007ffb66f98000 	C:\WINDOWS\SYSTEM32\IPHLPAPI.DLL
0x00007ffb6a9e0000 - 0x00007ffb6a9e8000 	C:\WINDOWS\System32\NSI.dll
0x00007ffb60ac0000 - 0x00007ffb60ad6000 	C:\WINDOWS\SYSTEM32\dhcpcsvc6.DLL
0x00007ffb60b70000 - 0x00007ffb60b8a000 	C:\WINDOWS\SYSTEM32\dhcpcsvc.DLL
0x00007ffb5c9d0000 - 0x00007ffb5c9ee000 	C:\Users\takato\AppData\Local\Temp\native-platform2214214111525736185dir\native-platform.dll

VM Arguments:
jvm_args: -Xmx1536m -Dfile.encoding=windows-31j -Duser.country=JP -Duser.language=ja -Duser.variant 
java_command: org.gradle.launcher.daemon.bootstrap.GradleDaemon 4.1
java_class_path (initial): C:\Users\takato\.gradle\wrapper\dists\gradle-4.1-all\bzyivzo6n839fup2jbap0tjew\gradle-4.1\lib\gradle-launcher-4.1.jar
Launcher Type: SUN_STANDARD

Environment Variables:
PATH=C:\Program Files (x86)\Intel\iCLS Client\;C:\Program Files\Intel\iCLS Client\;C:\WINDOWS\system32;C:\WINDOWS;C:\WINDOWS\System32\Wbem;C:\WINDOWS\System32\WindowsPowerShell\v1.0\;C:\Program Files (x86)\Intel\Intel(R) Management Engine Components\DAL;C:\Program Files\Intel\Intel(R) Management Engine Components\DAL;C:\Program Files (x86)\Intel\Intel(R) Management Engine Components\IPT;C:\Program Files\Intel\Intel(R) Management Engine Components\IPT;C:\Program Files (x86)\GtkSharp\2.12\bin;C:\Program Files\Microsoft SQL Server\130\Tools\Binn\;C:\Program Files\Microsoft\Web Platform Installer\;C:\Program Files (x86)\Windows Kits\8.1\Windows Performance Toolkit\;H:\git\Git\cmd;C:\Microsoft VS Code\bin;C:\Users\takato\AppData\Local\Microsoft\WindowsApps;C:\Users\takato\AppData\Local\atom\bin
USERNAME=takato
OS=Windows_NT
PROCESSOR_IDENTIFIER=Intel64 Family 6 Model 78 Stepping 3, GenuineIntel



---------------  S Y S T E M  ---------------

OS: Windows 10.0 , 64 bit Build 14393 (10.0.14393.1198)

CPU:total 4 (initial active 4) (2 cores per cpu, 2 threads per core) family 6 model 78 stepping 3, cmov, cx8, fxsr, mmx, sse, sse2, sse3, ssse3, sse4.1, sse4.2, popcnt, avx, avx2, aes, clmul, erms, 3dnowpref, lzcnt, ht, tsc, tscinvbit, bmi1, bmi2, adx

Memory: 4k page, physical 4124476k(644520k free), swap 6142744k(7828k free)

vm_info: OpenJDK 64-Bit Server VM (25.152-b01) for windows-amd64 JRE (1.8.0_152-release-915-b01), built by "builder" with MS VC++ 10.0 (VS2010)

time: Sun Oct 08 10:30:37 2017
elapsed time: 1023 seconds (0d 0h 17m 3s)

